Linux 6.8.0-51-generic (abhijeet-Vivobook) 	09/10/2025 	_x86_64_	(16 CPU)

11:52:04 PM   UID       PID    %usr %system  %guest   %wait    %CPU   CPU  Command
11:52:05 PM  1000      1497    0.00    0.98    0.00    0.00    0.98    12  pipewire
11:52:05 PM  1000      1501    0.00    0.98    0.00    0.00    0.98    12  pipewire-pulse
11:52:05 PM  1000      1908    0.98    0.00    0.00    0.00    0.98    12  cinnamon
11:52:05 PM  1000      2263    1.96    1.96    0.00    0.00    3.92    10  firefox-bin
11:52:05 PM  1000      2402    0.98    0.00    0.00    0.00    0.98    12  Privileged Cont
11:52:05 PM  1000      2570    0.98    0.00    0.00    0.00    0.98    14  Isolated Web Co
11:52:05 PM  1000      2963    2.94    0.00    0.00    0.00    2.94     8  Isolated Web Co
11:52:05 PM  1000      3003    0.98    0.00    0.00    0.00    0.98    14  Isolated Web Co
11:52:05 PM  1000      4536    0.98    0.00    0.00    0.00    0.98     7  Isolated Web Co
11:52:05 PM  1000      4626    0.98    0.00    0.00    0.00    0.98     9  Isolated Web Co
11:52:05 PM     0     48072    0.00    0.98    0.00    0.00    0.98     9  kworker/u32:3-gfx_low
11:52:05 PM  1000     49179    0.98    0.98    0.00    0.00    1.96    10  code
11:52:05 PM  1000     49237    1.96    0.98    0.00    0.00    2.94     8  code
11:52:05 PM  1000     49323    0.00    0.98    0.00    0.00    0.98    12  code
11:52:05 PM  1000     49758    0.98    0.00    0.00    0.00    0.98     4  Isolated Web Co
11:52:05 PM     0     53138    0.00    0.98    0.00    0.00    0.98    12  kworker/u32:2-events_unbound
11:52:05 PM  1000     56952    0.00    0.98    0.00    0.00    0.98     3  pidstat
11:52:05 PM  1000     56953  199.02    0.00    0.00    0.00  199.02     4  sysbench

11:52:04 PM   UID       PID  minflt/s  majflt/s     VSZ     RSS   %MEM  Command
11:52:05 PM  1000      1908      0.98      0.00 5279180  262240   1.66  cinnamon
11:52:05 PM  1000      2263      2.94      0.00 12395624  739264   4.69  firefox-bin
11:52:05 PM  1000      2470      0.98      0.00 2501044  133088   0.84  WebExtensions
11:52:05 PM  1000      2836      0.98      0.00 2492292  110280   0.70  Isolated Web Co
11:52:05 PM  1000      2839      9.80      0.00 2460080   78008   0.50  Isolated Servic
11:52:05 PM  1000      2963      0.98      0.00 11694688  764984   4.86  Isolated Web Co
11:52:05 PM  1000      3003      5.88      0.00 2799980  313036   1.99  Isolated Web Co
11:52:05 PM  1000      4536      1.96      0.00 2674512  196608   1.25  Isolated Web Co
11:52:05 PM  1000      4626      3.92      0.00 2539960  136592   0.87  Isolated Web Co
11:52:05 PM  1000      4650      0.98      0.00 2570420  149208   0.95  Isolated Web Co
11:52:05 PM  1000      4904      0.98      0.00 2501044  116196   0.74  Isolated Web Co
11:52:05 PM  1000      5014      2.94      0.00 2520504  129680   0.82  Isolated Web Co
11:52:05 PM  1000      5273      0.98      0.00 2529716  133364   0.85  Isolated Web Co
11:52:05 PM  1000      5469      0.98      0.00 2549176  142792   0.91  Isolated Web Co
11:52:05 PM  1000     49115     12.75      0.00 1461531824  191020   1.21  code
11:52:05 PM  1000     49179    519.61      0.00 34564788  178424   1.13  code
11:52:05 PM  1000     49237    166.67      0.00 1480184128  389076   2.47  code
11:52:05 PM  1000     49279    227.45      0.00 1461308524  116076   0.74  code
11:52:05 PM  1000     49295      0.98      0.00 1461300524  156304   0.99  code
11:52:05 PM  1000     49322     12.75      0.00 1461299592  113156   0.72  code
11:52:05 PM  1000     49323      1.96      0.00 1461316600  106736   0.68  code
11:52:05 PM  1000     49758      0.98      0.00 3262740  544376   3.46  Isolated Web Co
11:52:05 PM  1000     56952      2.94      0.00   17356    5504   0.03  pidstat
11:52:05 PM  1000     56953     56.86      0.00   33260   10112   0.06  sysbench

11:52:04 PM   UID       PID   cswch/s nvcswch/s  Command
11:52:05 PM     0        17     83.33      0.00  rcu_preempt
11:52:05 PM     0        18      1.96      0.00  migration/0
11:52:05 PM     0        23      1.96      0.00  migration/2
11:52:05 PM     0        24      1.96      0.00  ksoftirqd/2
11:52:05 PM     0        29      9.80      0.00  migration/4
11:52:05 PM     0        30      0.98      0.00  ksoftirqd/4
11:52:05 PM     0        35     12.75      0.00  migration/6
11:52:05 PM     0        36      1.96      0.00  ksoftirqd/6
11:52:05 PM     0        41      5.88      0.00  migration/8
11:52:05 PM     0        47      7.84      0.00  migration/10
11:52:05 PM     0        53      7.84      0.00  migration/12
11:52:05 PM     0        59      5.88      0.00  migration/14
11:52:05 PM     0        60      0.98      0.00  ksoftirqd/14
11:52:05 PM     0        65      1.96      0.00  migration/1
11:52:05 PM     0        71      0.98      0.00  migration/3
11:52:05 PM     0        77      0.98      0.00  migration/5
11:52:05 PM     0        83      0.98      0.00  migration/7
11:52:05 PM     0        89      0.98      0.00  migration/9
11:52:05 PM     0        95      0.98      0.00  migration/11
11:52:05 PM     0       101      2.94      0.00  migration/13
11:52:05 PM     0       107      2.94      0.00  migration/15
11:52:05 PM     0       119      1.96      0.00  kcompactd0
11:52:05 PM     0       150      0.98      0.00  kworker/7:1-mm_percpu_wq
11:52:05 PM     0       153      3.92      0.00  kworker/11:1-events
11:52:05 PM   110       774     15.69      0.00  avahi-daemon
11:52:05 PM     0       884     72.55      0.00  irq/84-rtw89_pci
11:52:05 PM     0       914     23.53      0.00  NetworkManager
11:52:05 PM     0      1242     66.67      0.98  Xorg
11:52:05 PM  1000      1501    188.24      2.94  pipewire-pulse
11:52:05 PM  1000      1752      0.98      0.00  csd-color
11:52:05 PM  1000      1908     23.53      1.96  cinnamon
11:52:05 PM  1000      2104      9.80      0.00  blueman-tray
11:52:05 PM  1000      2263     32.35      0.98  firefox-bin
11:52:05 PM  1000      2402     69.61      0.00  Privileged Cont
11:52:05 PM  1000      2470     10.78      0.00  WebExtensions
11:52:05 PM  1000      2570      2.94      0.00  Isolated Web Co
11:52:05 PM  1000      2836      2.94      0.00  Isolated Web Co
11:52:05 PM  1000      2839     31.37      0.00  Isolated Servic
11:52:05 PM  1000      2963    153.92      1.96  Isolated Web Co
11:52:05 PM  1000      3003      2.94      0.00  Isolated Web Co
11:52:05 PM  1000      4259      0.98      0.00  Isolated Web Co
11:52:05 PM  1000      4311      0.98      0.00  Isolated Web Co
11:52:05 PM  1000      4436      0.98      0.00  Isolated Web Co
11:52:05 PM  1000      4439      0.98      0.00  Isolated Web Co
11:52:05 PM  1000      4446      0.98      0.00  Isolated Web Co
11:52:05 PM  1000      4536      3.92      0.00  Isolated Web Co
11:52:05 PM  1000      4589      0.98      0.00  Isolated Web Co
11:52:05 PM  1000      4605      0.98      0.00  Isolated Web Co
11:52:05 PM  1000      4626      3.92      0.00  Isolated Web Co
11:52:05 PM  1000      4637      1.96      0.00  Isolated Web Co
11:52:05 PM  1000      4650      0.98      0.00  Isolated Web Co
11:52:05 PM  1000      4764      1.96      0.00  Isolated Web Co
11:52:05 PM  1000      4803      0.98      0.00  Isolated Web Co
11:52:05 PM  1000      4809      0.98      0.00  Isolated Web Co
11:52:05 PM  1000      4869      0.98      0.00  Isolated Web Co
11:52:05 PM  1000      4904      0.98      0.98  Isolated Web Co
11:52:05 PM  1000      4907      0.98      0.00  Isolated Web Co
11:52:05 PM  1000      4914      0.98      0.00  Isolated Web Co
11:52:05 PM  1000      5011      0.98      0.00  Isolated Web Co
11:52:05 PM  1000      5014      0.98      0.00  Isolated Web Co
11:52:05 PM  1000      5113      0.98      0.00  Isolated Web Co
11:52:05 PM  1000      5165      0.98      0.00  Isolated Web Co
11:52:05 PM  1000      5180      0.98      0.00  Isolated Web Co
11:52:05 PM  1000      5220      0.98      0.00  Isolated Web Co
11:52:05 PM  1000      5273      3.92      0.98  Isolated Web Co
11:52:05 PM  1000      5469      1.96      0.00  Isolated Web Co
11:52:05 PM  1000      5546      0.98      0.00  Isolated Web Co
11:52:05 PM  1000      5549      0.98      0.00  Isolated Web Co
11:52:05 PM  1000      5646      0.98      0.00  Isolated Web Co
11:52:05 PM  1000      5704      0.98      0.00  Isolated Web Co
11:52:05 PM     0     22875      3.92      0.00  kworker/5:1-events
11:52:05 PM     0     27141      0.98      0.00  kworker/12:0-mm_percpu_wq
11:52:05 PM     0     30134      0.98      0.00  kworker/6:0-mm_percpu_wq
11:52:05 PM  1000     32073      3.92      0.00  Isolated Web Co
11:52:05 PM  1000     32126      0.98      0.00  Isolated Web Co
11:52:05 PM  1000     32169      3.92      0.00  Isolated Web Co
11:52:05 PM  1000     35005      1.96      0.00  chrome
11:52:05 PM  1000     35280      0.98      0.00  chrome
11:52:05 PM     0     39852      3.92      0.00  kworker/3:1-events
11:52:05 PM     0     43987      0.98      0.00  kworker/13:0-mm_percpu_wq
11:52:05 PM     0     44016      1.96      0.00  kworker/9:4-mm_percpu_wq
11:52:05 PM     0     44114      0.98      0.00  kworker/14:3-mm_percpu_wq
11:52:05 PM     0     45130      2.94      0.00  kworker/2:5-mm_percpu_wq
11:52:05 PM     0     45146      1.96      0.00  kworker/8:2-events
11:52:05 PM     0     45732      0.98      0.00  kworker/10:0-mm_percpu_wq
11:52:05 PM     0     46066      1.96      0.00  kworker/15:0-events
11:52:05 PM     0     48072     41.18      0.00  kworker/u32:3-gfx_low
11:52:05 PM     0     48837      1.96      0.00  kworker/1:1-events
11:52:05 PM     0     48949      2.94      0.00  kworker/0:2-events
11:52:05 PM     0     49030      1.96      0.00  kworker/4:3-events
11:52:05 PM  1000     49115     22.55      0.00  code
11:52:05 PM  1000     49179     46.08      1.96  code
11:52:05 PM  1000     49237     50.98      0.00  code
11:52:05 PM  1000     49279     19.61      1.96  code
11:52:05 PM  1000     49295      3.92      0.00  code
11:52:05 PM  1000     49322      0.98      0.00  code
11:52:05 PM  1000     49323      9.80      0.00  code
11:52:05 PM  1000     49375      0.98      0.00  code
11:52:05 PM  1000     49758      6.86      0.98  Isolated Web Co
11:52:05 PM     0     53138     94.12      0.98  kworker/u32:2-events_unbound
11:52:05 PM     0     55897      2.94      0.00  kworker/u33:0-rtw89_tx_wq
11:52:05 PM  1000     56950      0.98      0.00  mpstat
11:52:05 PM  1000     56951      0.98      0.00  vmstat
11:52:05 PM  1000     56952      0.98      0.98  pidstat

11:52:05 PM   UID       PID    %usr %system  %guest   %wait    %CPU   CPU  Command
11:52:06 PM     0      1242    0.00    1.00    0.00    0.00    1.00    13  Xorg
11:52:06 PM  1000      1501    1.00    0.00    0.00    0.00    1.00    15  pipewire-pulse
11:52:06 PM  1000      2263    3.00    1.00    0.00    0.00    4.00     4  firefox-bin
11:52:06 PM  1000      2402    1.00    2.00    0.00    0.00    3.00     6  Privileged Cont
11:52:06 PM  1000      2470    1.00    0.00    0.00    0.00    1.00     0  WebExtensions
11:52:06 PM  1000      2570    1.00    1.00    0.00    0.00    2.00    14  Isolated Web Co
11:52:06 PM  1000      2963    2.00    1.00    0.00    0.00    3.00     6  Isolated Web Co
11:52:06 PM  1000     49237    1.00    0.00    0.00    0.00    1.00     8  code
11:52:06 PM  1000     49279    0.00    1.00    0.00    0.00    1.00     4  code
11:52:06 PM  1000     49323    1.00    0.00    0.00    0.00    1.00    12  code
11:52:06 PM  1000     49758    1.00    0.00    0.00    0.00    1.00     8  Isolated Web Co
11:52:06 PM  1000     56952    1.00    2.00    0.00    0.00    3.00    12  pidstat
11:52:06 PM  1000     56953  200.00    0.00    0.00    0.00  200.00     4  sysbench

11:52:05 PM   UID       PID  minflt/s  majflt/s     VSZ     RSS   %MEM  Command
11:52:06 PM  1000      2263      1.00      0.00 12395624  739264   4.69  firefox-bin
11:52:06 PM  1000      2402    139.00      0.00 2723500  245232   1.56  Privileged Cont
11:52:06 PM  1000      2470      1.00      0.00 2501044  133088   0.84  WebExtensions
11:52:06 PM  1000      2570   1574.00      0.00 7944352  996184   6.32  Isolated Web Co
11:52:06 PM  1000      4637      4.00      0.00 2547604  138452   0.88  Isolated Web Co
11:52:06 PM  1000      5113      1.00      0.00 2581424  154276   0.98  Isolated Web Co
11:52:06 PM  1000     35067      4.00      0.00 34291624   59576   0.38  chrome
11:52:06 PM  1000     35618      1.00      0.00 34035280   85624   0.54  chrome
11:52:06 PM  1000     49179      4.00      0.00 34562612  178424   1.13  code
11:52:06 PM  1000     49237     29.00      0.00 1480181952  389204   2.47  code
11:52:06 PM  1000     49279    133.00      0.00 1461308524  116076   0.74  code
11:52:06 PM  1000     49322     73.00      0.00 1461299592  113412   0.72  code
11:52:06 PM  1000     56952      5.00      0.00   17496    5632   0.04  pidstat
11:52:06 PM  1000     56960    118.00      0.00    2800    1536   0.01  sh
11:52:06 PM  1000     56961    337.00      0.00   15524    3584   0.02  cpuUsage.sh
11:52:06 PM  1000     56968     98.00      0.00   13872    1792   0.01  sleep

11:52:05 PM   UID       PID   cswch/s nvcswch/s  Command
11:52:06 PM     0        17     85.00      0.00  rcu_preempt
11:52:06 PM     0        29     51.00      0.00  migration/4
11:52:06 PM     0        35     15.00      0.00  migration/6
11:52:06 PM     0        36      1.00      0.00  ksoftirqd/6
11:52:06 PM     0        41      6.00      0.00  migration/8
11:52:06 PM     0        42      1.00      0.00  ksoftirqd/8
11:52:06 PM     0        47      7.00      0.00  migration/10
11:52:06 PM     0        53      2.00      0.00  migration/12
11:52:06 PM     0        83      1.00      0.00  migration/7
11:52:06 PM     0        89      2.00      0.00  migration/9
11:52:06 PM     0        95      2.00      0.00  migration/11
11:52:06 PM     0       101      1.00      0.00  migration/13
11:52:06 PM     0       119      2.00      0.00  kcompactd0
11:52:06 PM     0       150      1.00      0.00  kworker/7:1-mm_percpu_wq
11:52:06 PM     0       153      5.00      0.00  kworker/11:1-mld
11:52:06 PM   110       774      3.00      0.00  avahi-daemon
11:52:06 PM     0       884     66.00      0.00  irq/84-rtw89_pci
11:52:06 PM     0       914     17.00      2.00  NetworkManager
11:52:06 PM     0      1242     21.00      3.00  Xorg
11:52:06 PM  1000      1501    190.00     49.00  pipewire-pulse
11:52:06 PM  1000      2104     10.00      0.00  blueman-tray
11:52:06 PM  1000      2263     34.00      3.00  firefox-bin
11:52:06 PM  1000      2352      1.00      0.00  Socket Process
11:52:06 PM  1000      2402     72.00      0.00  Privileged Cont
11:52:06 PM  1000      2470      8.00      0.00  WebExtensions
11:52:06 PM  1000      2570      7.00      0.00  Isolated Web Co
11:52:06 PM  1000      2836      1.00      0.00  Isolated Web Co
11:52:06 PM  1000      2963    153.00      5.00  Isolated Web Co
11:52:06 PM  1000      3003      7.00      0.00  Isolated Web Co
11:52:06 PM  1000      4259      1.00      0.00  Isolated Web Co
11:52:06 PM  1000      4311      1.00      0.00  Isolated Web Co
11:52:06 PM  1000      4436      1.00      0.00  Isolated Web Co
11:52:06 PM  1000      4439      1.00      0.00  Isolated Web Co
11:52:06 PM  1000      4446      1.00      0.00  Isolated Web Co
11:52:06 PM  1000      4536      1.00      0.00  Isolated Web Co
11:52:06 PM  1000      4589      1.00      0.00  Isolated Web Co
11:52:06 PM  1000      4605      1.00      0.00  Isolated Web Co
11:52:06 PM  1000      4626      1.00      0.00  Isolated Web Co
11:52:06 PM  1000      4637      1.00      0.00  Isolated Web Co
11:52:06 PM  1000      4650      1.00      0.00  Isolated Web Co
11:52:06 PM  1000      4764      1.00      0.00  Isolated Web Co
11:52:06 PM  1000      4803      1.00      0.00  Isolated Web Co
11:52:06 PM  1000      4809      1.00      0.00  Isolated Web Co
11:52:06 PM  1000      4869      1.00      0.00  Isolated Web Co
11:52:06 PM  1000      4904      1.00      0.00  Isolated Web Co
11:52:06 PM  1000      4907      1.00      0.00  Isolated Web Co
11:52:06 PM  1000      4914      1.00      0.00  Isolated Web Co
11:52:06 PM  1000      5011      1.00      0.00  Isolated Web Co
11:52:06 PM  1000      5014      1.00      0.00  Isolated Web Co
11:52:06 PM  1000      5113      2.00      0.00  Isolated Web Co
11:52:06 PM  1000      5165      1.00      0.00  Isolated Web Co
11:52:06 PM  1000      5180      1.00      0.00  Isolated Web Co
11:52:06 PM  1000      5220      1.00      0.00  Isolated Web Co
11:52:06 PM  1000      5273      1.00      0.00  Isolated Web Co
11:52:06 PM  1000      5469      2.00      0.00  Isolated Web Co
11:52:06 PM  1000      5546      1.00      0.00  Isolated Web Co
11:52:06 PM  1000      5549      1.00      0.00  Isolated Web Co
11:52:06 PM  1000      5646      1.00      0.00  Isolated Web Co
11:52:06 PM  1000      5704      1.00      0.00  Isolated Web Co
11:52:06 PM     0     22875      2.00      0.00  kworker/5:1-mm_percpu_wq
11:52:06 PM     0     27141      1.00      0.00  kworker/12:0-mm_percpu_wq
11:52:06 PM     0     30134      3.00      0.00  kworker/6:0-mm_percpu_wq
11:52:06 PM  1000     32073      1.00      0.00  Isolated Web Co
11:52:06 PM  1000     32126      1.00      0.00  Isolated Web Co
11:52:06 PM  1000     32169      1.00      0.00  Isolated Web Co
11:52:06 PM  1000     35005      2.00      0.00  chrome
11:52:06 PM  1000     35067      1.00      0.00  chrome
11:52:06 PM  1000     35280      1.00      0.00  chrome
11:52:06 PM  1000     35618      1.00      0.00  chrome
11:52:06 PM  1000     35925      1.00      0.00  chrome
11:52:06 PM     0     39852      3.00      0.00  kworker/3:1-events_freezable
11:52:06 PM     0     43987      1.00      0.00  kworker/13:0-mm_percpu_wq
11:52:06 PM     0     44016      1.00      0.00  kworker/9:4-mm_percpu_wq
11:52:06 PM     0     44114      1.00      0.00  kworker/14:3-mm_percpu_wq
11:52:06 PM     0     45130      4.00      0.00  kworker/2:5-events
11:52:06 PM     0     45146      3.00      0.00  kworker/8:2-events
11:52:06 PM     0     45732      3.00      0.00  kworker/10:0-mm_percpu_wq
11:52:06 PM     0     46066      1.00      0.00  kworker/15:0-mm_percpu_wq
11:52:06 PM     0     48837      4.00      0.00  kworker/1:1-events
11:52:06 PM     0     48949      2.00      0.00  kworker/0:2-events
11:52:06 PM     0     49030      2.00      0.00  kworker/4:3-mm_percpu_wq
11:52:06 PM  1000     49179      3.00      0.00  code
11:52:06 PM  1000     49237     12.00      1.00  code
11:52:06 PM  1000     49279     15.00      0.00  code
11:52:06 PM  1000     49295      2.00      0.00  code
11:52:06 PM  1000     49322      2.00      0.00  code
11:52:06 PM  1000     49323     11.00      0.00  code
11:52:06 PM  1000     49375      1.00      0.00  code
11:52:06 PM  1000     49758     10.00      2.00  Isolated Web Co
11:52:06 PM     0     53138     52.00      1.00  kworker/u32:2-events_unbound
11:52:06 PM  1000     56950      1.00      0.00  mpstat
11:52:06 PM  1000     56951      1.00      0.00  vmstat
11:52:06 PM  1000     56952      1.00      4.00  pidstat
11:52:06 PM  1000     56960      2.00      0.00  sh
11:52:06 PM  1000     56961     14.00      1.00  cpuUsage.sh
11:52:06 PM  1000     56968      1.00      2.00  sleep

11:52:06 PM   UID       PID    %usr %system  %guest   %wait    %CPU   CPU  Command
11:52:07 PM     0       884    0.00    1.00    0.00    0.00    1.00    11  irq/84-rtw89_pci
11:52:07 PM  1000      1501    0.00    1.00    0.00    0.00    1.00     4  pipewire-pulse
11:52:07 PM  1000      2263    2.00    2.00    0.00    0.00    4.00     4  firefox-bin
11:52:07 PM  1000      2882    2.00    2.00    0.00    0.00    4.00    12  mintreport-tray
11:52:07 PM  1000      2963    3.00    0.00    0.00    0.00    3.00    12  Isolated Web Co
11:52:07 PM  1000      5113    1.00    0.00    0.00    0.00    1.00    12  Isolated Web Co
11:52:07 PM  1000     49322    0.00    1.00    0.00    0.00    1.00     2  code
11:52:07 PM  1000     49758    1.00    0.00    0.00    0.00    1.00    14  Isolated Web Co
11:52:07 PM     0     53138    0.00    1.00    0.00    0.00    1.00    12  kworker/u32:2-events_unbound
11:52:07 PM  1000     56952    0.00    1.00    0.00    0.00    1.00    12  pidstat
11:52:07 PM  1000     56953  200.00    0.00    0.00    0.00  200.00     4  sysbench

11:52:06 PM   UID       PID  minflt/s  majflt/s     VSZ     RSS   %MEM  Command
11:52:07 PM  1000      2402     60.00      0.00 2723500  245232   1.56  Privileged Cont
11:52:07 PM  1000      2470      2.00      0.00 2501044  133216   0.85  WebExtensions
11:52:07 PM  1000      2570     22.00      0.00 7944352  996184   6.32  Isolated Web Co
11:52:07 PM  1000      2839      1.00      0.00 2460080   78008   0.50  Isolated Servic
11:52:07 PM  1000      3003      2.00      0.00 2799980  313036   1.99  Isolated Web Co
11:52:07 PM  1000      4259      3.00      0.00 2779296  197352   1.25  Isolated Web Co
11:52:07 PM  1000      4436      0.00      0.00 2485148  110424   0.70  Isolated Web Co
11:52:07 PM  1000      4626      1.00      0.00 2539960  136592   0.87  Isolated Web Co
11:52:07 PM  1000      4764      7.00      0.00 2569004  146048   0.93  Isolated Web Co
11:52:07 PM  1000      4809      1.00      0.00 2510608  123392   0.78  Isolated Web Co
11:52:07 PM  1000      5113      2.00      0.00 2581424  154276   0.98  Isolated Web Co
11:52:07 PM  1000      5546     25.00      0.00 2481332  107540   0.68  Isolated Web Co
11:52:07 PM  1000      5549     54.00      0.00 2489808  122708   0.78  Isolated Web Co
11:52:07 PM  1000     32341      0.00      0.00 2471616  105804   0.67  Isolated Web Co
11:52:07 PM  1000     35050     91.00      0.00 34734236  274152   1.74  chrome
11:52:07 PM  1000     35051     13.00      0.00 34064912  131184   0.83  chrome
11:52:07 PM  1000     49183      7.00      0.00 33880256   74264   0.47  code
11:52:07 PM  1000     49237     46.00      0.00 1480181952  388924   2.47  code
11:52:07 PM  1000     49279     26.00      0.00 1461308524  116076   0.74  code
11:52:07 PM  1000     49295      1.00      0.00 1461300524  156304   0.99  code
11:52:07 PM  1000     49322      4.00      0.00 1461299592  113020   0.72  code
11:52:07 PM  1000     49323      1.00      0.00 1461316600  106736   0.68  code
11:52:07 PM  1000     56952      2.00      0.00   17496    5632   0.04  pidstat

11:52:06 PM   UID       PID   cswch/s nvcswch/s  Command
11:52:07 PM     0        17     92.00      0.00  rcu_preempt
11:52:07 PM     0        18      1.00      0.00  migration/0
11:52:07 PM     0        23      2.00      0.00  migration/2
11:52:07 PM     0        29     83.00      0.00  migration/4
11:52:07 PM     0        35     14.00      0.00  migration/6
11:52:07 PM     0        36      1.00      0.00  ksoftirqd/6
11:52:07 PM     0        41     15.00      0.00  migration/8
11:52:07 PM     0        42      2.00      0.00  ksoftirqd/8
11:52:07 PM     0        47      9.00      0.00  migration/10
11:52:07 PM     0        48      1.00      0.00  ksoftirqd/10
11:52:07 PM     0        53      4.00      0.00  migration/12
11:52:07 PM     0        59     11.00      0.00  migration/14
11:52:07 PM     0        66      1.00      0.00  ksoftirqd/1
11:52:07 PM     0        77      5.00      0.00  migration/5
11:52:07 PM     0        83      4.00      0.00  migration/7
11:52:07 PM     0        84      1.00      0.00  ksoftirqd/7
11:52:07 PM     0        89      1.00      0.00  migration/9
11:52:07 PM     0       107      1.00      0.00  migration/15
11:52:07 PM     0       119      2.00      0.00  kcompactd0
11:52:07 PM     0       150      3.00      0.00  kworker/7:1-mm_percpu_wq
11:52:07 PM     0       153      1.00      0.00  kworker/11:1-mm_percpu_wq
11:52:07 PM   110       774      7.00      1.00  avahi-daemon
11:52:07 PM     0       884     98.00      0.00  irq/84-rtw89_pci
11:52:07 PM     0       914     25.00      0.00  NetworkManager
11:52:07 PM     0      1242     21.00      5.00  Xorg
11:52:07 PM  1000      1501    190.00     79.00  pipewire-pulse
11:52:07 PM  1000      2104     10.00      0.00  blueman-tray
11:52:07 PM  1000      2263     45.00      3.00  firefox-bin
11:52:07 PM  1000      2352      1.00      0.00  Socket Process
11:52:07 PM  1000      2402     72.00      0.00  Privileged Cont
11:52:07 PM  1000      2470      8.00      1.00  WebExtensions
11:52:07 PM  1000      2570      5.00      2.00  Isolated Web Co
11:52:07 PM  1000      2836      5.00      0.00  Isolated Web Co
11:52:07 PM  1000      2839      1.00      0.00  Isolated Servic
11:52:07 PM  1000      2882      1.00      1.00  mintreport-tray
11:52:07 PM  1000      2963    152.00     10.00  Isolated Web Co
11:52:07 PM  1000      3003      3.00      0.00  Isolated Web Co
11:52:07 PM  1000      4259      4.00      0.00  Isolated Web Co
11:52:07 PM  1000      4311      1.00      2.00  Isolated Web Co
11:52:07 PM  1000      4436      4.00      0.00  Isolated Web Co
11:52:07 PM  1000      4439      1.00      0.00  Isolated Web Co
11:52:07 PM  1000      4446      1.00      1.00  Isolated Web Co
11:52:07 PM  1000      4536      2.00      0.00  Isolated Web Co
11:52:07 PM  1000      4589      2.00      0.00  Isolated Web Co
11:52:07 PM  1000      4605      1.00      0.00  Isolated Web Co
11:52:07 PM  1000      4626      1.00      0.00  Isolated Web Co
11:52:07 PM  1000      4637      1.00      0.00  Isolated Web Co
11:52:07 PM  1000      4650      1.00      0.00  Isolated Web Co
11:52:07 PM  1000      4764      4.00      0.00  Isolated Web Co
11:52:07 PM  1000      4803      1.00      0.00  Isolated Web Co
11:52:07 PM  1000      4809      1.00      0.00  Isolated Web Co
11:52:07 PM  1000      4869      1.00      0.00  Isolated Web Co
11:52:07 PM  1000      4904      1.00      0.00  Isolated Web Co
11:52:07 PM  1000      4907      1.00      0.00  Isolated Web Co
11:52:07 PM  1000      4914      1.00      0.00  Isolated Web Co
11:52:07 PM  1000      5011      1.00      0.00  Isolated Web Co
11:52:07 PM  1000      5014      1.00      0.00  Isolated Web Co
11:52:07 PM  1000      5113      4.00      0.00  Isolated Web Co
11:52:07 PM  1000      5165      1.00      0.00  Isolated Web Co
11:52:07 PM  1000      5180      1.00      2.00  Isolated Web Co
11:52:07 PM  1000      5220      1.00      0.00  Isolated Web Co
11:52:07 PM  1000      5273      2.00      0.00  Isolated Web Co
11:52:07 PM  1000      5469      2.00      2.00  Isolated Web Co
11:52:07 PM  1000      5546      4.00      0.00  Isolated Web Co
11:52:07 PM  1000      5549      4.00      1.00  Isolated Web Co
11:52:07 PM  1000      5646      1.00      0.00  Isolated Web Co
11:52:07 PM  1000      5704      2.00      2.00  Isolated Web Co
11:52:07 PM     0     22875      4.00      0.00  kworker/5:1-events
11:52:07 PM     0     27141      1.00      0.00  kworker/12:0-mm_percpu_wq
11:52:07 PM     0     30134      2.00      0.00  kworker/6:0-mm_percpu_wq
11:52:07 PM  1000     32073      1.00      0.00  Isolated Web Co
11:52:07 PM  1000     32126      1.00      0.00  Isolated Web Co
11:52:07 PM  1000     32169      1.00      0.00  Isolated Web Co
11:52:07 PM  1000     32341      3.00      0.00  Isolated Web Co
11:52:07 PM  1000     35005      2.00      0.00  chrome
11:52:07 PM  1000     35050      2.00      0.00  chrome
11:52:07 PM  1000     35051      1.00      0.00  chrome
11:52:07 PM  1000     35280      1.00      0.00  chrome
11:52:07 PM     0     39852      1.00      0.00  kworker/3:1-events_freezable
11:52:07 PM     0     43987      1.00      0.00  kworker/13:0-mm_percpu_wq
11:52:07 PM     0     44016      1.00      0.00  kworker/9:4-mm_percpu_wq
11:52:07 PM     0     44114      1.00      0.00  kworker/14:3-mm_percpu_wq
11:52:07 PM     0     45130      1.00      0.00  kworker/2:5-mm_percpu_wq
11:52:07 PM     0     45146      6.00      0.00  kworker/8:2-events
11:52:07 PM     0     45732      3.00      0.00  kworker/10:0-mm_percpu_wq
11:52:07 PM     0     46066      1.00      0.00  kworker/15:0-mm_percpu_wq
11:52:07 PM     0     48072      4.00      1.00  kworker/u32:3-gfx_low
11:52:07 PM     0     48837      3.00      0.00  kworker/1:1-events
11:52:07 PM     0     48949      1.00      0.00  kworker/0:2-mm_percpu_wq
11:52:07 PM     0     49030      1.00      0.00  kworker/4:3-mm_percpu_wq
11:52:07 PM  1000     49115      3.00      0.00  code
11:52:07 PM  1000     49179      1.00      0.00  code
11:52:07 PM  1000     49237     12.00      1.00  code
11:52:07 PM  1000     49279     22.00      2.00  code
11:52:07 PM  1000     49295      3.00      0.00  code
11:52:07 PM  1000     49322      4.00      0.00  code
11:52:07 PM  1000     49323      9.00      0.00  code
11:52:07 PM  1000     49758     13.00      3.00  Isolated Web Co
11:52:07 PM     0     53138     47.00      1.00  kworker/u32:2-events_unbound
11:52:07 PM     0     55897      5.00      0.00  kworker/u33:0-rtw89_tx_wq
11:52:07 PM  1000     56950      1.00      0.00  mpstat
11:52:07 PM  1000     56951      1.00      0.00  vmstat
11:52:07 PM  1000     56952      1.00      3.00  pidstat

11:52:07 PM   UID       PID    %usr %system  %guest   %wait    %CPU   CPU  Command
11:52:08 PM  1000      1497    0.00    1.00    0.00    0.00    1.00    12  pipewire
11:52:08 PM  1000      2263    2.00    1.00    0.00    0.00    3.00    15  firefox-bin
11:52:08 PM  1000      2963    6.00    1.00    0.00    0.00    7.00     4  Isolated Web Co
11:52:08 PM  1000      4446    1.00    1.00    0.00    0.00    2.00    13  Isolated Web Co
11:52:08 PM  1000      4589    1.00    0.00    0.00    0.00    1.00     6  Isolated Web Co
11:52:08 PM  1000     49115    1.00    0.00    0.00    0.00    1.00    10  code
11:52:08 PM  1000     49237    1.00    0.00    0.00    0.00    1.00    12  code
11:52:08 PM  1000     49322    1.00    0.00    0.00    0.00    1.00     4  code
11:52:08 PM  1000     49758    1.00    0.00    0.00    0.00    1.00    14  Isolated Web Co
11:52:08 PM  1000     56952    0.00    2.00    0.00    0.00    2.00    12  pidstat
11:52:08 PM  1000     56953  200.00    0.00    0.00    0.00  200.00     4  sysbench

11:52:07 PM   UID       PID  minflt/s  majflt/s     VSZ     RSS   %MEM  Command
11:52:08 PM  1000      2402      3.00      0.00 2723500  245232   1.56  Privileged Cont
11:52:08 PM  1000      2470      4.00      0.00 2501044  133216   0.85  WebExtensions
11:52:08 PM  1000      2836     37.00      0.00 2492292  110120   0.70  Isolated Web Co
11:52:08 PM  1000      2963    825.00      0.00 11694688  764640   4.85  Isolated Web Co
11:52:08 PM  1000      3003     69.00      0.00 2799980  313292   1.99  Isolated Web Co
11:52:08 PM  1000      4311     26.00      0.00 2481056  108092   0.69  Isolated Web Co
11:52:08 PM  1000      4436     25.00      0.00 2485148  110424   0.70  Isolated Web Co
11:52:08 PM  1000      4446     27.00      0.00 2481028  109196   0.69  Isolated Web Co
11:52:08 PM  1000      4536      2.00      0.00 2674512  196736   1.25  Isolated Web Co
11:52:08 PM  1000      4589      0.00      0.00 2907064  302784   1.92  Isolated Web Co
11:52:08 PM  1000      4605      1.00      0.00 2529568  126820   0.80  Isolated Web Co
11:52:08 PM  1000      4637      1.00      0.00 2547604  138452   0.88  Isolated Web Co
11:52:08 PM  1000      4650      5.00      0.00 2570420  149208   0.95  Isolated Web Co
11:52:08 PM  1000      4869      1.00      0.00 2516492  124108   0.79  Isolated Web Co
11:52:08 PM  1000      4904      0.00      0.00 2501028  116196   0.74  Isolated Web Co
11:52:08 PM  1000      4907      1.00      0.00 2503860  122680   0.78  Isolated Web Co
11:52:08 PM  1000      5165     27.00      0.00 2487708  113680   0.72  Isolated Web Co
11:52:08 PM  1000      5220     27.00      0.00 2482328  109000   0.69  Isolated Web Co
11:52:08 PM  1000      5469      1.00      0.00 2549176  142792   0.91  Isolated Web Co
11:52:08 PM  1000      5646      1.00      0.00 2513048  124272   0.79  Isolated Web Co
11:52:08 PM  1000      5704     26.00      0.00 2481304  110856   0.70  Isolated Web Co
11:52:08 PM  1000     32126     25.00      0.00 2463144  108956   0.69  Isolated Web Co
11:52:08 PM  1000     35005    133.00      0.00 34324576  364644   2.31  chrome
11:52:08 PM  1000     49115      8.00      0.00 1461531824  191020   1.21  code
11:52:08 PM  1000     49183      2.00      0.00 33880256   74264   0.47  code
11:52:08 PM  1000     49237     27.00      0.00 1480181952  389052   2.47  code
11:52:08 PM  1000     49279      4.00      0.00 1461308524  116076   0.74  code
11:52:08 PM  1000     49295     10.00      0.00 1461300524  156304   0.99  code
11:52:08 PM  1000     49322      1.00      0.00 1461299592  113020   0.72  code
11:52:08 PM  1000     49323     10.00      0.00 1461316600  106736   0.68  code
11:52:08 PM  1000     50048      2.00      0.00 1283793316   61780   0.39  chrome

11:52:07 PM   UID       PID   cswch/s nvcswch/s  Command
11:52:08 PM     0        16      2.00      0.00  ksoftirqd/0
11:52:08 PM     0        17     78.00      0.00  rcu_preempt
11:52:08 PM     0        18      1.00      0.00  migration/0
11:52:08 PM     0        23      3.00      0.00  migration/2
11:52:08 PM     0        29     19.00      0.00  migration/4
11:52:08 PM     0        35      8.00      0.00  migration/6
11:52:08 PM     0        41      6.00      0.00  migration/8
11:52:08 PM     0        47      7.00      0.00  migration/10
11:52:08 PM     0        53      4.00      0.00  migration/12
11:52:08 PM     0        59      3.00      0.00  migration/14
11:52:08 PM     0        77      3.00      0.00  migration/5
11:52:08 PM     0        83      1.00      0.00  migration/7
11:52:08 PM     0        95      1.00      0.00  migration/11
11:52:08 PM     0       107      6.00      0.00  migration/15
11:52:08 PM     0       119      2.00      0.00  kcompactd0
11:52:08 PM     0       153      8.00      0.00  kworker/11:1-mld
11:52:08 PM     0       224      3.00      0.00  kworker/9:1H-kblockd
11:52:08 PM     0       367      3.00      0.00  jbd2/nvme0n1p7-8
11:52:08 PM   110       774     12.00      0.00  avahi-daemon
11:52:08 PM     0       884    126.00      0.00  irq/84-rtw89_pci
11:52:08 PM     0       914     32.00      0.00  NetworkManager
11:52:08 PM     0       919      1.00      0.00  wpa_supplicant
11:52:08 PM     0      1242     21.00      2.00  Xorg
11:52:08 PM  1000      1501    191.00     16.00  pipewire-pulse
11:52:08 PM  1000      1974      1.00      1.00  blueman-applet
11:52:08 PM  1000      2104     10.00      0.00  blueman-tray
11:52:08 PM  1000      2263     33.00      2.00  firefox-bin
11:52:08 PM  1000      2402     71.00      1.00  Privileged Cont
11:52:08 PM  1000      2470      8.00      3.00  WebExtensions
11:52:08 PM  1000      2570      2.00      0.00  Isolated Web Co
11:52:08 PM  1000      2836      4.00      0.00  Isolated Web Co
11:52:08 PM  1000      2963    160.00      7.00  Isolated Web Co
11:52:08 PM  1000      3003      3.00      0.00  Isolated Web Co
11:52:08 PM  1000      4259      1.00      0.00  Isolated Web Co
11:52:08 PM  1000      4311      4.00      0.00  Isolated Web Co
11:52:08 PM  1000      4436      4.00      1.00  Isolated Web Co
11:52:08 PM  1000      4439      1.00      0.00  Isolated Web Co
11:52:08 PM  1000      4446      4.00      3.00  Isolated Web Co
11:52:08 PM  1000      4536      4.00      1.00  Isolated Web Co
11:52:08 PM  1000      4589      5.00      0.00  Isolated Web Co
11:52:08 PM  1000      4605      1.00      0.00  Isolated Web Co
11:52:08 PM  1000      4626      1.00      0.00  Isolated Web Co
11:52:08 PM  1000      4637      1.00      0.00  Isolated Web Co
11:52:08 PM  1000      4650      4.00      0.00  Isolated Web Co
11:52:08 PM  1000      4764      1.00      0.00  Isolated Web Co
11:52:08 PM  1000      4803      1.00      0.00  Isolated Web Co
11:52:08 PM  1000      4809      1.00      1.00  Isolated Web Co
11:52:08 PM  1000      4869      1.00      0.00  Isolated Web Co
11:52:08 PM  1000      4904      4.00      0.00  Isolated Web Co
11:52:08 PM  1000      4907      4.00      0.00  Isolated Web Co
11:52:08 PM  1000      4914      1.00      0.00  Isolated Web Co
11:52:08 PM  1000      5011      1.00      0.00  Isolated Web Co
11:52:08 PM  1000      5014      1.00      0.00  Isolated Web Co
11:52:08 PM  1000      5113      1.00      0.00  Isolated Web Co
11:52:08 PM  1000      5165      4.00      0.00  Isolated Web Co
11:52:08 PM  1000      5180      1.00      0.00  Isolated Web Co
11:52:08 PM  1000      5220      4.00      1.00  Isolated Web Co
11:52:08 PM  1000      5273      2.00      0.00  Isolated Web Co
11:52:08 PM  1000      5469      2.00      0.00  Isolated Web Co
11:52:08 PM  1000      5546      1.00      0.00  Isolated Web Co
11:52:08 PM  1000      5549      1.00      0.00  Isolated Web Co
11:52:08 PM  1000      5646      4.00      0.00  Isolated Web Co
11:52:08 PM  1000      5704      4.00      0.00  Isolated Web Co
11:52:08 PM     0     22875      1.00      0.00  kworker/5:1-mm_percpu_wq
11:52:08 PM     0     27141      1.00      0.00  kworker/12:0-mm_percpu_wq
11:52:08 PM  1000     32073      4.00      0.00  Isolated Web Co
11:52:08 PM  1000     32126      4.00      0.00  Isolated Web Co
11:52:08 PM  1000     32169      4.00      0.00  Isolated Web Co
11:52:08 PM  1000     35005      3.00      0.00  chrome
11:52:08 PM  1000     35280      2.00      0.00  chrome
11:52:08 PM  1000     35925      1.00      0.00  chrome
11:52:08 PM     0     39852      3.00      0.00  kworker/3:1-events_freezable
11:52:08 PM     0     43987      1.00      0.00  kworker/13:0-mm_percpu_wq
11:52:08 PM     0     44016      1.00      0.00  kworker/9:4-mm_percpu_wq
11:52:08 PM     0     44114      1.00      0.00  kworker/14:3-mm_percpu_wq
11:52:08 PM     0     45130      3.00      0.00  kworker/2:5-events
11:52:08 PM     0     45146      2.00      0.00  kworker/8:2-events
11:52:08 PM     0     45732      1.00      0.00  kworker/10:0-mm_percpu_wq
11:52:08 PM     0     46066      1.00      0.00  kworker/15:0-mm_percpu_wq
11:52:08 PM     0     48072      4.00      0.00  kworker/u32:3-gfx_low
11:52:08 PM     0     48837      6.00      0.00  kworker/1:1-events
11:52:08 PM     0     48949      3.00      0.00  kworker/0:2-events
11:52:08 PM     0     49030      1.00      0.00  kworker/4:3-mm_percpu_wq
11:52:08 PM  1000     49115      1.00      0.00  code
11:52:08 PM  1000     49183      1.00      0.00  code
11:52:08 PM  1000     49237      7.00      0.00  code
11:52:08 PM  1000     49279      9.00      0.00  code
11:52:08 PM  1000     49295      2.00      0.00  code
11:52:08 PM  1000     49322      1.00      0.00  code
11:52:08 PM  1000     49323     11.00      2.00  code
11:52:08 PM  1000     49758     11.00      1.00  Isolated Web Co
11:52:08 PM  1000     50048      1.00      0.00  chrome
11:52:08 PM     0     53138     49.00      0.00  kworker/u32:2-events_unbound
11:52:08 PM     0     55897      3.00      1.00  kworker/u33:0-rtw89_tx_wq
11:52:08 PM  1000     56950      1.00      0.00  mpstat
11:52:08 PM  1000     56951      1.00      0.00  vmstat
11:52:08 PM  1000     56952      1.00      0.00  pidstat

11:52:08 PM   UID       PID    %usr %system  %guest   %wait    %CPU   CPU  Command
11:52:09 PM     0       195    0.00    1.00    0.00    0.00    1.00     7  irq/35-ACPI:Event
11:52:09 PM     0       914    0.00    1.00    0.00    0.00    1.00     4  NetworkManager
11:52:09 PM     0      1242    1.00    0.00    0.00    0.00    1.00    13  Xorg
11:52:09 PM  1000      1501    0.00    1.00    0.00    0.00    1.00    10  pipewire-pulse
11:52:09 PM  1000      2263    2.00    2.00    0.00    0.00    4.00    10  firefox-bin
11:52:09 PM  1000      2352    1.00    0.00    0.00    0.00    1.00    13  Socket Process
11:52:09 PM  1000      2402    1.00    1.00    0.00    0.00    2.00    13  Privileged Cont
11:52:09 PM  1000      2570    3.00    3.00    0.00    0.00    6.00     4  Isolated Web Co
11:52:09 PM  1000      2963    2.00    0.00    0.00    0.00    2.00    13  Isolated Web Co
11:52:09 PM  1000     49237    1.00    0.00    0.00    0.00    1.00    12  code
11:52:09 PM  1000     49279    1.00    0.00    0.00    0.00    1.00    12  code
11:52:09 PM  1000     49323    1.00    0.00    0.00    0.00    1.00    12  code
11:52:09 PM  1000     56952    1.00    1.00    0.00    0.00    2.00    14  pidstat
11:52:09 PM  1000     56953  200.00    0.00    0.00    0.00  200.00     4  sysbench

11:52:08 PM   UID       PID  minflt/s  majflt/s     VSZ     RSS   %MEM  Command
11:52:09 PM  1000      1908      4.00      0.00 5279180  262240   1.66  cinnamon
11:52:09 PM  1000      2263      1.00      0.00 12395624  739264   4.69  firefox-bin
11:52:09 PM  1000      2402      1.00      0.00 2723500  245232   1.56  Privileged Cont
11:52:09 PM  1000      2470      1.00      0.00 2501044  133344   0.85  WebExtensions
11:52:09 PM  1000      2570    431.00      0.00 7944368  993144   6.30  Isolated Web Co
11:52:09 PM  1000      2836      1.00      0.00 2492292  110120   0.70  Isolated Web Co
11:52:09 PM  1000      3003      1.00      0.00 2799980  311732   1.98  Isolated Web Co
11:52:09 PM  1000      4439      0.00      0.00 2522016  129144   0.82  Isolated Web Co
11:52:09 PM  1000      4536      2.00      0.00 2674512  196736   1.25  Isolated Web Co
11:52:09 PM  1000      4589     72.00      0.00 2907064  302784   1.92  Isolated Web Co
11:52:09 PM  1000      4764      1.00      0.00 2569004  146048   0.93  Isolated Web Co
11:52:09 PM  1000      4803      1.00      0.00 2511112  122452   0.78  Isolated Web Co
11:52:09 PM  1000      5014      1.00      0.00 2520504  129680   0.82  Isolated Web Co
11:52:09 PM  1000      5180      0.00      0.00 2498724  119556   0.76  Isolated Web Co
11:52:09 PM  1000      5546      1.00      0.00 2481332  107540   0.68  Isolated Web Co
11:52:09 PM  1000      5549      1.00      0.00 2489808  122708   0.78  Isolated Web Co
11:52:09 PM  1000     49115     81.00      0.00 1461531824  191404   1.21  code
11:52:09 PM  1000     49179      0.00      0.00 34562612  177924   1.13  code
11:52:09 PM  1000     49237     20.00      0.00 1480181952  389052   2.47  code
11:52:09 PM  1000     49279     23.00      0.00 1461308524  116204   0.74  code
11:52:09 PM  1000     49323      2.00      0.00 1461316600  106736   0.68  code
11:52:09 PM  1000     49835      0.00      0.00 2428608   51932   0.33  Web Content

11:52:08 PM   UID       PID   cswch/s nvcswch/s  Command
11:52:09 PM     0        16      2.00      0.00  ksoftirqd/0
11:52:09 PM     0        17     71.00      0.00  rcu_preempt
11:52:09 PM     0        18      3.00      0.00  migration/0
11:52:09 PM     0        23      2.00      0.00  migration/2
11:52:09 PM     0        29      5.00      0.00  migration/4
11:52:09 PM     0        35      9.00      0.00  migration/6
11:52:09 PM     0        41      4.00      0.00  migration/8
11:52:09 PM     0        47      7.00      0.00  migration/10
11:52:09 PM     0        53      8.00      0.00  migration/12
11:52:09 PM     0        59      3.00      0.00  migration/14
11:52:09 PM     0        65      1.00      0.00  migration/1
11:52:09 PM     0        71      1.00      0.00  migration/3
11:52:09 PM     0        77      5.00      0.00  migration/5
11:52:09 PM     0        83      1.00      0.00  migration/7
11:52:09 PM     0        89      2.00      0.00  migration/9
11:52:09 PM     0        95      1.00      0.00  migration/11
11:52:09 PM     0       101      1.00      0.00  migration/13
11:52:09 PM     0       107      2.00      0.00  migration/15
11:52:09 PM     0       119      2.00      0.00  kcompactd0
11:52:09 PM     0       153      4.00      0.00  kworker/11:1-mld
11:52:09 PM     0       195     36.00      0.00  irq/35-ACPI:Event
11:52:09 PM     0       224      1.00      0.00  kworker/9:1H-kblockd
11:52:09 PM     0       284     72.00      0.00  irq/40-ELAN1200:00
11:52:09 PM   110       774     15.00      1.00  avahi-daemon
11:52:09 PM     0       822     37.00      0.00  touchegg
11:52:09 PM     0       884     76.00      0.00  irq/84-rtw89_pci
11:52:09 PM     0       914     26.00      0.00  NetworkManager
11:52:09 PM     0      1242    107.00      0.00  Xorg
11:52:09 PM  1000      1501    189.00      1.00  pipewire-pulse
11:52:09 PM  1000      1908     20.00      1.00  cinnamon
11:52:09 PM  1000      2104     10.00      0.00  blueman-tray
11:52:09 PM  1000      2263     29.00      2.00  firefox-bin
11:52:09 PM  1000      2352      2.00      0.00  Socket Process
11:52:09 PM  1000      2402     70.00      1.00  Privileged Cont
11:52:09 PM  1000      2470     11.00      0.00  WebExtensions
11:52:09 PM  1000      2570      8.00      0.00  Isolated Web Co
11:52:09 PM  1000      2836      1.00      0.00  Isolated Web Co
11:52:09 PM  1000      2963    151.00      6.00  Isolated Web Co
11:52:09 PM  1000      3003      6.00      0.00  Isolated Web Co
11:52:09 PM  1000      4259      1.00      0.00  Isolated Web Co
11:52:09 PM  1000      4311      1.00      0.00  Isolated Web Co
11:52:09 PM  1000      4436      1.00      0.00  Isolated Web Co
11:52:09 PM  1000      4439      4.00      0.00  Isolated Web Co
11:52:09 PM  1000      4446      1.00      0.00  Isolated Web Co
11:52:09 PM  1000      4536      1.00      0.00  Isolated Web Co
11:52:09 PM  1000      4589      5.00      3.00  Isolated Web Co
11:52:09 PM  1000      4605      1.00      0.00  Isolated Web Co
11:52:09 PM  1000      4626      1.00      0.00  Isolated Web Co
11:52:09 PM  1000      4637      1.00      0.00  Isolated Web Co
11:52:09 PM  1000      4650      1.00      0.00  Isolated Web Co
11:52:09 PM  1000      4764      1.00      0.00  Isolated Web Co
11:52:09 PM  1000      4803      1.00      0.00  Isolated Web Co
11:52:09 PM  1000      4809      1.00      0.00  Isolated Web Co
11:52:09 PM  1000      4869      1.00      0.00  Isolated Web Co
11:52:09 PM  1000      4904      1.00      0.00  Isolated Web Co
11:52:09 PM  1000      4907      1.00      0.00  Isolated Web Co
11:52:09 PM  1000      4914      1.00      0.00  Isolated Web Co
11:52:09 PM  1000      5011      1.00      0.00  Isolated Web Co
11:52:09 PM  1000      5014      4.00      0.00  Isolated Web Co
11:52:09 PM  1000      5113      1.00      0.00  Isolated Web Co
11:52:09 PM  1000      5165      1.00      0.00  Isolated Web Co
11:52:09 PM  1000      5180      4.00      1.00  Isolated Web Co
11:52:09 PM  1000      5220      1.00      0.00  Isolated Web Co
11:52:09 PM  1000      5273      2.00      0.00  Isolated Web Co
11:52:09 PM  1000      5469      4.00      0.00  Isolated Web Co
11:52:09 PM  1000      5546      2.00      0.00  Isolated Web Co
11:52:09 PM  1000      5549      1.00      0.00  Isolated Web Co
11:52:09 PM  1000      5646      1.00      0.00  Isolated Web Co
11:52:09 PM  1000      5704      1.00      0.00  Isolated Web Co
11:52:09 PM     0     22875      2.00      0.00  kworker/5:1-events
11:52:09 PM     0     27141      1.00      0.00  kworker/12:0-mm_percpu_wq
11:52:09 PM     0     30134      1.00      0.00  kworker/6:0-mm_percpu_wq
11:52:09 PM  1000     32073      1.00      0.00  Isolated Web Co
11:52:09 PM  1000     32126      1.00      0.00  Isolated Web Co
11:52:09 PM  1000     32169      1.00      0.00  Isolated Web Co
11:52:09 PM  1000     35005      2.00      0.00  chrome
11:52:09 PM  1000     35280      1.00      0.00  chrome
11:52:09 PM     0     39852      3.00      0.00  kworker/3:1-events_freezable
11:52:09 PM     0     43987      1.00      0.00  kworker/13:0-mm_percpu_wq
11:52:09 PM     0     44016      1.00      0.00  kworker/9:4-mm_percpu_wq
11:52:09 PM     0     44114      1.00      0.00  kworker/14:3-mm_percpu_wq
11:52:09 PM     0     45130      1.00      0.00  kworker/2:5-mm_percpu_wq
11:52:09 PM     0     45146      2.00      0.00  kworker/8:2-events
11:52:09 PM     0     45732      1.00      0.00  kworker/10:0-mm_percpu_wq
11:52:09 PM     0     46066      1.00      0.00  kworker/15:0-mm_percpu_wq
11:52:09 PM     0     48072     42.00      1.00  kworker/u32:3-ext4-rsv-conversion
11:52:09 PM     0     48837      6.00      0.00  kworker/1:1-events
11:52:09 PM     0     48949      3.00      0.00  kworker/0:2-events
11:52:09 PM     0     49030      1.00      0.00  kworker/4:3-mm_percpu_wq
11:52:09 PM  1000     49115     44.00      1.00  code
11:52:09 PM  1000     49237     35.00      3.00  code
11:52:09 PM  1000     49279     11.00      1.00  code
11:52:09 PM  1000     49295      2.00      0.00  code
11:52:09 PM  1000     49323      8.00      0.00  code
11:52:09 PM  1000     49375      1.00      0.00  code
11:52:09 PM  1000     49758     10.00      0.00  Isolated Web Co
11:52:09 PM  1000     49835      3.00      0.00  Web Content
11:52:09 PM     0     53138     16.00      1.00  kworker/u32:2-flush-259:0
11:52:09 PM     0     55897      1.00      0.00  kworker/u33:0-rtw89_tx_wq
11:52:09 PM  1000     56950      1.00      0.00  mpstat
11:52:09 PM  1000     56951      1.00      0.00  vmstat
11:52:09 PM  1000     56952      1.00      3.00  pidstat

11:52:09 PM   UID       PID    %usr %system  %guest   %wait    %CPU   CPU  Command
11:52:10 PM     0       195    0.00    1.00    0.00    0.00    1.00     7  irq/35-ACPI:Event
11:52:10 PM     0       884    0.00    1.00    0.00    0.00    1.00    11  irq/84-rtw89_pci
11:52:10 PM     0      1242    0.00    1.00    0.00    0.00    1.00    13  Xorg
11:52:10 PM  1000      2263    2.00    2.00    0.00    0.00    4.00    12  firefox-bin
11:52:10 PM  1000      2963    3.00    1.00    0.00    0.00    4.00     5  Isolated Web Co
11:52:10 PM  1000      4259    1.00    0.00    0.00    0.00    1.00     8  Isolated Web Co
11:52:10 PM  1000     49115    1.00    0.00    0.00    0.00    1.00     4  code
11:52:10 PM  1000     49237    1.00    0.00    0.00    0.00    1.00    10  code
11:52:10 PM  1000     49758    1.00    0.00    0.00    0.00    1.00     6  Isolated Web Co
11:52:10 PM  1000     56952    0.00    1.00    0.00    0.00    1.00    13  pidstat
11:52:10 PM  1000     56953  200.00    0.00    0.00    0.00  200.00     4  sysbench

11:52:09 PM   UID       PID  minflt/s  majflt/s     VSZ     RSS   %MEM  Command
11:52:10 PM  1000      2470      1.00      0.00 2501044  133344   0.85  WebExtensions
11:52:10 PM  1000      2836      2.00      0.00 2492292  110120   0.70  Isolated Web Co
11:52:10 PM  1000      2839      8.00      0.00 2460080   78008   0.50  Isolated Servic
11:52:10 PM  1000      2963      1.00      0.00 11694688  764640   4.85  Isolated Web Co
11:52:10 PM  1000      3003      3.00      0.00 2799980  311732   1.98  Isolated Web Co
11:52:10 PM  1000      4311      1.00      0.00 2481056  108092   0.69  Isolated Web Co
11:52:10 PM  1000      4436      1.00      0.00 2485148  110424   0.70  Isolated Web Co
11:52:10 PM  1000      4446      1.00      0.00 2481028  109196   0.69  Isolated Web Co
11:52:10 PM  1000      4764      1.00      0.00 2569004  146048   0.93  Isolated Web Co
11:52:10 PM  1000      5011      0.00      0.00 2500008  117220   0.74  Isolated Web Co
11:52:10 PM  1000      5113      1.00      0.00 2581424  154404   0.98  Isolated Web Co
11:52:10 PM  1000      5165      1.00      0.00 2487708  113680   0.72  Isolated Web Co
11:52:10 PM  1000      5220      1.00      0.00 2482312  109000   0.69  Isolated Web Co
11:52:10 PM  1000      5704      1.00      0.00 2481304  110856   0.70  Isolated Web Co
11:52:10 PM  1000     32073      8.00      0.00 2460592  100716   0.64  Isolated Web Co
11:52:10 PM  1000     32126      1.00      0.00 2463144  108956   0.69  Isolated Web Co
11:52:10 PM  1000     35067      4.00      0.00 34291624   59576   0.38  chrome
11:52:10 PM  1000     35618      1.00      0.00 34035280   85624   0.54  chrome
11:52:10 PM  1000     49179      8.00      0.00 34562612  177924   1.13  code
11:52:10 PM  1000     49237     19.00      0.00 1480181952  389180   2.47  code
11:52:10 PM  1000     49279      1.00      0.00 1461308524  116072   0.74  code
11:52:10 PM  1000     49758      1.00      0.00 3262740  544376   3.46  Isolated Web Co

11:52:09 PM   UID       PID   cswch/s nvcswch/s  Command
11:52:10 PM     0        16      2.00      0.00  ksoftirqd/0
11:52:10 PM     0        17     75.00      0.00  rcu_preempt
11:52:10 PM     0        18      1.00      0.00  migration/0
11:52:10 PM     0        23      2.00      0.00  migration/2
11:52:10 PM     0        29      4.00      0.00  migration/4
11:52:10 PM     0        35      4.00      0.00  migration/6
11:52:10 PM     0        47      4.00      0.00  migration/10
11:52:10 PM     0        53      2.00      0.00  migration/12
11:52:10 PM     0        59      4.00      0.00  migration/14
11:52:10 PM     0       101      1.00      0.00  migration/13
11:52:10 PM     0       107      3.00      0.00  migration/15
11:52:10 PM     0       119      2.00      0.00  kcompactd0
11:52:10 PM     0       153      3.00      0.00  kworker/11:1-mld
11:52:10 PM     0       195     22.00      0.00  irq/35-ACPI:Event
11:52:10 PM     0       251      1.00      0.00  kworker/4:1H-kblockd
11:52:10 PM     0       284     44.00      0.00  irq/40-ELAN1200:00
11:52:10 PM   110       774      5.00      0.00  avahi-daemon
11:52:10 PM     0       822     22.00      0.00  touchegg
11:52:10 PM     0       884    100.00      0.00  irq/84-rtw89_pci
11:52:10 PM     0       914     24.00      0.00  NetworkManager
11:52:10 PM     0      1242     77.00      0.00  Xorg
11:52:10 PM  1000      1501    188.00      6.00  pipewire-pulse
11:52:10 PM  1000      1908     11.00      0.00  cinnamon
11:52:10 PM  1000      2104     10.00      0.00  blueman-tray
11:52:10 PM  1000      2263     47.00      1.00  firefox-bin
11:52:10 PM  1000      2402     71.00      1.00  Privileged Cont
11:52:10 PM  1000      2470      8.00      0.00  WebExtensions
11:52:10 PM  1000      2570      1.00      0.00  Isolated Web Co
11:52:10 PM  1000      2836      3.00      0.00  Isolated Web Co
11:52:10 PM  1000      2839     27.00      0.00  Isolated Servic
11:52:10 PM  1000      2963    153.00      5.00  Isolated Web Co
11:52:10 PM  1000      3003      3.00      0.00  Isolated Web Co
11:52:10 PM  1000      4259      1.00      0.00  Isolated Web Co
11:52:10 PM  1000      4311      1.00      0.00  Isolated Web Co
11:52:10 PM  1000      4436      1.00      0.00  Isolated Web Co
11:52:10 PM  1000      4439      4.00      0.00  Isolated Web Co
11:52:10 PM  1000      4446      1.00      0.00  Isolated Web Co
11:52:10 PM  1000      4536      1.00      0.00  Isolated Web Co
11:52:10 PM  1000      4589      1.00      1.00  Isolated Web Co
11:52:10 PM  1000      4605      1.00      0.00  Isolated Web Co
11:52:10 PM  1000      4626      1.00      0.00  Isolated Web Co
11:52:10 PM  1000      4637      1.00      0.00  Isolated Web Co
11:52:10 PM  1000      4650      1.00      0.00  Isolated Web Co
11:52:10 PM  1000      4764      4.00      0.00  Isolated Web Co
11:52:10 PM  1000      4803      1.00      0.00  Isolated Web Co
11:52:10 PM  1000      4809      1.00      0.00  Isolated Web Co
11:52:10 PM  1000      4869      1.00      0.00  Isolated Web Co
11:52:10 PM  1000      4904      1.00      0.00  Isolated Web Co
11:52:10 PM  1000      4907      1.00      0.00  Isolated Web Co
11:52:10 PM  1000      4914      1.00      0.00  Isolated Web Co
11:52:10 PM  1000      5011      4.00      0.00  Isolated Web Co
11:52:10 PM  1000      5014      1.00      0.00  Isolated Web Co
11:52:10 PM  1000      5113      1.00      0.00  Isolated Web Co
11:52:10 PM  1000      5165      1.00      0.00  Isolated Web Co
11:52:10 PM  1000      5180      1.00      0.00  Isolated Web Co
11:52:10 PM  1000      5220      4.00      0.00  Isolated Web Co
11:52:10 PM  1000      5273      2.00      0.00  Isolated Web Co
11:52:10 PM  1000      5469      1.00      0.00  Isolated Web Co
11:52:10 PM  1000      5546      1.00      0.00  Isolated Web Co
11:52:10 PM  1000      5549      1.00      0.00  Isolated Web Co
11:52:10 PM  1000      5646      2.00      0.00  Isolated Web Co
11:52:10 PM  1000      5704      1.00      0.00  Isolated Web Co
11:52:10 PM     0     22875      2.00      0.00  kworker/5:1-events
11:52:10 PM     0     27141      2.00      0.00  kworker/12:0-events
11:52:10 PM     0     30134      1.00      0.00  kworker/6:0-mm_percpu_wq
11:52:10 PM  1000     32073      2.00      1.00  Isolated Web Co
11:52:10 PM  1000     32126      1.00      0.00  Isolated Web Co
11:52:10 PM  1000     32169      1.00      0.00  Isolated Web Co
11:52:10 PM  1000     35005      2.00      0.00  chrome
11:52:10 PM  1000     35067      1.00      0.00  chrome
11:52:10 PM  1000     35280      1.00      0.00  chrome
11:52:10 PM  1000     35618      1.00      0.00  chrome
11:52:10 PM  1000     35925      1.00      0.00  chrome
11:52:10 PM     0     39852      2.00      0.00  kworker/3:1-events
11:52:10 PM     0     43987      1.00      0.00  kworker/13:0-mm_percpu_wq
11:52:10 PM     0     44016      2.00      0.00  kworker/9:4-events
11:52:10 PM     0     44114      2.00      0.00  kworker/14:3-events
11:52:10 PM     0     45130      2.00      0.00  kworker/2:5-events
11:52:10 PM     0     45146      3.00      0.00  kworker/8:2-events
11:52:10 PM     0     45732      2.00      0.00  kworker/10:0-events
11:52:10 PM     0     48072     27.00      0.00  kworker/u32:3-flush-259:0
11:52:10 PM     0     48837      4.00      0.00  kworker/1:1-events
11:52:10 PM     0     48949      3.00      0.00  kworker/0:2-events
11:52:10 PM     0     49030      2.00      0.00  kworker/4:3-events
11:52:10 PM  1000     49115     23.00      1.00  code
11:52:10 PM  1000     49179      3.00      0.00  code
11:52:10 PM  1000     49237     30.00      0.00  code
11:52:10 PM  1000     49279     11.00      4.00  code
11:52:10 PM  1000     49295      2.00      0.00  code
11:52:10 PM  1000     49323     13.00      0.00  code
11:52:10 PM  1000     49758     11.00      2.00  Isolated Web Co
11:52:10 PM     0     53138     28.00      0.00  kworker/u32:2-events_unbound
11:52:10 PM     0     55897      1.00      0.00  kworker/u33:0-rtw89_tx_wq
11:52:10 PM  1000     56950      1.00      0.00  mpstat
11:52:10 PM  1000     56951      1.00      0.00  vmstat
11:52:10 PM  1000     56952      1.00      3.00  pidstat

11:52:10 PM   UID       PID    %usr %system  %guest   %wait    %CPU   CPU  Command
11:52:11 PM     0        17    0.00    1.00    0.00    0.00    1.00    10  rcu_preempt
11:52:11 PM     0       195    0.00    2.00    0.00    0.00    2.00     7  irq/35-ACPI:Event
11:52:11 PM     0      1242    0.00    1.00    0.00    0.00    1.00     4  Xorg
11:52:11 PM  1000      1497    0.00    1.00    0.00    0.00    1.00    12  pipewire
11:52:11 PM  1000      1501    0.00    1.00    0.00    0.00    1.00    15  pipewire-pulse
11:52:11 PM  1000      1908    2.00    0.00    0.00    0.00    2.00     8  cinnamon
11:52:11 PM  1000      2263    2.00    2.00    0.00    0.00    4.00    12  firefox-bin
11:52:11 PM  1000      2402    1.00    0.00    0.00    0.00    1.00     4  Privileged Cont
11:52:11 PM  1000      2470    1.00    0.00    0.00    0.00    1.00     8  WebExtensions
11:52:11 PM  1000      2570    0.00    1.00    0.00    0.00    1.00     4  Isolated Web Co
11:52:11 PM  1000      2963    3.00    0.00    0.00    0.00    3.00    15  Isolated Web Co
11:52:11 PM  1000      5546    1.00    0.00    0.00    0.00    1.00     0  Isolated Web Co
11:52:11 PM  1000     49115    1.00    0.00    0.00    0.00    1.00    13  code
11:52:11 PM  1000     49179    2.00    2.00    0.00    0.00    4.00    15  code
11:52:11 PM  1000     49237    9.00    0.00    0.00    0.00    9.00    14  code
11:52:11 PM  1000     49758    1.00    0.00    0.00    0.00    1.00     8  Isolated Web Co
11:52:11 PM     0     53138    0.00    1.00    0.00    0.00    1.00     9  kworker/u32:2-gfx_low
11:52:11 PM     0     56192    0.00    1.00    0.00    0.00    1.00    14  kworker/u32:4-gfx_low
11:52:11 PM  1000     56952    0.00    2.00    0.00    0.00    2.00    13  pidstat
11:52:11 PM  1000     56953  200.00    0.00    0.00    0.00  200.00     4  sysbench

11:52:10 PM   UID       PID  minflt/s  majflt/s     VSZ     RSS   %MEM  Command
11:52:11 PM     0      1242      1.00      0.00 1364500  159748   1.01  Xorg
11:52:11 PM  1000      2402      1.00      0.00 2723500  245232   1.56  Privileged Cont
11:52:11 PM  1000      2470      2.00      0.00 2501044  133344   0.85  WebExtensions
11:52:11 PM  1000      2570      1.00      0.00 7944368  993144   6.30  Isolated Web Co
11:52:11 PM  1000      2963      1.00      0.00 11694688  764640   4.85  Isolated Web Co
11:52:11 PM  1000      3003     17.00      0.00 2799980  311988   1.98  Isolated Web Co
11:52:11 PM  1000      4259      0.00      0.00 2779280  197352   1.25  Isolated Web Co
11:52:11 PM  1000      4536      2.00      0.00 2674512  196736   1.25  Isolated Web Co
11:52:11 PM  1000      4589      1.00      0.00 2907064  302784   1.92  Isolated Web Co
11:52:11 PM  1000      4637      2.00      0.00 2547604  138452   0.88  Isolated Web Co
11:52:11 PM  1000      4650      1.00      0.00 2570420  149208   0.95  Isolated Web Co
11:52:11 PM  1000      4907      0.00      0.00 2503844  122680   0.78  Isolated Web Co
11:52:11 PM  1000      4914      0.00      0.00 2522988  139032   0.88  Isolated Web Co
11:52:11 PM  1000      5014      1.00      0.00 2520504  129680   0.82  Isolated Web Co
11:52:11 PM  1000      5113     47.00      0.00 2581424  154228   0.98  Isolated Web Co
11:52:11 PM  1000      5646      1.00      0.00 2513048  124272   0.79  Isolated Web Co
11:52:11 PM  1000     35050     91.00      0.00 34734236  274152   1.74  chrome
11:52:11 PM  1000     35051     14.00      0.00 34064912  131184   0.83  chrome
11:52:11 PM  1000     49115      7.00      0.00 1461531824  191404   1.21  code
11:52:11 PM  1000     49179    767.00      2.00 34568884  178636   1.13  code
11:52:11 PM  1000     49237    493.00      0.00 1480184128  390460   2.48  code
11:52:11 PM  1000     49279     28.00      0.00 1461308524  116072   0.74  code
11:52:11 PM  1000     49295      2.00      0.00 1461300524  156304   0.99  code
11:52:11 PM  1000     49322      7.00      0.00 1461299592  113020   0.72  code
11:52:11 PM  1000     49323      2.00      0.00 1461316600  106736   0.68  code

11:52:10 PM   UID       PID   cswch/s nvcswch/s  Command
11:52:11 PM     0        16      3.00      0.00  ksoftirqd/0
11:52:11 PM     0        17    119.00      0.00  rcu_preempt
11:52:11 PM     0        18      1.00      0.00  migration/0
11:52:11 PM     0        23      2.00      0.00  migration/2
11:52:11 PM     0        29     52.00      0.00  migration/4
11:52:11 PM     0        35     28.00      0.00  migration/6
11:52:11 PM     0        41     20.00      0.00  migration/8
11:52:11 PM     0        47     18.00      0.00  migration/10
11:52:11 PM     0        53      9.00      0.00  migration/12
11:52:11 PM     0        54      1.00      0.00  ksoftirqd/12
11:52:11 PM     0        59      8.00      0.00  migration/14
11:52:11 PM     0        77      9.00      0.00  migration/5
11:52:11 PM     0        83      2.00      0.00  migration/7
11:52:11 PM     0        89      3.00      0.00  migration/9
11:52:11 PM     0        95      4.00      0.00  migration/11
11:52:11 PM     0       107      2.00      0.00  migration/15
11:52:11 PM     0       119      2.00      0.00  kcompactd0
11:52:11 PM     0       150      1.00      0.00  kworker/7:1-events
11:52:11 PM     0       153      1.00      0.00  kworker/11:1-mm_percpu_wq
11:52:11 PM     0       195     36.00      1.00  irq/35-ACPI:Event
11:52:11 PM     0       284     72.00      0.00  irq/40-ELAN1200:00
11:52:11 PM   122       742      1.00      0.00  rpcbind
11:52:11 PM   110       774     15.00      0.00  avahi-daemon
11:52:11 PM     0       783      1.00      0.00  irqbalance
11:52:11 PM     0       822     37.00      0.00  touchegg
11:52:11 PM     0       884     96.00      0.00  irq/84-rtw89_pci
11:52:11 PM     0       914     20.00      0.00  NetworkManager
11:52:11 PM     0      1242    281.00      7.00  Xorg
11:52:11 PM  1000      1501    190.00     54.00  pipewire-pulse
11:52:11 PM  1000      1908     99.00      6.00  cinnamon
11:52:11 PM  1000      2104     10.00      1.00  blueman-tray
11:52:11 PM  1000      2263     36.00      0.00  firefox-bin
11:52:11 PM  1000      2352      1.00      0.00  Socket Process
11:52:11 PM  1000      2402     70.00      1.00  Privileged Cont
11:52:11 PM  1000      2470      9.00      0.00  WebExtensions
11:52:11 PM  1000      2570      4.00      0.00  Isolated Web Co
11:52:11 PM  1000      2836      1.00      1.00  Isolated Web Co
11:52:11 PM  1000      2963    149.00      5.00  Isolated Web Co
11:52:11 PM  1000      3003      3.00      1.00  Isolated Web Co
11:52:11 PM  1000      4259      4.00      1.00  Isolated Web Co
11:52:11 PM  1000      4311      1.00      0.00  Isolated Web Co
11:52:11 PM  1000      4436      1.00      0.00  Isolated Web Co
11:52:11 PM  1000      4439      1.00      0.00  Isolated Web Co
11:52:11 PM  1000      4446      1.00      0.00  Isolated Web Co
11:52:11 PM  1000      4536      5.00      2.00  Isolated Web Co
11:52:11 PM  1000      4589      3.00      3.00  Isolated Web Co
11:52:11 PM  1000      4605      1.00      0.00  Isolated Web Co
11:52:11 PM  1000      4626      1.00      0.00  Isolated Web Co
11:52:11 PM  1000      4637      4.00      0.00  Isolated Web Co
11:52:11 PM  1000      4650      4.00      0.00  Isolated Web Co
11:52:11 PM  1000      4764      1.00      0.00  Isolated Web Co
11:52:11 PM  1000      4803      1.00      0.00  Isolated Web Co
11:52:11 PM  1000      4809      1.00      0.00  Isolated Web Co
11:52:11 PM  1000      4869      1.00      0.00  Isolated Web Co
11:52:11 PM  1000      4904      1.00      0.00  Isolated Web Co
11:52:11 PM  1000      4907      4.00      0.00  Isolated Web Co
11:52:11 PM  1000      4914      4.00      0.00  Isolated Web Co
11:52:11 PM  1000      5011      1.00      0.00  Isolated Web Co
11:52:11 PM  1000      5014      1.00      0.00  Isolated Web Co
11:52:11 PM  1000      5113      4.00      0.00  Isolated Web Co
11:52:11 PM  1000      5165      1.00      1.00  Isolated Web Co
11:52:11 PM  1000      5180      1.00      0.00  Isolated Web Co
11:52:11 PM  1000      5220      1.00      0.00  Isolated Web Co
11:52:11 PM  1000      5273      2.00      0.00  Isolated Web Co
11:52:11 PM  1000      5469      1.00      0.00  Isolated Web Co
11:52:11 PM  1000      5546      1.00      0.00  Isolated Web Co
11:52:11 PM  1000      5549      1.00      2.00  Isolated Web Co
11:52:11 PM  1000      5646      4.00      0.00  Isolated Web Co
11:52:11 PM  1000      5704      1.00      0.00  Isolated Web Co
11:52:11 PM     0     22875      2.00      0.00  kworker/5:1-events
11:52:11 PM     0     27141      1.00      0.00  kworker/12:0-mm_percpu_wq
11:52:11 PM     0     30134      2.00      0.00  kworker/6:0-mm_percpu_wq
11:52:11 PM  1000     32073      4.00      0.00  Isolated Web Co
11:52:11 PM  1000     32126      1.00      0.00  Isolated Web Co
11:52:11 PM  1000     32169      4.00      0.00  Isolated Web Co
11:52:11 PM  1000     35005      2.00      2.00  chrome
11:52:11 PM  1000     35050      1.00      0.00  chrome
11:52:11 PM  1000     35051      1.00      0.00  chrome
11:52:11 PM  1000     35280      1.00      0.00  chrome
11:52:11 PM     0     39852      2.00      0.00  kworker/3:1-mm_percpu_wq
11:52:11 PM     0     43987      1.00      0.00  kworker/13:0-mm_percpu_wq
11:52:11 PM     0     44016      1.00      0.00  kworker/9:4-mm_percpu_wq
11:52:11 PM     0     44114      1.00      0.00  kworker/14:3-mm_percpu_wq
11:52:11 PM     0     45146      3.00      0.00  kworker/8:2-events
11:52:11 PM     0     45732      1.00      0.00  kworker/10:0-mm_percpu_wq
11:52:11 PM     0     46066      1.00      0.00  kworker/15:0-mm_percpu_wq
11:52:11 PM     0     48072    132.00      0.00  kworker/u32:3-gfx_low
11:52:11 PM     0     48837      2.00      0.00  kworker/1:1-events
11:52:11 PM     0     48949      3.00      0.00  kworker/0:2-events
11:52:11 PM     0     49030      1.00      0.00  kworker/4:3-mm_percpu_wq
11:52:11 PM  1000     49115     62.00      5.00  code
11:52:11 PM  1000     49179    206.00      8.00  code
11:52:11 PM  1000     49237     63.00     18.00  code
11:52:11 PM  1000     49279     10.00      0.00  code
11:52:11 PM  1000     49295      3.00      0.00  code
11:52:11 PM  1000     49322      1.00      0.00  code
11:52:11 PM  1000     49323     12.00      0.00  code
11:52:11 PM  1000     49758      9.00      3.00  Isolated Web Co
11:52:11 PM     0     53138    113.00      1.00  kworker/u32:2-gfx_low
11:52:11 PM     0     56192      9.00      0.00  kworker/u32:4-gfx_low
11:52:11 PM  1000     56950      1.00      0.00  mpstat
11:52:11 PM  1000     56951      1.00      0.00  vmstat
11:52:11 PM  1000     56952      1.00      4.00  pidstat

11:52:11 PM   UID       PID    %usr %system  %guest   %wait    %CPU   CPU  Command
11:52:12 PM     0        29    0.00    1.00    0.00    0.00    1.00     4  migration/4
11:52:12 PM     0       195    0.00    5.00    0.00    0.00    5.00     7  irq/35-ACPI:Event
11:52:12 PM     0       284    0.00    1.00    0.00    0.00    1.00     9  irq/40-ELAN1200:00
11:52:12 PM     0       822    0.00    1.00    0.00    0.00    1.00    12  touchegg
11:52:12 PM     0       884    0.00    1.00    0.00    0.00    1.00    11  irq/84-rtw89_pci
11:52:12 PM     0      1242    2.00    3.00    0.00    0.00    5.00    10  Xorg
11:52:12 PM  1000      1908    6.00    1.00    0.00    0.00    7.00     4  cinnamon
11:52:12 PM  1000      2263    3.00    1.00    0.00    0.00    4.00    10  firefox-bin
11:52:12 PM  1000      2402    1.00    0.00    0.00    0.00    1.00    14  Privileged Cont
11:52:12 PM  1000      2570    1.00    0.00    0.00    0.00    1.00    12  Isolated Web Co
11:52:12 PM  1000      2963    3.00    1.00    0.00    0.00    4.00     8  Isolated Web Co
11:52:12 PM  1000      3003    1.00    0.00    0.00    0.00    1.00    13  Isolated Web Co
11:52:12 PM  1000      4589    1.00    0.00    0.00    0.00    1.00    12  Isolated Web Co
11:52:12 PM  1000      4605    1.00    0.00    0.00    0.00    1.00     8  Isolated Web Co
11:52:12 PM  1000      4869    1.00    0.00    0.00    0.00    1.00    15  Isolated Web Co
11:52:12 PM  1000     32073    0.00    1.00    0.00    0.00    1.00    13  Isolated Web Co
11:52:12 PM  1000     32658    0.00    1.00    0.00    0.00    1.00     8  Isolated Web Co
11:52:12 PM  1000     35005    2.00   15.00    0.00    0.00   17.00    15  chrome
11:52:12 PM  1000     35051    1.00    0.00    0.00    0.00    1.00     2  chrome
11:52:12 PM     0     48072    0.00    1.00    0.00    0.00    1.00    10  kworker/u32:3-events_unbound
11:52:12 PM  1000     49115    1.00    1.00    0.00    0.00    2.00     4  code
11:52:12 PM  1000     49179    5.00    3.00    0.00    0.00    8.00    15  code
11:52:12 PM  1000     49183    0.00    1.00    0.00    0.00    1.00     4  code
11:52:12 PM  1000     49237    7.00    2.00    0.00    0.00    9.00     6  code
11:52:12 PM  1000     49323    1.00    0.00    0.00    0.00    1.00    13  code
11:52:12 PM  1000     49758    1.00    0.00    0.00    0.00    1.00    12  Isolated Web Co
11:52:12 PM  1000     56952    1.00    2.00    0.00    0.00    3.00    13  pidstat
11:52:12 PM  1000     56953  200.00    0.00    0.00    0.00  200.00     4  sysbench

11:52:11 PM   UID       PID  minflt/s  majflt/s     VSZ     RSS   %MEM  Command
11:52:12 PM  1000      1908      1.00      0.00 5279180  262240   1.66  cinnamon
11:52:12 PM  1000      2263      1.00      0.00 12395624  739264   4.69  firefox-bin
11:52:12 PM  1000      2470      4.00      0.00 2501044  133344   0.85  WebExtensions
11:52:12 PM  1000      2570      1.00      0.00 7944368  993144   6.30  Isolated Web Co
11:52:12 PM  1000      2839      2.00      0.00 2460080   78008   0.50  Isolated Servic
11:52:12 PM  1000      2963      1.00      0.00 11694688  764640   4.85  Isolated Web Co
11:52:12 PM  1000      3003     34.00      0.00 2799980  311916   1.98  Isolated Web Co
11:52:12 PM  1000      4589      3.00      0.00 2907064  302784   1.92  Isolated Web Co
11:52:12 PM  1000      4605      2.00      0.00 2529568  126820   0.80  Isolated Web Co
11:52:12 PM  1000      4803      0.00      0.00 2511096  122452   0.78  Isolated Web Co
11:52:12 PM  1000      4809      0.00      0.00 2510592  123392   0.78  Isolated Web Co
11:52:12 PM  1000      4907      1.00      0.00 2503844  122680   0.78  Isolated Web Co
11:52:12 PM  1000      5113      1.00      0.00 2581424  154228   0.98  Isolated Web Co
11:52:12 PM  1000      5273      1.00      0.00 2529716  133364   0.85  Isolated Web Co
11:52:12 PM  1000      5469      1.00      0.00 2549176  142792   0.91  Isolated Web Co
11:52:12 PM  1000     32658      4.00      0.00 2470608  105144   0.67  Isolated Web Co
11:52:12 PM  1000     35005    577.00      0.00 34324576  364348   2.31  chrome
11:52:12 PM  1000     35050    134.00      0.00 34734236  274280   1.74  chrome
11:52:12 PM  1000     35051     31.00      0.00 34064912  131184   0.83  chrome
11:52:12 PM  1000     35067     29.00      0.00 34291624   59576   0.38  chrome
11:52:12 PM  1000     35182     56.00      0.00 1285630640  145796   0.93  chrome
11:52:12 PM  1000     35280     31.00      0.00 1283854672  129760   0.82  chrome
11:52:12 PM  1000     35618     16.00      0.00 34035280   85752   0.54  chrome
11:52:12 PM  1000     35925     27.00      0.00 1283980220  202296   1.28  chrome
11:52:12 PM  1000     49115      5.00      0.00 1461531824  191404   1.21  code
11:52:12 PM  1000     49179    138.00      0.00 34568884  178668   1.13  code
11:52:12 PM  1000     49183      1.00      0.00 33880256   74264   0.47  code
11:52:12 PM  1000     49237    178.00      0.00 1480184128  390588   2.48  code
11:52:12 PM  1000     49295     12.00      0.00 1461300524  156432   0.99  code
11:52:12 PM  1000     49323     10.00      0.00 1461316600  106736   0.68  code
11:52:12 PM  1000     49758      2.00      0.00 3262740  544504   3.46  Isolated Web Co
11:52:12 PM  1000     50048     43.00      0.00 1283801512   62420   0.40  chrome

11:52:11 PM   UID       PID   cswch/s nvcswch/s  Command
11:52:12 PM     0        17    223.00      0.00  rcu_preempt
11:52:12 PM     0        18      2.00      0.00  migration/0
11:52:12 PM     0        29     36.00      0.00  migration/4
11:52:12 PM     0        35     32.00      0.00  migration/6
11:52:12 PM     0        41     28.00      0.00  migration/8
11:52:12 PM     0        47     36.00      0.00  migration/10
11:52:12 PM     0        53     11.00      0.00  migration/12
11:52:12 PM     0        59     12.00      0.00  migration/14
11:52:12 PM     0        65      1.00      0.00  migration/1
11:52:12 PM     0        77      4.00      0.00  migration/5
11:52:12 PM     0        83      1.00      0.00  migration/7
11:52:12 PM     0        89      9.00      0.00  migration/9
11:52:12 PM     0        95      3.00      0.00  migration/11
11:52:12 PM     0       101      2.00      0.00  migration/13
11:52:12 PM     0       107      5.00      0.00  migration/15
11:52:12 PM     0       119      2.00      0.00  kcompactd0
11:52:12 PM     0       150      2.00      0.00  kworker/7:1-events
11:52:12 PM     0       153      1.00      0.00  kworker/11:1-mm_percpu_wq
11:52:12 PM     0       195    118.00      1.00  irq/35-ACPI:Event
11:52:12 PM     0       284    236.00      0.00  irq/40-ELAN1200:00
11:52:12 PM   110       774     10.00      0.00  avahi-daemon
11:52:12 PM     0       822    119.00      1.00  touchegg
11:52:12 PM     0       884     93.00      0.00  irq/84-rtw89_pci
11:52:12 PM     0       914     27.00      0.00  NetworkManager
11:52:12 PM     0      1242    846.00     10.00  Xorg
11:52:12 PM  1000      1501    190.00     29.00  pipewire-pulse
11:52:12 PM  1000      1908    358.00     19.00  cinnamon
11:52:12 PM  1000      2104     10.00      0.00  blueman-tray
11:52:12 PM  1000      2263     43.00      0.00  firefox-bin
11:52:12 PM  1000      2352      1.00      0.00  Socket Process
11:52:12 PM  1000      2402     71.00      0.00  Privileged Cont
11:52:12 PM  1000      2470      8.00      0.00  WebExtensions
11:52:12 PM  1000      2570      6.00      1.00  Isolated Web Co
11:52:12 PM  1000      2836      5.00      0.00  Isolated Web Co
11:52:12 PM  1000      2839      1.00      0.00  Isolated Servic
11:52:12 PM  1000      2963    150.00      9.00  Isolated Web Co
11:52:12 PM  1000      3003      5.00      1.00  Isolated Web Co
11:52:12 PM  1000      4259      1.00      0.00  Isolated Web Co
11:52:12 PM  1000      4311      1.00      0.00  Isolated Web Co
11:52:12 PM  1000      4436      1.00      0.00  Isolated Web Co
11:52:12 PM  1000      4439      1.00      0.00  Isolated Web Co
11:52:12 PM  1000      4446      1.00      0.00  Isolated Web Co
11:52:12 PM  1000      4536      1.00      1.00  Isolated Web Co
11:52:12 PM  1000      4589      6.00      0.00  Isolated Web Co
11:52:12 PM  1000      4605      4.00      0.00  Isolated Web Co
11:52:12 PM  1000      4626      1.00      0.00  Isolated Web Co
11:52:12 PM  1000      4637      1.00      0.00  Isolated Web Co
11:52:12 PM  1000      4650      1.00      0.00  Isolated Web Co
11:52:12 PM  1000      4764      1.00      0.00  Isolated Web Co
11:52:12 PM  1000      4803      4.00      0.00  Isolated Web Co
11:52:12 PM  1000      4809      4.00      0.00  Isolated Web Co
11:52:12 PM  1000      4869      1.00      2.00  Isolated Web Co
11:52:12 PM  1000      4904      1.00      0.00  Isolated Web Co
11:52:12 PM  1000      4907      1.00      0.00  Isolated Web Co
11:52:12 PM  1000      4914      1.00      0.00  Isolated Web Co
11:52:12 PM  1000      5011      1.00      0.00  Isolated Web Co
11:52:12 PM  1000      5014      4.00      0.00  Isolated Web Co
11:52:12 PM  1000      5113      1.00      0.00  Isolated Web Co
11:52:12 PM  1000      5165      1.00      0.00  Isolated Web Co
11:52:12 PM  1000      5180      1.00      0.00  Isolated Web Co
11:52:12 PM  1000      5220      1.00      0.00  Isolated Web Co
11:52:12 PM  1000      5273      2.00      0.00  Isolated Web Co
11:52:12 PM  1000      5469      1.00      0.00  Isolated Web Co
11:52:12 PM  1000      5546      1.00      1.00  Isolated Web Co
11:52:12 PM  1000      5549      1.00      0.00  Isolated Web Co
11:52:12 PM  1000      5646      1.00      0.00  Isolated Web Co
11:52:12 PM  1000      5704      1.00      0.00  Isolated Web Co
11:52:12 PM     0     22875      1.00      0.00  kworker/5:1-mm_percpu_wq
11:52:12 PM     0     27141      1.00      0.00  kworker/12:0-mm_percpu_wq
11:52:12 PM     0     30134      1.00      0.00  kworker/6:0-mm_percpu_wq
11:52:12 PM  1000     32073      1.00      0.00  Isolated Web Co
11:52:12 PM  1000     32126      1.00      0.00  Isolated Web Co
11:52:12 PM  1000     32169      1.00      0.00  Isolated Web Co
11:52:12 PM  1000     32658      1.00      0.00  Isolated Web Co
11:52:12 PM  1000     35005      8.00      2.00  chrome
11:52:12 PM  1000     35050      2.00      0.00  chrome
11:52:12 PM  1000     35051      2.00      0.00  chrome
11:52:12 PM  1000     35067      3.00      0.00  chrome
11:52:12 PM  1000     35182      3.00      1.00  chrome
11:52:12 PM  1000     35280      3.00      1.00  chrome
11:52:12 PM  1000     35618      2.00      0.00  chrome
11:52:12 PM  1000     35925      3.00      2.00  chrome
11:52:12 PM     0     39852      4.00      0.00  kworker/3:1-events
11:52:12 PM     0     43987      1.00      0.00  kworker/13:0-mm_percpu_wq
11:52:12 PM     0     44016      1.00      0.00  kworker/9:4-mm_percpu_wq
11:52:12 PM     0     44114      2.00      0.00  kworker/14:3-events
11:52:12 PM  1000     44842      2.00      0.00  chrome
11:52:12 PM     0     45130      4.00      0.00  kworker/2:5-events
11:52:12 PM     0     45146      2.00      0.00  kworker/8:2-events
11:52:12 PM     0     45732      1.00      0.00  kworker/10:0-mm_percpu_wq
11:52:12 PM     0     46066      1.00      0.00  kworker/15:0-mm_percpu_wq
11:52:12 PM     0     48072    446.00      3.00  kworker/u32:3-events_unbound
11:52:12 PM     0     48837      6.00      0.00  kworker/1:1-events
11:52:12 PM     0     48949      2.00      0.00  kworker/0:2-events
11:52:12 PM     0     49030      1.00      0.00  kworker/4:3-mm_percpu_wq
11:52:12 PM  1000     49115     44.00      4.00  code
11:52:12 PM  1000     49179    543.00     15.00  code
11:52:12 PM  1000     49183      1.00      0.00  code
11:52:12 PM  1000     49237    117.00     10.00  code
11:52:12 PM  1000     49279     10.00      0.00  code
11:52:12 PM  1000     49295      2.00      0.00  code
11:52:12 PM  1000     49323      8.00      0.00  code
11:52:12 PM  1000     49375      1.00      0.00  code
11:52:12 PM  1000     49758     13.00      2.00  Isolated Web Co
11:52:12 PM  1000     50048      4.00      0.00  chrome
11:52:12 PM     0     53138    108.00      1.00  kworker/u32:2-gfx_low
11:52:12 PM     0     55897      1.00      0.00  kworker/u33:0-rtw89_tx_wq
11:52:12 PM  1000     56950      1.00      0.00  mpstat
11:52:12 PM  1000     56951      1.00      0.00  vmstat
11:52:12 PM  1000     56952      1.00      4.00  pidstat

11:52:12 PM   UID       PID    %usr %system  %guest   %wait    %CPU   CPU  Command
11:52:13 PM     0       195    0.00    5.00    0.00    0.00    5.00     7  irq/35-ACPI:Event
11:52:13 PM   110       774    1.00    0.00    0.00    0.00    1.00    12  avahi-daemon
11:52:13 PM     0      1242    1.00    1.00    0.00    0.00    2.00     9  Xorg
11:52:13 PM  1000      1497    0.00    1.00    0.00    0.00    1.00    12  pipewire
11:52:13 PM  1000      1501    0.00    1.00    0.00    0.00    1.00    15  pipewire-pulse
11:52:13 PM  1000      1908    1.00    1.00    0.00    0.00    2.00    15  cinnamon
11:52:13 PM  1000      2263    2.00    3.00    0.00    0.00    5.00    10  firefox-bin
11:52:13 PM  1000      2470    0.00    1.00    0.00    0.00    1.00    15  WebExtensions
11:52:13 PM  1000      2836    1.00    0.00    0.00    0.00    1.00    11  Isolated Web Co
11:52:13 PM  1000      2963    4.00    1.00    0.00    0.00    5.00    11  Isolated Web Co
11:52:13 PM  1000      4439    1.00    0.00    0.00    0.00    1.00     8  Isolated Web Co
11:52:13 PM  1000     35005    1.00    0.00    0.00    0.00    1.00     7  chrome
11:52:13 PM     0     48072    0.00    1.00    0.00    0.00    1.00     9  kworker/u32:3+events_unbound
11:52:13 PM  1000     49115    1.00    0.00    0.00    0.00    1.00     4  code
11:52:13 PM  1000     49179    1.00    0.00    0.00    0.00    1.00     4  code
11:52:13 PM  1000     49237   49.00    1.00    0.00    0.00   50.00    13  code
11:52:13 PM  1000     49758    1.00    0.00    0.00    0.00    1.00     4  Isolated Web Co
11:52:13 PM  1000     56952    0.00    1.00    0.00    0.00    1.00    12  pidstat
11:52:13 PM  1000     56953  200.00    0.00    0.00    0.00  200.00     4  sysbench

11:52:12 PM   UID       PID  minflt/s  majflt/s     VSZ     RSS   %MEM  Command
11:52:13 PM  1000      2263      2.00      0.00 12395624  739264   4.69  firefox-bin
11:52:13 PM  1000      2470      2.00      0.00 2501044  133344   0.85  WebExtensions
11:52:13 PM  1000      2570      8.00      0.00 7944368  993144   6.30  Isolated Web Co
11:52:13 PM  1000      2836      1.00      0.00 2492292  110120   0.70  Isolated Web Co
11:52:13 PM  1000      2963    956.00      0.00 11694672  766956   4.87  Isolated Web Co
11:52:13 PM  1000      4536      1.00      0.00 2674512  196736   1.25  Isolated Web Co
11:52:13 PM  1000      4626      1.00      0.00 2539960  136720   0.87  Isolated Web Co
11:52:13 PM  1000      4869      1.00      0.00 2516492  124108   0.79  Isolated Web Co
11:52:13 PM  1000      5020     52.00      0.00 2500636  120508   0.76  Isolated Web Co
11:52:13 PM  1000      5113      1.00      0.00 2581424  154228   0.98  Isolated Web Co
11:52:13 PM  1000      5165      0.00      0.00 2487692  113680   0.72  Isolated Web Co
11:52:13 PM  1000      5180      1.00      0.00 2498724  119556   0.76  Isolated Web Co
11:52:13 PM  1000     49179      5.00      0.00 34568884  178404   1.13  code
11:52:13 PM  1000     49237    619.00      0.00 1480184128  386648   2.45  code
11:52:13 PM  1000     49295      1.00      0.00 1461300524  156432   0.99  code
11:52:13 PM  1000     49758      1.00      0.00 3262740  544504   3.46  Isolated Web Co
11:52:13 PM  1000     49887      0.00      0.00 2428608   51340   0.33  Web Content

11:52:12 PM   UID       PID   cswch/s nvcswch/s  Command
11:52:13 PM     0        16      1.00      0.00  ksoftirqd/0
11:52:13 PM     0        17    119.00      0.00  rcu_preempt
11:52:13 PM     0        18      4.00      0.00  migration/0
11:52:13 PM     0        23      4.00      0.00  migration/2
11:52:13 PM     0        29     71.00      0.00  migration/4
11:52:13 PM     0        35     14.00      0.00  migration/6
11:52:13 PM     0        41      9.00      0.00  migration/8
11:52:13 PM     0        47     13.00      0.00  migration/10
11:52:13 PM     0        53      7.00      0.00  migration/12
11:52:13 PM     0        59      4.00      0.00  migration/14
11:52:13 PM     0        65      1.00      0.00  migration/1
11:52:13 PM     0        71      1.00      0.00  migration/3
11:52:13 PM     0        77      3.00      0.00  migration/5
11:52:13 PM     0        83      2.00      0.00  migration/7
11:52:13 PM     0        89      4.00      0.00  migration/9
11:52:13 PM     0        95      9.00      0.00  migration/11
11:52:13 PM     0       101      1.00      0.00  migration/13
11:52:13 PM     0       107      2.00      0.00  migration/15
11:52:13 PM     0       119      2.00      0.00  kcompactd0
11:52:13 PM     0       150      1.00      0.00  kworker/7:1-mm_percpu_wq
11:52:13 PM     0       153      2.00      0.00  kworker/11:1-events
11:52:13 PM     0       195    127.00      0.00  irq/35-ACPI:Event
11:52:13 PM     0       224      2.00      0.00  kworker/9:1H-kblockd
11:52:13 PM     0       284    254.00      1.00  irq/40-ELAN1200:00
11:52:13 PM     0       367      3.00      1.00  jbd2/nvme0n1p7-8
11:52:13 PM   110       774     26.00      0.00  avahi-daemon
11:52:13 PM     0       822    128.00      2.00  touchegg
11:52:13 PM     0       884    106.00      0.00  irq/84-rtw89_pci
11:52:13 PM     0       914     22.00      0.00  NetworkManager
11:52:13 PM     0      1242    334.00      4.00  Xorg
11:52:13 PM  1000      1501    190.00     75.00  pipewire-pulse
11:52:13 PM  1000      1908     82.00      1.00  cinnamon
11:52:13 PM  1000      2104     10.00      0.00  blueman-tray
11:52:13 PM  1000      2263     38.00      0.00  firefox-bin
11:52:13 PM  1000      2402     70.00      2.00  Privileged Cont
11:52:13 PM  1000      2470     11.00      1.00  WebExtensions
11:52:13 PM  1000      2570      5.00      0.00  Isolated Web Co
11:52:13 PM  1000      2836      5.00      0.00  Isolated Web Co
11:52:13 PM  1000      2963    164.00      5.00  Isolated Web Co
11:52:13 PM  1000      3003      2.00      1.00  Isolated Web Co
11:52:13 PM  1000      4259      4.00      0.00  Isolated Web Co
11:52:13 PM  1000      4311      1.00      0.00  Isolated Web Co
11:52:13 PM  1000      4436      1.00      0.00  Isolated Web Co
11:52:13 PM  1000      4439      4.00      0.00  Isolated Web Co
11:52:13 PM  1000      4446      1.00      0.00  Isolated Web Co
11:52:13 PM  1000      4536      2.00      0.00  Isolated Web Co
11:52:13 PM  1000      4589      1.00      0.00  Isolated Web Co
11:52:13 PM  1000      4605      1.00      0.00  Isolated Web Co
11:52:13 PM  1000      4626      1.00      0.00  Isolated Web Co
11:52:13 PM  1000      4637      2.00      0.00  Isolated Web Co
11:52:13 PM  1000      4650      1.00      0.00  Isolated Web Co
11:52:13 PM  1000      4764      1.00      0.00  Isolated Web Co
11:52:13 PM  1000      4803      1.00      0.00  Isolated Web Co
11:52:13 PM  1000      4809      1.00      0.00  Isolated Web Co
11:52:13 PM  1000      4869      1.00      0.00  Isolated Web Co
11:52:13 PM  1000      4904      1.00      0.00  Isolated Web Co
11:52:13 PM  1000      4907      1.00      0.00  Isolated Web Co
11:52:13 PM  1000      4914      1.00      0.00  Isolated Web Co
11:52:13 PM  1000      5011      1.00      0.00  Isolated Web Co
11:52:13 PM  1000      5014      1.00      0.00  Isolated Web Co
11:52:13 PM  1000      5020      5.00      0.00  Isolated Web Co
11:52:13 PM  1000      5113      1.00      0.00  Isolated Web Co
11:52:13 PM  1000      5165      4.00      0.00  Isolated Web Co
11:52:13 PM  1000      5180      1.00      0.00  Isolated Web Co
11:52:13 PM  1000      5220      1.00      0.00  Isolated Web Co
11:52:13 PM  1000      5273      2.00      0.00  Isolated Web Co
11:52:13 PM  1000      5469      1.00      0.00  Isolated Web Co
11:52:13 PM  1000      5546      1.00      0.00  Isolated Web Co
11:52:13 PM  1000      5549      1.00      0.00  Isolated Web Co
11:52:13 PM  1000      5646      1.00      0.00  Isolated Web Co
11:52:13 PM  1000      5704      1.00      0.00  Isolated Web Co
11:52:13 PM     0     22875      2.00      0.00  kworker/5:1-events
11:52:13 PM     0     27141      2.00      0.00  kworker/12:0-mm_percpu_wq
11:52:13 PM     0     30134      1.00      0.00  kworker/6:0-mm_percpu_wq
11:52:13 PM  1000     32073      1.00      0.00  Isolated Web Co
11:52:13 PM  1000     32126      1.00      0.00  Isolated Web Co
11:52:13 PM  1000     32169      1.00      0.00  Isolated Web Co
11:52:13 PM  1000     35005      3.00      0.00  chrome
11:52:13 PM  1000     35280      1.00      0.00  chrome
11:52:13 PM     0     39852      2.00      0.00  kworker/3:1-events
11:52:13 PM     0     43987      1.00      0.00  kworker/13:0-mm_percpu_wq
11:52:13 PM     0     44016      1.00      0.00  kworker/9:4-mm_percpu_wq
11:52:13 PM     0     44114      2.00      0.00  kworker/14:3-events
11:52:13 PM     0     45130      1.00      0.00  kworker/2:5-mm_percpu_wq
11:52:13 PM     0     45146      3.00      0.00  kworker/8:2-events
11:52:13 PM     0     45732      1.00      0.00  kworker/10:0-mm_percpu_wq
11:52:13 PM     0     46066      1.00      0.00  kworker/15:0-mm_percpu_wq
11:52:13 PM     0     48072    113.00      1.00  kworker/u32:3+events_unbound
11:52:13 PM     0     48837      6.00      0.00  kworker/1:1-events
11:52:13 PM     0     48949      2.00      0.00  kworker/0:2-mm_percpu_wq
11:52:13 PM     0     49030      1.00      0.00  kworker/4:3-mm_percpu_wq
11:52:13 PM  1000     49115     75.00      3.00  code
11:52:13 PM  1000     49179     82.00      0.00  code
11:52:13 PM  1000     49237     79.00     24.00  code
11:52:13 PM  1000     49279     10.00      0.00  code
11:52:13 PM  1000     49295      2.00      1.00  code
11:52:13 PM  1000     49323     12.00      1.00  code
11:52:13 PM  1000     49375      1.00      0.00  code
11:52:13 PM  1000     49758     12.00      3.00  Isolated Web Co
11:52:13 PM  1000     49887      3.00      0.00  Web Content
11:52:13 PM     0     53138      9.00      0.00  kworker/u32:2-gfx_low
11:52:13 PM     0     55897      2.00      0.00  kworker/u33:0-rtw89_tx_wq
11:52:13 PM  1000     56950      1.00      0.00  mpstat
11:52:13 PM  1000     56951      2.00      0.00  vmstat
11:52:13 PM  1000     56952      1.00      1.00  pidstat
