Linux 6.8.0-51-generic (abhijeet-Vivobook) 	09/10/2025 	_x86_64_	(16 CPU)

11:52:34 PM   UID       PID    %usr %system  %guest   %wait    %CPU   CPU  Command
11:52:35 PM     0       195    0.00    2.91    0.00    0.00    2.91     7  irq/35-ACPI:Event
11:52:35 PM     0       284    0.00    0.97    0.00    0.00    0.97     9  irq/40-ELAN1200:00
11:52:35 PM     0      1242    0.97    1.94    0.00    0.97    2.91     9  Xorg
11:52:35 PM  1000      1501    0.00    0.97    0.00    0.00    0.97     3  pipewire-pulse
11:52:35 PM  1000      1908    6.80    0.97    0.00    8.74    7.77     9  cinnamon
11:52:35 PM  1000      2263    6.80    3.88    0.00    2.91   10.68     9  firefox-bin
11:52:35 PM  1000      2836    0.97    0.00    0.00    0.00    0.97     2  Isolated Web Co
11:52:35 PM  1000      2963    1.94    0.00    0.00    0.97    1.94    13  Isolated Web Co
11:52:35 PM  1000      3003    0.97    0.00    0.00    0.97    0.97     0  Isolated Web Co
11:52:35 PM  1000      4439    0.97    0.00    0.00    0.00    0.97     6  Isolated Web Co
11:52:35 PM  1000      4605    0.97    0.00    0.00    0.97    0.97    12  Isolated Web Co
11:52:35 PM  1000     49179    3.88    1.94    0.00    4.85    5.83     2  code
11:52:35 PM  1000     49237    7.77    0.97    0.00    6.80    8.74     6  code
11:52:35 PM  1000     49279    0.00    0.97    0.00    0.97    0.97     5  code
11:52:35 PM  1000     49295    0.97    0.00    0.00    0.97    0.97     3  code
11:52:35 PM  1000     49323    0.97    0.00    0.00    0.97    0.97    13  code
11:52:35 PM  1000     49758    9.71    0.97    0.00    8.74   10.68    13  Isolated Web Co
11:52:35 PM     0     53138    0.00    0.97    0.00    0.00    0.97     9  kworker/u32:2+events_unbound
11:52:35 PM  1000     57115    0.97    0.97    0.00    1.94    1.94    12  pidstat
11:52:35 PM  1000     57116 1563.11    0.97    0.00    0.00 1564.08     1  sysbench
11:52:35 PM  1000     57136    0.00    1.94    0.00    1.94    1.94     1  ps

11:52:34 PM   UID       PID  minflt/s  majflt/s     VSZ     RSS   %MEM  Command
11:52:35 PM  1000      1908      3.88      0.00 5279180  262100   1.66  cinnamon
11:52:35 PM  1000      2263    102.91      0.00 12395592  741056   4.70  firefox-bin
11:52:35 PM  1000      2570     18.45      0.00 7944368  991676   6.29  Isolated Web Co
11:52:35 PM  1000      2839      9.71      0.00 2460064   78008   0.50  Isolated Servic
11:52:35 PM  1000      2963      0.97      0.00 11694672  768176   4.88  Isolated Web Co
11:52:35 PM  1000      3003      2.91      0.00 2799964  312788   1.99  Isolated Web Co
11:52:35 PM  1000      4536      8.74      0.00 2674496  196692   1.25  Isolated Web Co
11:52:35 PM  1000      4589     73.79      0.00 2907064  302948   1.92  Isolated Web Co
11:52:35 PM  1000      4605     30.10      0.00 2529552  126628   0.80  Isolated Web Co
11:52:35 PM  1000      4650      2.91      0.00 2570404  149464   0.95  Isolated Web Co
11:52:35 PM  1000      4764      5.83      0.00 2568988  146176   0.93  Isolated Web Co
11:52:35 PM  1000     35050     87.38      0.00 34734236  274280   1.74  chrome
11:52:35 PM  1000     35051     12.62      0.00 34064912  131296   0.83  chrome
11:52:35 PM  1000     49115      5.83      0.00 1461534896  191268   1.21  code
11:52:35 PM  1000     49179    406.80      0.00 34581108  178828   1.13  code
11:52:35 PM  1000     49237    237.86      0.00 1480185088  388832   2.47  code
11:52:35 PM  1000     49279    238.83      0.00 1461308524  115524   0.73  code
11:52:35 PM  1000     49295     13.59      0.00 1461300524  156300   0.99  code
11:52:35 PM  1000     49322     17.48      0.00 1461299592  113148   0.72  code
11:52:35 PM  1000     49323      0.97      0.00 1461316600  106864   0.68  code
11:52:35 PM  1000     49758    537.86      0.00 3262756  545872   3.46  Isolated Web Co
11:52:35 PM  1000     57115      2.91      0.00   17356    5632   0.04  pidstat
11:52:35 PM  1000     57116      0.97      0.00   34212    9856   0.06  sysbench
11:52:35 PM  1000     57135    113.59      0.00    2800    1536   0.01  sh
11:52:35 PM  1000     57136    434.95      0.00   19284    4480   0.03  ps

11:52:34 PM   UID       PID   cswch/s nvcswch/s  Command
11:52:35 PM     0        17    266.99      0.00  rcu_preempt
11:52:35 PM     0        24      2.91      0.00  ksoftirqd/2
11:52:35 PM     0        60      1.94      0.97  ksoftirqd/14
11:52:35 PM     0        72      0.97      0.00  ksoftirqd/3
11:52:35 PM     0        78      0.97      0.00  ksoftirqd/5
11:52:35 PM     0       119      1.94      0.00  kcompactd0
11:52:35 PM     0       150      1.94      0.00  kworker/7:1-events
11:52:35 PM     0       153      2.91      0.00  kworker/11:1-mld
11:52:35 PM     0       195     93.20      0.00  irq/35-ACPI:Event
11:52:35 PM     0       284    184.47      0.00  irq/40-ELAN1200:00
11:52:35 PM   110       774     41.75      8.74  avahi-daemon
11:52:35 PM     0       822     92.23      0.00  touchegg
11:52:35 PM     0       884    151.46      0.00  irq/84-rtw89_pci
11:52:35 PM     0       914     20.39      1.94  NetworkManager
11:52:35 PM     0      1242    859.22     49.51  Xorg
11:52:35 PM  1000      1501    217.48      0.97  pipewire-pulse
11:52:35 PM  1000      1750      1.94      2.91  csd-keyboard
11:52:35 PM  1000      1782      1.94      0.00  dbus-daemon
11:52:35 PM  1000      1839      5.83      0.00  at-spi2-registr
11:52:35 PM  1000      1908    289.32    209.71  cinnamon
11:52:35 PM  1000      2104     10.68      0.00  blueman-tray
11:52:35 PM  1000      2263    110.68     37.86  firefox-bin
11:52:35 PM  1000      2352      0.97      0.00  Socket Process
11:52:35 PM  1000      2402    144.66      0.00  Privileged Cont
11:52:35 PM  1000      2470      7.77      4.85  WebExtensions
11:52:35 PM  1000      2570      9.71      1.94  Isolated Web Co
11:52:35 PM  1000      2836      2.91      0.00  Isolated Web Co
11:52:35 PM  1000      2839     44.66      0.00  Isolated Servic
11:52:35 PM  1000      2963    151.46      6.80  Isolated Web Co
11:52:35 PM  1000      3003      7.77      1.94  Isolated Web Co
11:52:35 PM  1000      4259      0.97      0.00  Isolated Web Co
11:52:35 PM  1000      4311      0.97      0.97  Isolated Web Co
11:52:35 PM  1000      4436      0.97      0.00  Isolated Web Co
11:52:35 PM  1000      4439      0.97      0.00  Isolated Web Co
11:52:35 PM  1000      4446      0.97      0.00  Isolated Web Co
11:52:35 PM  1000      4536      3.88      3.88  Isolated Web Co
11:52:35 PM  1000      4589      3.88      3.88  Isolated Web Co
11:52:35 PM  1000      4605      3.88      5.83  Isolated Web Co
11:52:35 PM  1000      4626      0.97      0.00  Isolated Web Co
11:52:35 PM  1000      4637      0.97      0.00  Isolated Web Co
11:52:35 PM  1000      4650      0.97      0.00  Isolated Web Co
11:52:35 PM  1000      4764      0.97      0.97  Isolated Web Co
11:52:35 PM  1000      4803      0.97      0.00  Isolated Web Co
11:52:35 PM  1000      4809      0.97      0.00  Isolated Web Co
11:52:35 PM  1000      4869      0.97      0.00  Isolated Web Co
11:52:35 PM  1000      4904      0.97      0.00  Isolated Web Co
11:52:35 PM  1000      4907      0.97      0.00  Isolated Web Co
11:52:35 PM  1000      4914      0.97      0.00  Isolated Web Co
11:52:35 PM  1000      5011      0.97      0.00  Isolated Web Co
11:52:35 PM  1000      5014      0.97      0.00  Isolated Web Co
11:52:35 PM  1000      5020      0.97      0.00  Isolated Web Co
11:52:35 PM  1000      5113      0.97      0.00  Isolated Web Co
11:52:35 PM  1000      5165      0.97      0.00  Isolated Web Co
11:52:35 PM  1000      5180      0.97      0.00  Isolated Web Co
11:52:35 PM  1000      5220      0.97      0.97  Isolated Web Co
11:52:35 PM  1000      5273      0.97      0.00  Isolated Web Co
11:52:35 PM  1000      5469      0.97      0.00  Isolated Web Co
11:52:35 PM  1000      5546      0.97      0.00  Isolated Web Co
11:52:35 PM  1000      5549      0.97      0.00  Isolated Web Co
11:52:35 PM  1000      5646      0.97      0.00  Isolated Web Co
11:52:35 PM  1000      5704      0.97      0.00  Isolated Web Co
11:52:35 PM     0     22875      2.91      0.00  kworker/5:1-events
11:52:35 PM     0     27141      0.97      0.00  kworker/12:0-mm_percpu_wq
11:52:35 PM     0     30134      0.97      0.00  kworker/6:0-mm_percpu_wq
11:52:35 PM  1000     32073      0.97      0.00  Isolated Web Co
11:52:35 PM  1000     32126      0.97      0.00  Isolated Web Co
11:52:35 PM  1000     32169      0.97      0.00  Isolated Web Co
11:52:35 PM  1000     32341      0.97      0.00  Isolated Web Co
11:52:35 PM  1000     32658      0.97      0.00  Isolated Web Co
11:52:35 PM  1000     35005      1.94      0.00  chrome
11:52:35 PM  1000     35050      0.97      0.00  chrome
11:52:35 PM  1000     35051      0.97      0.00  chrome
11:52:35 PM  1000     35182      0.97      0.00  chrome
11:52:35 PM  1000     35280      0.97      0.00  chrome
11:52:35 PM     0     39852      1.94      0.00  kworker/3:1-events_freezable
11:52:35 PM     0     43987      0.97      0.00  kworker/13:0-mm_percpu_wq
11:52:35 PM     0     44016      0.97      0.00  kworker/9:4-mm_percpu_wq
11:52:35 PM     0     44114      0.97      0.00  kworker/14:3-mm_percpu_wq
11:52:35 PM     0     45130      0.97      0.00  kworker/2:5-mm_percpu_wq
11:52:35 PM     0     45146      1.94      0.00  kworker/8:2-events
11:52:35 PM     0     45732      0.97      0.00  kworker/10:0-mm_percpu_wq
11:52:35 PM     0     46066      0.97      0.00  kworker/15:0-mm_percpu_wq
11:52:35 PM     0     48072      0.97      0.00  kworker/u32:3-gfx_low
11:52:35 PM     0     48837      2.91      0.00  kworker/1:1-events
11:52:35 PM     0     48949      0.97      0.00  kworker/0:2-events
11:52:35 PM     0     49030      2.91      0.00  kworker/4:3-events
11:52:35 PM  1000     49115     24.27      1.94  code
11:52:35 PM  1000     49179    239.81    267.96  code
11:52:35 PM  1000     49237    116.50     48.54  code
11:52:35 PM  1000     49279     14.56      1.94  code
11:52:35 PM  1000     49295     11.65     19.42  code
11:52:35 PM  1000     49322      5.83      0.97  code
11:52:35 PM  1000     49323     13.59      3.88  code
11:52:35 PM  1000     49758    106.80     30.10  Isolated Web Co
11:52:35 PM     0     53079      1.94      0.00  kworker/u33:1-rtw89_tx_wq
11:52:35 PM     0     53138    423.30      2.91  kworker/u32:2+events_unbound
11:52:35 PM     0     56192    300.00      0.97  kworker/u32:4-gfx_low
11:52:35 PM  1000     57113      0.97      0.97  mpstat
11:52:35 PM  1000     57114      0.97      0.00  vmstat
11:52:35 PM  1000     57115      0.97      5.83  pidstat
11:52:35 PM  1000     57135      1.94      0.00  sh
11:52:35 PM  1000     57136      0.00      6.80  ps

11:52:35 PM   UID       PID    %usr %system  %guest   %wait    %CPU   CPU  Command
11:52:36 PM     0        17    0.00    1.00    0.00    0.00    1.00     8  rcu_preempt
11:52:36 PM     0       884    0.00    1.00    0.00    0.00    1.00    11  irq/84-rtw89_pci
11:52:36 PM     0      1242    1.00    2.00    0.00    0.00    3.00     2  Xorg
11:52:36 PM  1000      1501    1.00    0.00    0.00    0.00    1.00     5  pipewire-pulse
11:52:36 PM  1000      1908    4.00    1.00    0.00    6.00    5.00     2  cinnamon
11:52:36 PM  1000      2263    7.00    2.00    0.00    3.00    9.00     0  firefox-bin
11:52:36 PM  1000      2402    1.00    1.00    0.00    0.00    2.00     5  Privileged Cont
11:52:36 PM  1000      2570    1.00    1.00    0.00    2.00    2.00    15  Isolated Web Co
11:52:36 PM  1000      2963    2.00    0.00    0.00    2.00    2.00    13  Isolated Web Co
11:52:36 PM  1000      4589    1.00    0.00    0.00    0.00    1.00     9  Isolated Web Co
11:52:36 PM  1000      4637    1.00    0.00    0.00    0.00    1.00     5  Isolated Web Co
11:52:36 PM  1000      4907    1.00    0.00    0.00    0.00    1.00    11  Isolated Web Co
11:52:36 PM  1000     49179    2.00    1.00    0.00    2.00    3.00     9  code
11:52:36 PM  1000     49237    2.00    0.00    0.00    2.00    2.00     3  code
11:52:36 PM  1000     49758   27.00    2.00    0.00   21.00   29.00    15  Isolated Web Co
11:52:36 PM     0     56192    0.00    1.00    0.00    1.00    1.00     9  kworker/u32:4-gfx_low
11:52:36 PM  1000     57115    1.00    2.00    0.00    3.00    3.00    12  pidstat
11:52:36 PM  1000     57116 1534.00    1.00    0.00    0.00 1535.00     1  sysbench

11:52:35 PM   UID       PID  minflt/s  majflt/s     VSZ     RSS   %MEM  Command
11:52:36 PM  1000      2263     31.00      0.00 12395608  741184   4.70  firefox-bin
11:52:36 PM  1000      2402      1.00      0.00 2723484  245232   1.56  Privileged Cont
11:52:36 PM  1000      2470      2.00      0.00 2501060  133600   0.85  WebExtensions
11:52:36 PM  1000      2570   1639.00      0.00 7944368  994600   6.31  Isolated Web Co
11:52:36 PM  1000      2963      5.00      0.00 11694672  768176   4.88  Isolated Web Co
11:52:36 PM  1000      4589      1.00      0.00 2907064  302948   1.92  Isolated Web Co
11:52:36 PM  1000      4637      1.00      0.00 2547588  138452   0.88  Isolated Web Co
11:52:36 PM  1000      4803     31.00      0.00 2511096  122292   0.78  Isolated Web Co
11:52:36 PM  1000      4869     29.00      0.00 2516476  123956   0.79  Isolated Web Co
11:52:36 PM  1000      4907     25.00      0.00 2503844  122808   0.78  Isolated Web Co
11:52:36 PM  1000      5469      1.00      0.00 2549160  142792   0.91  Isolated Web Co
11:52:36 PM  1000      5646     30.00      0.00 2513032  124264   0.79  Isolated Web Co
11:52:36 PM  1000     35005    128.00      0.00 34324576  364216   2.31  chrome
11:52:36 PM  1000     49115      8.00      0.00 1461534896  191268   1.21  code
11:52:36 PM  1000     49179      1.00      0.00 34577972  178828   1.13  code
11:52:36 PM  1000     49183      1.00      0.00 33880256   74392   0.47  code
11:52:36 PM  1000     49237     63.00      0.00 1480181952  388672   2.47  code
11:52:36 PM  1000     49279    156.00      0.00 1461308524  115652   0.73  code
11:52:36 PM  1000     49295      2.00      0.00 1461300524  156300   0.99  code
11:52:36 PM  1000     49323     12.00      0.00 1461316600  106992   0.68  code
11:52:36 PM  1000     49758   5372.00      1.00 3262772  554832   3.52  Isolated Web Co
11:52:36 PM  1000     50048      2.00      0.00 1283801512   62420   0.40  chrome
11:52:36 PM  1000     57115      5.00      0.00   17496    5632   0.04  pidstat
11:52:36 PM  1000     57137    119.00      0.00    2800    1536   0.01  sh
11:52:36 PM  1000     57138    337.00      0.00   15524    3584   0.02  cpuUsage.sh
11:52:36 PM  1000     57145     99.00      0.00   13872    1920   0.01  sleep

11:52:35 PM   UID       PID   cswch/s nvcswch/s  Command
11:52:36 PM     0         1      1.00      0.00  systemd
11:52:36 PM     0        17    265.00      0.00  rcu_preempt
11:52:36 PM     0        30      1.00      0.00  ksoftirqd/4
11:52:36 PM     0        35      1.00      0.00  migration/6
11:52:36 PM     0        54      2.00      0.00  ksoftirqd/12
11:52:36 PM     0        66      1.00      0.00  ksoftirqd/1
11:52:36 PM     0       119      2.00      0.00  kcompactd0
11:52:36 PM     0       135      4.00      0.00  kworker/14:1H-kblockd
11:52:36 PM     0       150      1.00      0.00  kworker/7:1-mm_percpu_wq
11:52:36 PM     0       153     14.00      0.00  kworker/11:1-mld
11:52:36 PM   991       747      2.00      0.00  systemd-resolve
11:52:36 PM   110       774     16.00      2.00  avahi-daemon
11:52:36 PM     0       822      9.00      0.00  touchegg
11:52:36 PM     0       884    153.00      0.00  irq/84-rtw89_pci
11:52:36 PM     0       914     15.00      0.00  NetworkManager
11:52:36 PM     0      1242    517.00     38.00  Xorg
11:52:36 PM   109      1437      1.00      0.00  kerneloops
11:52:36 PM  1000      1501    210.00      0.00  pipewire-pulse
11:52:36 PM  1000      1908    146.00    224.00  cinnamon
11:52:36 PM  1000      2104     10.00      0.00  blueman-tray
11:52:36 PM  1000      2263    187.00     63.00  firefox-bin
11:52:36 PM  1000      2352      2.00      3.00  Socket Process
11:52:36 PM  1000      2402    150.00      5.00  Privileged Cont
11:52:36 PM  1000      2470     20.00      0.00  WebExtensions
11:52:36 PM  1000      2570      6.00      4.00  Isolated Web Co
11:52:36 PM  1000      2836      1.00      0.00  Isolated Web Co
11:52:36 PM  1000      2963    156.00     12.00  Isolated Web Co
11:52:36 PM  1000      3003      2.00      0.00  Isolated Web Co
11:52:36 PM  1000      4259      2.00      0.00  Isolated Web Co
11:52:36 PM  1000      4311      2.00      0.00  Isolated Web Co
11:52:36 PM  1000      4436      4.00      0.00  Isolated Web Co
11:52:36 PM  1000      4439      1.00      0.00  Isolated Web Co
11:52:36 PM  1000      4446      2.00      0.00  Isolated Web Co
11:52:36 PM  1000      4536      1.00      0.00  Isolated Web Co
11:52:36 PM  1000      4589      1.00      2.00  Isolated Web Co
11:52:36 PM  1000      4605      1.00      0.00  Isolated Web Co
11:52:36 PM  1000      4626      2.00      0.00  Isolated Web Co
11:52:36 PM  1000      4637      4.00      3.00  Isolated Web Co
11:52:36 PM  1000      4650      3.00      0.00  Isolated Web Co
11:52:36 PM  1000      4764      2.00      0.00  Isolated Web Co
11:52:36 PM  1000      4803      5.00      0.00  Isolated Web Co
11:52:36 PM  1000      4809      1.00      0.00  Isolated Web Co
11:52:36 PM  1000      4869      5.00      1.00  Isolated Web Co
11:52:36 PM  1000      4904      2.00      0.00  Isolated Web Co
11:52:36 PM  1000      4907      7.00      0.00  Isolated Web Co
11:52:36 PM  1000      4914     15.00      0.00  Isolated Web Co
11:52:36 PM  1000      5011      2.00      0.00  Isolated Web Co
11:52:36 PM  1000      5014      1.00      0.00  Isolated Web Co
11:52:36 PM  1000      5020      2.00      0.00  Isolated Web Co
11:52:36 PM  1000      5113      2.00      0.00  Isolated Web Co
11:52:36 PM  1000      5165      1.00      0.00  Isolated Web Co
11:52:36 PM  1000      5180      2.00      0.00  Isolated Web Co
11:52:36 PM  1000      5220      2.00      0.00  Isolated Web Co
11:52:36 PM  1000      5273      2.00      0.00  Isolated Web Co
11:52:36 PM  1000      5469      2.00      0.00  Isolated Web Co
11:52:36 PM  1000      5546      9.00      0.00  Isolated Web Co
11:52:36 PM  1000      5549      6.00      0.00  Isolated Web Co
11:52:36 PM  1000      5646      5.00      0.00  Isolated Web Co
11:52:36 PM  1000      5704      2.00      0.00  Isolated Web Co
11:52:36 PM     0     22875      3.00      0.00  kworker/5:1-mm_percpu_wq
11:52:36 PM     0     27141      1.00      0.00  kworker/12:0-mm_percpu_wq
11:52:36 PM     0     30134      4.00      0.00  kworker/6:0-events
11:52:36 PM  1000     32073      1.00      0.00  Isolated Web Co
11:52:36 PM  1000     32126      2.00      0.00  Isolated Web Co
11:52:36 PM  1000     32169      5.00      1.00  Isolated Web Co
11:52:36 PM  1000     32341      1.00      0.00  Isolated Web Co
11:52:36 PM  1000     32658      1.00      1.00  Isolated Web Co
11:52:36 PM  1000     35005      3.00      0.00  chrome
11:52:36 PM  1000     35280      1.00      0.00  chrome
11:52:36 PM  1000     35925      1.00      0.00  chrome
11:52:36 PM     0     39852      3.00      0.00  kworker/3:1-events
11:52:36 PM     0     43987      4.00      0.00  kworker/13:0-events
11:52:36 PM     0     44016      2.00      0.00  kworker/9:4-pm
11:52:36 PM     0     44114      1.00      0.00  kworker/14:3-mm_percpu_wq
11:52:36 PM     0     45130      3.00      0.00  kworker/2:5-events
11:52:36 PM     0     45146      1.00      0.00  kworker/8:2-mm_percpu_wq
11:52:36 PM     0     45732      9.00      0.00  kworker/10:0-events
11:52:36 PM     0     46066      1.00      0.00  kworker/15:0-mm_percpu_wq
11:52:36 PM     0     48837      6.00      0.00  kworker/1:1-events
11:52:36 PM     0     48949      3.00      0.00  kworker/0:2-events
11:52:36 PM     0     49030      5.00      0.00  kworker/4:3-mm_percpu_wq
11:52:36 PM  1000     49115      2.00      0.00  code
11:52:36 PM  1000     49179    181.00     94.00  code
11:52:36 PM  1000     49183      1.00      0.00  code
11:52:36 PM  1000     49237     50.00     13.00  code
11:52:36 PM  1000     49279     16.00     10.00  code
11:52:36 PM  1000     49295      3.00      0.00  code
11:52:36 PM  1000     49322      1.00      0.00  code
11:52:36 PM  1000     49323     12.00      0.00  code
11:52:36 PM  1000     49375      1.00      0.00  code
11:52:36 PM  1000     49758     63.00    128.00  Isolated Web Co
11:52:36 PM  1000     50048      1.00      0.00  chrome
11:52:36 PM     0     53079      7.00      0.00  kworker/u33:1-rtw89_tx_wq
11:52:36 PM     0     53138    340.00      0.00  kworker/u32:2+events_unbound
11:52:36 PM     0     56192    123.00      2.00  kworker/u32:4-gfx_low
11:52:36 PM     0     57023      5.00      0.00  kworker/u33:2-rtw89_tx_wq
11:52:36 PM  1000     57113      1.00      0.00  mpstat
11:52:36 PM  1000     57114      1.00      0.00  vmstat
11:52:36 PM  1000     57115      1.00      8.00  pidstat
11:52:36 PM  1000     57137      2.00      0.00  sh
11:52:36 PM  1000     57138     17.00      1.00  cpuUsage.sh
11:52:36 PM  1000     57145      1.00      0.00  sleep

11:52:36 PM   UID       PID    %usr %system  %guest   %wait    %CPU   CPU  Command
11:52:37 PM     0       150    0.00    1.00    0.00    0.00    1.00     7  kworker/7:1-mm_percpu_wq
11:52:37 PM   110       774    1.00    0.00    0.00    0.00    1.00    11  avahi-daemon
11:52:37 PM     0      1242    1.00    1.00    0.00    0.00    2.00    10  Xorg
11:52:37 PM  1000      1497    0.00    1.00    0.00    0.00    1.00    12  pipewire
11:52:37 PM  1000      1908    1.00    0.00    0.00    2.00    1.00    10  cinnamon
11:52:37 PM  1000      2263    3.00    2.00    0.00    1.00    5.00    10  firefox-bin
11:52:37 PM  1000      2570    1.00    0.00    0.00    0.00    1.00    15  Isolated Web Co
11:52:37 PM  1000      2882    4.00    2.00    0.00    4.00    6.00     0  mintreport-tray
11:52:37 PM  1000      2963    2.00    1.00    0.00    1.00    3.00    13  Isolated Web Co
11:52:37 PM  1000      4436    1.00    1.00    0.00    0.00    2.00     0  Isolated Web Co
11:52:37 PM  1000      4446    0.00    1.00    0.00    0.00    1.00    14  Isolated Web Co
11:52:37 PM  1000     32341    1.00    0.00    0.00    0.00    1.00     0  Isolated Web Co
11:52:37 PM  1000     49237    0.00    1.00    0.00    0.00    1.00     3  code
11:52:37 PM  1000     49279    1.00    0.00    0.00    0.00    1.00     5  code
11:52:37 PM  1000     49758    4.00    1.00    0.00    4.00    5.00    14  Isolated Web Co
11:52:37 PM     0     53138    0.00    1.00    0.00    0.00    1.00     9  kworker/u32:2-events_unbound
11:52:37 PM  1000     57115    0.00    2.00    0.00    2.00    2.00    12  pidstat
11:52:37 PM  1000     57116 1567.00    1.00    0.00    0.00 1568.00     1  sysbench

11:52:36 PM   UID       PID  minflt/s  majflt/s     VSZ     RSS   %MEM  Command
11:52:37 PM  1000      2263      9.00      0.00 12395608  741184   4.70  firefox-bin
11:52:37 PM  1000      2470      3.00      0.00 2501060  133600   0.85  WebExtensions
11:52:37 PM  1000      2570      5.00      0.00 7944368  994600   6.31  Isolated Web Co
11:52:37 PM  1000      2963      1.00      0.00 11694672  768176   4.88  Isolated Web Co
11:52:37 PM  1000      3003      1.00      0.00 2799964  312788   1.99  Isolated Web Co
11:52:37 PM  1000      4436     42.00      0.00 2485164  110552   0.70  Isolated Web Co
11:52:37 PM  1000      4605      1.00      0.00 2529552  126628   0.80  Isolated Web Co
11:52:37 PM  1000      4914      1.00      0.00 2522988  139028   0.88  Isolated Web Co
11:52:37 PM  1000      5113      1.00      0.00 2581408  154100   0.98  Isolated Web Co
11:52:37 PM  1000      5273     31.00      0.00 2529700  133188   0.85  Isolated Web Co
11:52:37 PM  1000      5469      1.00      0.00 2549160  142792   0.91  Isolated Web Co
11:52:37 PM  1000     32341      5.00      0.00 2471632  105804   0.67  Isolated Web Co
11:52:37 PM  1000     35067      4.00      0.00 34291624   59576   0.38  chrome
11:52:37 PM  1000     35618      1.00      0.00 34035280   85752   0.54  chrome
11:52:37 PM  1000     49115      0.00      0.00 1461531824  191268   1.21  code
11:52:37 PM  1000     49179      2.00      0.00 34570804  177820   1.13  code
11:52:37 PM  1000     49183      9.00      0.00 33880256   74392   0.47  code
11:52:37 PM  1000     49237     40.00      0.00 1480181952  388800   2.47  code
11:52:37 PM  1000     49279     20.00      0.00 1461308524  115652   0.73  code
11:52:37 PM  1000     49295      1.00      0.00 1461300524  156300   0.99  code
11:52:37 PM  1000     49322      8.00      0.00 1461299592  113148   0.72  code
11:52:37 PM  1000     49758    522.00      0.00 3262772  554012   3.52  Isolated Web Co
11:52:37 PM  1000     57115      6.00      0.00   17496    5760   0.04  pidstat

11:52:36 PM   UID       PID   cswch/s nvcswch/s  Command
11:52:37 PM     0        17    186.00      0.00  rcu_preempt
11:52:37 PM     0        18      1.00      0.00  migration/0
11:52:37 PM     0        23      1.00      0.00  migration/2
11:52:37 PM     0        29      1.00      0.00  migration/4
11:52:37 PM     0        30      1.00      0.00  ksoftirqd/4
11:52:37 PM     0        35      1.00      0.00  migration/6
11:52:37 PM     0        41      1.00      0.00  migration/8
11:52:37 PM     0        47      1.00      0.00  migration/10
11:52:37 PM     0        53      1.00      0.00  migration/12
11:52:37 PM     0        59      1.00      0.00  migration/14
11:52:37 PM     0        65      1.00      0.00  migration/1
11:52:37 PM     0        71      1.00      0.00  migration/3
11:52:37 PM     0        77      1.00      0.00  migration/5
11:52:37 PM     0        78      1.00      0.00  ksoftirqd/5
11:52:37 PM     0        83      1.00      0.00  migration/7
11:52:37 PM     0        84      1.00      0.00  ksoftirqd/7
11:52:37 PM     0        89      1.00      0.00  migration/9
11:52:37 PM     0        95      1.00      0.00  migration/11
11:52:37 PM     0       101      1.00      0.00  migration/13
11:52:37 PM     0       107      2.00      0.00  migration/15
11:52:37 PM     0       119      2.00      0.00  kcompactd0
11:52:37 PM     0       150      1.00      0.00  kworker/7:1-mm_percpu_wq
11:52:37 PM     0       153      7.00      0.00  kworker/11:1-events
11:52:37 PM   110       774     17.00     11.00  avahi-daemon
11:52:37 PM     0       822     10.00      0.00  touchegg
11:52:37 PM     0       884    133.00      0.00  irq/84-rtw89_pci
11:52:37 PM     0       914     15.00      0.00  NetworkManager
11:52:37 PM     0       919      1.00      0.00  wpa_supplicant
11:52:37 PM     0      1242    152.00     10.00  Xorg
11:52:37 PM  1000      1501    194.00      0.00  pipewire-pulse
11:52:37 PM  1000      1908     76.00     77.00  cinnamon
11:52:37 PM  1000      2104     10.00      0.00  blueman-tray
11:52:37 PM  1000      2263    104.00     44.00  firefox-bin
11:52:37 PM  1000      2402    194.00      1.00  Privileged Cont
11:52:37 PM  1000      2470     16.00      0.00  WebExtensions
11:52:37 PM  1000      2570      5.00      0.00  Isolated Web Co
11:52:37 PM  1000      2836      5.00      0.00  Isolated Web Co
11:52:37 PM  1000      2839      1.00      0.00  Isolated Servic
11:52:37 PM  1000      2882      1.00     11.00  mintreport-tray
11:52:37 PM  1000      2963    153.00     15.00  Isolated Web Co
11:52:37 PM  1000      3003     11.00      0.00  Isolated Web Co
11:52:37 PM  1000      4259      1.00      2.00  Isolated Web Co
11:52:37 PM  1000      4311      1.00      0.00  Isolated Web Co
11:52:37 PM  1000      4436      1.00      0.00  Isolated Web Co
11:52:37 PM  1000      4439      1.00      0.00  Isolated Web Co
11:52:37 PM  1000      4446      1.00      1.00  Isolated Web Co
11:52:37 PM  1000      4536      1.00      1.00  Isolated Web Co
11:52:37 PM  1000      4589      2.00      0.00  Isolated Web Co
11:52:37 PM  1000      4605      1.00      0.00  Isolated Web Co
11:52:37 PM  1000      4626      1.00      0.00  Isolated Web Co
11:52:37 PM  1000      4637      1.00      0.00  Isolated Web Co
11:52:37 PM  1000      4650      1.00      0.00  Isolated Web Co
11:52:37 PM  1000      4764      1.00      0.00  Isolated Web Co
11:52:37 PM  1000      4803      1.00      0.00  Isolated Web Co
11:52:37 PM  1000      4809      1.00      2.00  Isolated Web Co
11:52:37 PM  1000      4869      1.00      0.00  Isolated Web Co
11:52:37 PM  1000      4904      1.00      0.00  Isolated Web Co
11:52:37 PM  1000      4907      1.00      0.00  Isolated Web Co
11:52:37 PM  1000      4914     12.00      0.00  Isolated Web Co
11:52:37 PM  1000      5011      1.00      0.00  Isolated Web Co
11:52:37 PM  1000      5014      1.00      0.00  Isolated Web Co
11:52:37 PM  1000      5113      1.00      0.00  Isolated Web Co
11:52:37 PM  1000      5165      1.00      0.00  Isolated Web Co
11:52:37 PM  1000      5180      1.00      2.00  Isolated Web Co
11:52:37 PM  1000      5220      1.00      0.00  Isolated Web Co
11:52:37 PM  1000      5273      4.00      0.00  Isolated Web Co
11:52:37 PM  1000      5469      1.00      0.00  Isolated Web Co
11:52:37 PM  1000      5546      1.00      0.00  Isolated Web Co
11:52:37 PM  1000      5549      4.00      0.00  Isolated Web Co
11:52:37 PM  1000      5646      1.00      0.00  Isolated Web Co
11:52:37 PM  1000      5704      1.00      0.00  Isolated Web Co
11:52:37 PM     0     22875      4.00      0.00  kworker/5:1-events
11:52:37 PM     0     27141      1.00      0.00  kworker/12:0-mm_percpu_wq
11:52:37 PM     0     30134      3.00      0.00  kworker/6:0-events
11:52:37 PM  1000     32073      6.00      5.00  Isolated Web Co
11:52:37 PM  1000     32126      1.00      0.00  Isolated Web Co
11:52:37 PM  1000     32169      1.00      0.00  Isolated Web Co
11:52:37 PM  1000     32341      1.00      0.00  Isolated Web Co
11:52:37 PM  1000     35005      2.00      0.00  chrome
11:52:37 PM  1000     35067      1.00      0.00  chrome
11:52:37 PM  1000     35280      1.00      0.00  chrome
11:52:37 PM  1000     35618      1.00      0.00  chrome
11:52:37 PM     0     39852      2.00      0.00  kworker/3:1-events_freezable
11:52:37 PM     0     43987      1.00      0.00  kworker/13:0-mm_percpu_wq
11:52:37 PM     0     44016      1.00      0.00  kworker/9:4-mm_percpu_wq
11:52:37 PM     0     44114      1.00      0.00  kworker/14:3-mm_percpu_wq
11:52:37 PM     0     45130      1.00      0.00  kworker/2:5-mm_percpu_wq
11:52:37 PM     0     45146      2.00      0.00  kworker/8:2-events
11:52:37 PM     0     45732      9.00      0.00  kworker/10:0-events
11:52:37 PM     0     46066      1.00      0.00  kworker/15:0-mm_percpu_wq
11:52:37 PM     0     48837      2.00      0.00  kworker/1:1-events
11:52:37 PM     0     48949      1.00      0.00  kworker/0:2-events
11:52:37 PM     0     49030      4.00      0.00  kworker/4:3-mm_percpu_wq
11:52:37 PM  1000     49115      3.00      0.00  code
11:52:37 PM  1000     49179      3.00      1.00  code
11:52:37 PM  1000     49237      7.00      0.00  code
11:52:37 PM  1000     49279     22.00      2.00  code
11:52:37 PM  1000     49295      4.00      0.00  code
11:52:37 PM  1000     49322      4.00      6.00  code
11:52:37 PM  1000     49323      9.00      4.00  code
11:52:37 PM  1000     49375      1.00      0.00  code
11:52:37 PM  1000     49758     44.00     28.00  Isolated Web Co
11:52:37 PM     0     53079      4.00      0.00  kworker/u33:1-rtw89_tx_wq
11:52:37 PM     0     53138    167.00      1.00  kworker/u32:2-events_unbound
11:52:37 PM     0     56192     11.00      0.00  kworker/u32:4-gfx_low
11:52:37 PM     0     57023      1.00      0.00  kworker/u33:2-rtw89_tx_wq
11:52:37 PM  1000     57113      1.00      0.00  mpstat
11:52:37 PM  1000     57114      1.00      0.00  vmstat
11:52:37 PM  1000     57115      1.00      5.00  pidstat

11:52:37 PM   UID       PID    %usr %system  %guest   %wait    %CPU   CPU  Command
11:52:38 PM  1000      1501    0.00    1.00    0.00    0.00    1.00     3  pipewire-pulse
11:52:38 PM  1000      1908    1.00    1.00    0.00    2.00    2.00     9  cinnamon
11:52:38 PM  1000      2263    3.00    1.00    0.00    1.00    4.00    10  firefox-bin
11:52:38 PM  1000      2470    1.00    0.00    0.00    0.00    1.00     2  WebExtensions
11:52:38 PM  1000      2963    4.00    1.00    0.00    2.00    5.00    13  Isolated Web Co
11:52:38 PM  1000      4439    1.00    0.00    0.00    0.00    1.00     6  Isolated Web Co
11:52:38 PM  1000      4589    2.00    2.00    0.00    0.00    4.00     9  Isolated Web Co
11:52:38 PM  1000      4764    1.00    0.00    0.00    0.00    1.00    15  Isolated Web Co
11:52:38 PM  1000      4904    1.00    1.00    0.00    0.00    2.00     3  Isolated Web Co
11:52:38 PM  1000      5113    1.00    0.00    0.00    0.00    1.00     7  Isolated Web Co
11:52:38 PM  1000     49758    2.00    0.00    0.00    3.00    2.00    15  Isolated Web Co
11:52:38 PM  1000     49835    1.00    1.00    0.00    0.00    2.00     9  Web Content
11:52:38 PM     0     53138    0.00    1.00    0.00    0.00    1.00    11  kworker/u32:2-events_unbound
11:52:38 PM  1000     57115    1.00    3.00    0.00    4.00    4.00    12  pidstat
11:52:38 PM  1000     57116 1567.00    1.00    0.00    0.00 1568.00     1  sysbench

11:52:37 PM   UID       PID  minflt/s  majflt/s     VSZ     RSS   %MEM  Command
11:52:38 PM  1000      2263      4.00      0.00 12395608  741184   4.70  firefox-bin
11:52:38 PM  1000      2570      1.00      0.00 7944368  994600   6.31  Isolated Web Co
11:52:38 PM  1000      2963   1856.00      0.00 11694672  768200   4.88  Isolated Web Co
11:52:38 PM  1000      4311      1.00      0.00 2481072  108092   0.69  Isolated Web Co
11:52:38 PM  1000      4439     50.00      0.00 2522032  129396   0.82  Isolated Web Co
11:52:38 PM  1000      4536      2.00      0.00 2674496  196692   1.25  Isolated Web Co
11:52:38 PM  1000      4589    231.00      0.00 2907080  302864   1.92  Isolated Web Co
11:52:38 PM  1000      4626     31.00      0.00 2539944  136568   0.87  Isolated Web Co
11:52:38 PM  1000      4650      2.00      0.00 2570404  149464   0.95  Isolated Web Co
11:52:38 PM  1000      4764      2.00      0.00 2568988  146176   0.93  Isolated Web Co
11:52:38 PM  1000      4803      1.00      0.00 2511096  122292   0.78  Isolated Web Co
11:52:38 PM  1000      4869      1.00      0.00 2516476  123956   0.79  Isolated Web Co
11:52:38 PM  1000      4904      4.00      0.00 2501044  116324   0.74  Isolated Web Co
11:52:38 PM  1000      4907      1.00      0.00 2503844  122808   0.78  Isolated Web Co
11:52:38 PM  1000      5014     10.00      0.00 2520488  129500   0.82  Isolated Web Co
11:52:38 PM  1000      5646      1.00      0.00 2513032  124264   0.79  Isolated Web Co
11:52:38 PM  1000     35005      2.00      0.00 34324576  364216   2.31  chrome
11:52:38 PM  1000     49237     32.00      0.00 1480181952  388928   2.47  code
11:52:38 PM  1000     49279     19.00      0.00 1461308524  115652   0.73  code
11:52:38 PM  1000     49323      1.00      0.00 1461316600  106992   0.68  code
11:52:38 PM  1000     49758      7.00      0.00 3262772  554012   3.52  Isolated Web Co
11:52:38 PM  1000     49835      4.00      0.00 2428624   51932   0.33  Web Content

11:52:37 PM   UID       PID   cswch/s nvcswch/s  Command
11:52:38 PM     0        16      1.00      0.00  ksoftirqd/0
11:52:38 PM     0        17    150.00      0.00  rcu_preempt
11:52:38 PM     0        24      1.00      0.00  ksoftirqd/2
11:52:38 PM     0        48      1.00      0.00  ksoftirqd/10
11:52:38 PM     0       119      2.00      0.00  kcompactd0
11:52:38 PM     0       150      1.00      0.00  kworker/7:1-mm_percpu_wq
11:52:38 PM     0       153      2.00      0.00  kworker/11:1-mm_percpu_wq
11:52:38 PM   110       774     22.00      2.00  avahi-daemon
11:52:38 PM     0       822      6.00      0.00  touchegg
11:52:38 PM     0       884    135.00      0.00  irq/84-rtw89_pci
11:52:38 PM     0       914     28.00      4.00  NetworkManager
11:52:38 PM     0      1242    118.00     17.00  Xorg
11:52:38 PM  1000      1501    191.00      0.00  pipewire-pulse
11:52:38 PM  1000      1908     61.00     70.00  cinnamon
11:52:38 PM  1000      2104     10.00      0.00  blueman-tray
11:52:38 PM  1000      2263     61.00      0.00  firefox-bin
11:52:38 PM  1000      2352      1.00      0.00  Socket Process
11:52:38 PM  1000      2402    192.00      0.00  Privileged Cont
11:52:38 PM  1000      2470     15.00      0.00  WebExtensions
11:52:38 PM  1000      2570      1.00      0.00  Isolated Web Co
11:52:38 PM  1000      2836      9.00      0.00  Isolated Web Co
11:52:38 PM  1000      2963    238.00     22.00  Isolated Web Co
11:52:38 PM  1000      3003      2.00      0.00  Isolated Web Co
11:52:38 PM  1000      4259      1.00      0.00  Isolated Web Co
11:52:38 PM  1000      4311      1.00      0.00  Isolated Web Co
11:52:38 PM  1000      4436      1.00      0.00  Isolated Web Co
11:52:38 PM  1000      4439      2.00      0.00  Isolated Web Co
11:52:38 PM  1000      4446      1.00      0.00  Isolated Web Co
11:52:38 PM  1000      4536      4.00      0.00  Isolated Web Co
11:52:38 PM  1000      4589      2.00      0.00  Isolated Web Co
11:52:38 PM  1000      4605      1.00      0.00  Isolated Web Co
11:52:38 PM  1000      4626      6.00      0.00  Isolated Web Co
11:52:38 PM  1000      4637      1.00      0.00  Isolated Web Co
11:52:38 PM  1000      4650      4.00      0.00  Isolated Web Co
11:52:38 PM  1000      4764      4.00      0.00  Isolated Web Co
11:52:38 PM  1000      4803      1.00      0.00  Isolated Web Co
11:52:38 PM  1000      4809      1.00      0.00  Isolated Web Co
11:52:38 PM  1000      4869     21.00      0.00  Isolated Web Co
11:52:38 PM  1000      4904      7.00      0.00  Isolated Web Co
11:52:38 PM  1000      4907      1.00      0.00  Isolated Web Co
11:52:38 PM  1000      4914      4.00      0.00  Isolated Web Co
11:52:38 PM  1000      5011      1.00      0.00  Isolated Web Co
11:52:38 PM  1000      5014      3.00      3.00  Isolated Web Co
11:52:38 PM  1000      5020      1.00      0.00  Isolated Web Co
11:52:38 PM  1000      5113      4.00      3.00  Isolated Web Co
11:52:38 PM  1000      5165      1.00      0.00  Isolated Web Co
11:52:38 PM  1000      5180      1.00      0.00  Isolated Web Co
11:52:38 PM  1000      5220      1.00      0.00  Isolated Web Co
11:52:38 PM  1000      5273      1.00      0.00  Isolated Web Co
11:52:38 PM  1000      5469      1.00      0.00  Isolated Web Co
11:52:38 PM  1000      5546      1.00      0.00  Isolated Web Co
11:52:38 PM  1000      5549      6.00      0.00  Isolated Web Co
11:52:38 PM  1000      5646      1.00      0.00  Isolated Web Co
11:52:38 PM  1000      5704      1.00      0.00  Isolated Web Co
11:52:38 PM     0     22875      1.00      0.00  kworker/5:1-mm_percpu_wq
11:52:38 PM     0     27141      1.00      0.00  kworker/12:0-mm_percpu_wq
11:52:38 PM     0     30134      1.00      0.00  kworker/6:0-mm_percpu_wq
11:52:38 PM  1000     32073      1.00      0.00  Isolated Web Co
11:52:38 PM  1000     32126      1.00      0.00  Isolated Web Co
11:52:38 PM  1000     32169      6.00      0.00  Isolated Web Co
11:52:38 PM  1000     35005      2.00      0.00  chrome
11:52:38 PM  1000     35280      1.00      0.00  chrome
11:52:38 PM  1000     35925      1.00      0.00  chrome
11:52:38 PM     0     39852      3.00      0.00  kworker/3:1-events
11:52:38 PM     0     43987      4.00      0.00  kworker/13:0-events
11:52:38 PM     0     44016      1.00      0.00  kworker/9:4-mm_percpu_wq
11:52:38 PM     0     44114      1.00      0.00  kworker/14:3-mm_percpu_wq
11:52:38 PM     0     45130      3.00      0.00  kworker/2:5-events
11:52:38 PM     0     45146      2.00      0.00  kworker/8:2-events
11:52:38 PM     0     45732      7.00      0.00  kworker/10:0-events
11:52:38 PM     0     46066      2.00      0.00  kworker/15:0-events
11:52:38 PM     0     48837      4.00      0.00  kworker/1:1-events
11:52:38 PM     0     48949      3.00      0.00  kworker/0:2-events
11:52:38 PM     0     49030      2.00      0.00  kworker/4:3-events
11:52:38 PM  1000     49237      4.00      6.00  code
11:52:38 PM  1000     49279     10.00      2.00  code
11:52:38 PM  1000     49295      6.00      0.00  code
11:52:38 PM  1000     49323      9.00      3.00  code
11:52:38 PM  1000     49758     33.00     11.00  Isolated Web Co
11:52:38 PM  1000     49835      1.00      2.00  Web Content
11:52:38 PM     0     53138    126.00      0.00  kworker/u32:2-events_unbound
11:52:38 PM     0     56192     11.00      0.00  kworker/u32:4-gfx_low
11:52:38 PM  1000     57113      1.00      0.00  mpstat
11:52:38 PM  1000     57114      1.00      0.00  vmstat
11:52:38 PM  1000     57115      1.00      8.00  pidstat

11:52:38 PM   UID       PID    %usr %system  %guest   %wait    %CPU   CPU  Command
11:52:39 PM     0       884    0.00    1.00    0.00    0.00    1.00    11  irq/84-rtw89_pci
11:52:39 PM  1000      1908    2.00    0.00    0.00    2.00    2.00    10  cinnamon
11:52:39 PM  1000      2263    3.00    2.00    0.00    1.00    5.00    10  firefox-bin
11:52:39 PM  1000      2402    0.00    1.00    0.00    0.00    1.00     5  Privileged Cont
11:52:39 PM  1000      2963    2.00    0.00    0.00    0.00    2.00    13  Isolated Web Co
11:52:39 PM  1000      5180    1.00    1.00    0.00    0.00    2.00    14  Isolated Web Co
11:52:39 PM  1000     49237    1.00    0.00    0.00    0.00    1.00     3  code
11:52:39 PM  1000     49758    3.00    0.00    0.00    3.00    3.00    15  Isolated Web Co
11:52:39 PM  1000     57115    0.00    2.00    0.00    2.00    2.00    12  pidstat
11:52:39 PM  1000     57116 1574.00    0.00    0.00    0.00 1574.00     1  sysbench

11:52:38 PM   UID       PID  minflt/s  majflt/s     VSZ     RSS   %MEM  Command
11:52:39 PM  1000      1908     10.00      0.00 5279180  262100   1.66  cinnamon
11:52:39 PM  1000      2263     42.00      0.00 12395608  741184   4.70  firefox-bin
11:52:39 PM  1000      2570    137.00      0.00 7944352  992368   6.30  Isolated Web Co
11:52:39 PM  1000      4439     10.00      0.00 2522032  129264   0.82  Isolated Web Co
11:52:39 PM  1000      4605      2.00      0.00 2529552  126628   0.80  Isolated Web Co
11:52:39 PM  1000      4637      1.00      0.00 2547588  138452   0.88  Isolated Web Co
11:52:39 PM  1000      4809     10.00      0.00 2510592  123256   0.78  Isolated Web Co
11:52:39 PM  1000      4907      2.00      0.00 2503844  122808   0.78  Isolated Web Co
11:52:39 PM  1000      4914      1.00      0.00 2522988  139028   0.88  Isolated Web Co
11:52:39 PM  1000      5011      2.00      0.00 2500008  117216   0.74  Isolated Web Co
11:52:39 PM  1000      5113      1.00      0.00 2581408  154100   0.98  Isolated Web Co
11:52:39 PM  1000      5165      1.00      0.00 2487692  113680   0.72  Isolated Web Co
11:52:39 PM  1000      5180     45.00      0.00 2498740  119544   0.76  Isolated Web Co
11:52:39 PM  1000      5220      1.00      0.00 2482312  109000   0.69  Isolated Web Co
11:52:39 PM  1000      5273      1.00      0.00 2529700  133188   0.85  Isolated Web Co
11:52:39 PM  1000      5546      1.00      0.00 2481316  107540   0.68  Isolated Web Co
11:52:39 PM  1000      5704      1.00      0.00 2481288  110856   0.70  Isolated Web Co
11:52:39 PM  1000     35005      2.00      0.00 34324576  364216   2.31  chrome
11:52:39 PM  1000     35050     90.00      0.00 34734236  274280   1.74  chrome
11:52:39 PM  1000     35051     14.00      0.00 34064912  131296   0.83  chrome
11:52:39 PM  1000     49115      5.00      0.00 1461531824  191268   1.21  code
11:52:39 PM  1000     49237     31.00      0.00 1480181952  389056   2.47  code
11:52:39 PM  1000     49279     23.00      0.00 1461308524  115652   0.73  code
11:52:39 PM  1000     49295     11.00      0.00 1461300524  156300   0.99  code
11:52:39 PM  1000     49322      6.00      0.00 1461299592  113148   0.72  code
11:52:39 PM  1000     49323     11.00      0.00 1461316600  106992   0.68  code
11:52:39 PM  1000     49758     13.00      0.00 3262772  554140   3.52  Isolated Web Co

11:52:38 PM   UID       PID   cswch/s nvcswch/s  Command
11:52:39 PM     0        17    128.00      0.00  rcu_preempt
11:52:39 PM     0        48      1.00      0.00  ksoftirqd/10
11:52:39 PM     0       119      2.00      0.00  kcompactd0
11:52:39 PM     0       150      1.00      0.00  kworker/7:1-mm_percpu_wq
11:52:39 PM     0       153      8.00      0.00  kworker/11:1-events
11:52:39 PM     0       283      2.00      0.00  kworker/3:1H-kblockd
11:52:39 PM     0       367      3.00      1.00  jbd2/nvme0n1p7-8
11:52:39 PM   110       774     17.00      1.00  avahi-daemon
11:52:39 PM     0       822      6.00      0.00  touchegg
11:52:39 PM     0       884     95.00      0.00  irq/84-rtw89_pci
11:52:39 PM     0       914     14.00      2.00  NetworkManager
11:52:39 PM     0      1242    113.00     12.00  Xorg
11:52:39 PM  1000      1501    204.00      0.00  pipewire-pulse
11:52:39 PM  1000      1507      6.00      0.00  dbus-daemon
11:52:39 PM  1000      1641      1.00      0.00  xdg-permission-
11:52:39 PM  1000      1908     69.00     46.00  cinnamon
11:52:39 PM  1000      2104     10.00      0.00  blueman-tray
11:52:39 PM  1000      2263     56.00      6.00  firefox-bin
11:52:39 PM  1000      2352      1.00      0.00  Socket Process
11:52:39 PM  1000      2378      2.00      0.00  xdg-desktop-por
11:52:39 PM  1000      2402    175.00      1.00  Privileged Cont
11:52:39 PM  1000      2470     15.00      0.00  WebExtensions
11:52:39 PM  1000      2570     13.00      4.00  Isolated Web Co
11:52:39 PM  1000      2836      4.00      0.00  Isolated Web Co
11:52:39 PM  1000      2963    167.00     19.00  Isolated Web Co
11:52:39 PM  1000      3003      2.00      0.00  Isolated Web Co
11:52:39 PM  1000      4259      1.00      2.00  Isolated Web Co
11:52:39 PM  1000      4311      1.00      0.00  Isolated Web Co
11:52:39 PM  1000      4436      7.00      0.00  Isolated Web Co
11:52:39 PM  1000      4439      4.00      0.00  Isolated Web Co
11:52:39 PM  1000      4446      1.00      0.00  Isolated Web Co
11:52:39 PM  1000      4536      1.00      0.00  Isolated Web Co
11:52:39 PM  1000      4589     54.00      0.00  Isolated Web Co
11:52:39 PM  1000      4605      1.00      0.00  Isolated Web Co
11:52:39 PM  1000      4626      1.00      0.00  Isolated Web Co
11:52:39 PM  1000      4637      4.00      0.00  Isolated Web Co
11:52:39 PM  1000      4650      1.00      0.00  Isolated Web Co
11:52:39 PM  1000      4764      1.00      0.00  Isolated Web Co
11:52:39 PM  1000      4803      1.00      0.00  Isolated Web Co
11:52:39 PM  1000      4809      4.00      0.00  Isolated Web Co
11:52:39 PM  1000      4869     18.00      0.00  Isolated Web Co
11:52:39 PM  1000      4904      4.00      0.00  Isolated Web Co
11:52:39 PM  1000      4907      1.00      0.00  Isolated Web Co
11:52:39 PM  1000      4914     10.00      0.00  Isolated Web Co
11:52:39 PM  1000      5011      1.00      0.00  Isolated Web Co
11:52:39 PM  1000      5014      1.00      0.00  Isolated Web Co
11:52:39 PM  1000      5113      1.00      0.00  Isolated Web Co
11:52:39 PM  1000      5165      1.00      0.00  Isolated Web Co
11:52:39 PM  1000      5180      2.00      0.00  Isolated Web Co
11:52:39 PM  1000      5220      1.00      0.00  Isolated Web Co
11:52:39 PM  1000      5273      1.00      0.00  Isolated Web Co
11:52:39 PM  1000      5469      1.00      0.00  Isolated Web Co
11:52:39 PM  1000      5546      1.00      0.00  Isolated Web Co
11:52:39 PM  1000      5549      6.00      0.00  Isolated Web Co
11:52:39 PM  1000      5646      1.00      2.00  Isolated Web Co
11:52:39 PM  1000      5704      1.00      0.00  Isolated Web Co
11:52:39 PM     0     22875      4.00      0.00  kworker/5:1-events
11:52:39 PM     0     27141      1.00      0.00  kworker/12:0-mm_percpu_wq
11:52:39 PM     0     30134      2.00      0.00  kworker/6:0-events
11:52:39 PM  1000     32073      6.00      0.00  Isolated Web Co
11:52:39 PM  1000     32126      1.00      0.00  Isolated Web Co
11:52:39 PM  1000     32169      8.00      0.00  Isolated Web Co
11:52:39 PM  1000     32341      1.00      0.00  Isolated Web Co
11:52:39 PM  1000     35005      3.00      0.00  chrome
11:52:39 PM  1000     35050      1.00      0.00  chrome
11:52:39 PM  1000     35051      1.00      0.00  chrome
11:52:39 PM  1000     35280      1.00      0.00  chrome
11:52:39 PM     0     39852      3.00      0.00  kworker/3:1-events_freezable
11:52:39 PM     0     43987      1.00      0.00  kworker/13:0-mm_percpu_wq
11:52:39 PM     0     44016      1.00      0.00  kworker/9:4-mm_percpu_wq
11:52:39 PM     0     44114      2.00      0.00  kworker/14:3-events
11:52:39 PM     0     45130      1.00      0.00  kworker/2:5-mm_percpu_wq
11:52:39 PM     0     45146      4.00      0.00  kworker/8:2-events
11:52:39 PM     0     45732      6.00      0.00  kworker/10:0-events
11:52:39 PM     0     46066      1.00      0.00  kworker/15:0-mm_percpu_wq
11:52:39 PM     0     48072      9.00      2.00  kworker/u32:3-gfx_low
11:52:39 PM     0     48837      3.00      0.00  kworker/1:1-events
11:52:39 PM     0     48949      2.00      0.00  kworker/0:2-events
11:52:39 PM     0     49030      1.00      0.00  kworker/4:3-mm_percpu_wq
11:52:39 PM  1000     49115      3.00      0.00  code
11:52:39 PM  1000     49179      1.00      0.00  code
11:52:39 PM  1000     49237      5.00      7.00  code
11:52:39 PM  1000     49279     11.00      2.00  code
11:52:39 PM  1000     49295      8.00      0.00  code
11:52:39 PM  1000     49322      1.00      0.00  code
11:52:39 PM  1000     49323     12.00      2.00  code
11:52:39 PM  1000     49375      1.00      0.00  code
11:52:39 PM  1000     49758     29.00     10.00  Isolated Web Co
11:52:39 PM     0     53079      1.00      0.00  kworker/u33:1-rtw89_tx_wq
11:52:39 PM     0     53138    115.00      0.00  kworker/u32:2+events_unbound
11:52:39 PM     0     56192     19.00      0.00  kworker/u32:4-events_power_efficient
11:52:39 PM  1000     57113      1.00      4.00  mpstat
11:52:39 PM  1000     57114      1.00      0.00  vmstat
11:52:39 PM  1000     57115      1.00      6.00  pidstat

11:52:39 PM   UID       PID    %usr %system  %guest   %wait    %CPU   CPU  Command
11:52:40 PM     0      1242    0.00    0.99    0.00    0.00    0.99     8  Xorg
11:52:40 PM  1000      1497    0.00    0.99    0.00    0.00    0.99    12  pipewire
11:52:40 PM  1000      1908    1.98    0.99    0.00    2.97    2.97     8  cinnamon
11:52:40 PM  1000      2104    0.99    0.00    0.00    0.00    0.99    13  blueman-tray
11:52:40 PM  1000      2263    3.96    0.99    0.00    0.99    4.95    10  firefox-bin
11:52:40 PM  1000      2402    0.99    0.00    0.00    0.00    0.99     5  Privileged Cont
11:52:40 PM  1000      2963    1.98    0.99    0.00    0.99    2.97    13  Isolated Web Co
11:52:40 PM  1000      5011    1.98    0.00    0.00    0.00    1.98    13  Isolated Web Co
11:52:40 PM  1000      5220    0.00    0.99    0.00    0.00    0.99     3  Isolated Web Co
11:52:40 PM  1000     49323    0.99    0.00    0.00    0.00    0.99    13  code
11:52:40 PM  1000     49758    3.96    0.99    0.00    3.96    4.95     1  Isolated Web Co
11:52:40 PM  1000     57115    0.99    1.98    0.00    2.97    2.97    12  pidstat
11:52:40 PM  1000     57116 1567.33    0.99    0.00    0.00 1568.32     1  sysbench

11:52:39 PM   UID       PID  minflt/s  majflt/s     VSZ     RSS   %MEM  Command
11:52:40 PM  1000      2263      0.99      0.00 12395608  741184   4.70  firefox-bin
11:52:40 PM  1000      2570      0.99      0.00 7944352  992088   6.30  Isolated Web Co
11:52:40 PM  1000      2839      7.92      0.00 2460064   78008   0.50  Isolated Servic
11:52:40 PM  1000      2963      1.98      0.00 11694672  768200   4.88  Isolated Web Co
11:52:40 PM  1000      3003      0.99      0.00 2799964  312788   1.99  Isolated Web Co
11:52:40 PM  1000      4536      7.92      0.00 2674496  196820   1.25  Isolated Web Co
11:52:40 PM  1000      4589      1.98      0.00 2907080  302864   1.92  Isolated Web Co
11:52:40 PM  1000      4626      0.99      0.00 2539944  136568   0.87  Isolated Web Co
11:52:40 PM  1000      4803      2.97      0.00 2511096  122292   0.78  Isolated Web Co
11:52:40 PM  1000      4809      2.97      0.00 2510592  123256   0.78  Isolated Web Co
11:52:40 PM  1000      4869      2.97      0.00 2516476  123956   0.79  Isolated Web Co
11:52:40 PM  1000      4904      0.99      0.00 2501044  116324   0.74  Isolated Web Co
11:52:40 PM  1000      5011     43.56      0.00 2500024  117472   0.75  Isolated Web Co
11:52:40 PM  1000      5220     41.58      0.00 2482328  109128   0.69  Isolated Web Co
11:52:40 PM  1000      5273      3.96      0.00 2529700  133188   0.85  Isolated Web Co
11:52:40 PM  1000      5469      1.98      0.00 2549160  142792   0.91  Isolated Web Co
11:52:40 PM  1000      5549      0.99      0.00 2489792  122708   0.78  Isolated Web Co
11:52:40 PM  1000      5646      2.97      0.00 2513032  124264   0.79  Isolated Web Co
11:52:40 PM  1000     32073      0.00      0.00 2460576  100716   0.64  Isolated Web Co
11:52:40 PM  1000     35005    126.73      0.00 34324576  364216   2.31  chrome
11:52:40 PM  1000     49115      8.91      0.00 1461531824  191268   1.21  code
11:52:40 PM  1000     49179      0.00      0.00 34562612  177820   1.13  code
11:52:40 PM  1000     49237     14.85      0.00 1480181952  389056   2.47  code
11:52:40 PM  1000     49323      1.98      0.00 1461316600  106992   0.68  code
11:52:40 PM  1000     49758      0.99      0.00 3262772  554140   3.52  Isolated Web Co
11:52:40 PM  1000     50048      1.98      0.00 1283801512   62420   0.40  chrome

11:52:39 PM   UID       PID   cswch/s nvcswch/s  Command
11:52:40 PM     0        17    152.48      0.00  rcu_preempt
11:52:40 PM     0        60      0.99      0.00  ksoftirqd/14
11:52:40 PM     0       119      1.98      0.00  kcompactd0
11:52:40 PM     0       150      0.99      0.00  kworker/7:1-mm_percpu_wq
11:52:40 PM     0       153     12.87      0.00  kworker/11:1-mld
11:52:40 PM     0       227      0.99      0.00  kworker/0:1H-kblockd
11:52:40 PM   110       774     16.83      0.00  avahi-daemon
11:52:40 PM     0       822     11.88      0.00  touchegg
11:52:40 PM     0       884    153.47      0.00  irq/84-rtw89_pci
11:52:40 PM     0       914     22.77      1.98  NetworkManager
11:52:40 PM     0      1242    171.29     18.81  Xorg
11:52:40 PM  1000      1501    192.08      0.00  pipewire-pulse
11:52:40 PM  1000      1908     81.19     90.10  cinnamon
11:52:40 PM  1000      2104      9.90      0.00  blueman-tray
11:52:40 PM  1000      2263     87.13     10.89  firefox-bin
11:52:40 PM  1000      2402     70.30      0.00  Privileged Cont
11:52:40 PM  1000      2470     13.86      0.99  WebExtensions
11:52:40 PM  1000      2570      5.94      0.00  Isolated Web Co
11:52:40 PM  1000      2836      3.96      0.00  Isolated Web Co
11:52:40 PM  1000      2839     44.55      0.00  Isolated Servic
11:52:40 PM  1000      2963    208.91      5.94  Isolated Web Co
11:52:40 PM  1000      3003      4.95      0.00  Isolated Web Co
11:52:40 PM  1000      4259      0.99      0.00  Isolated Web Co
11:52:40 PM  1000      4311      0.99      0.00  Isolated Web Co
11:52:40 PM  1000      4436      5.94      0.00  Isolated Web Co
11:52:40 PM  1000      4439      0.99      0.00  Isolated Web Co
11:52:40 PM  1000      4446      0.99      0.00  Isolated Web Co
11:52:40 PM  1000      4536      1.98      0.00  Isolated Web Co
11:52:40 PM  1000      4589      1.98      0.00  Isolated Web Co
11:52:40 PM  1000      4605      0.99      0.00  Isolated Web Co
11:52:40 PM  1000      4626      0.99      0.00  Isolated Web Co
11:52:40 PM  1000      4637      0.99      0.00  Isolated Web Co
11:52:40 PM  1000      4650      0.99      0.00  Isolated Web Co
11:52:40 PM  1000      4764      0.99      0.00  Isolated Web Co
11:52:40 PM  1000      4803      0.99      1.98  Isolated Web Co
11:52:40 PM  1000      4809      0.99      0.00  Isolated Web Co
11:52:40 PM  1000      4869     17.82      0.00  Isolated Web Co
11:52:40 PM  1000      4904      8.91      0.00  Isolated Web Co
11:52:40 PM  1000      4907      0.99      0.00  Isolated Web Co
11:52:40 PM  1000      4914     11.88      0.00  Isolated Web Co
11:52:40 PM  1000      5011     12.87      0.00  Isolated Web Co
11:52:40 PM  1000      5014      0.99      0.00  Isolated Web Co
11:52:40 PM  1000      5020      0.99      0.00  Isolated Web Co
11:52:40 PM  1000      5113     44.55      0.00  Isolated Web Co
11:52:40 PM  1000      5165      0.99      0.00  Isolated Web Co
11:52:40 PM  1000      5180      0.99      0.00  Isolated Web Co
11:52:40 PM  1000      5220      1.98      0.00  Isolated Web Co
11:52:40 PM  1000      5273      9.90      0.00  Isolated Web Co
11:52:40 PM  1000      5469      0.99      1.98  Isolated Web Co
11:52:40 PM  1000      5546      0.99      0.00  Isolated Web Co
11:52:40 PM  1000      5549      5.94      0.00  Isolated Web Co
11:52:40 PM  1000      5646      0.99      0.00  Isolated Web Co
11:52:40 PM  1000      5704      0.99      0.00  Isolated Web Co
11:52:40 PM     0     22875      0.99      0.00  kworker/5:1-mm_percpu_wq
11:52:40 PM     0     27141      1.98      0.00  kworker/12:0-events
11:52:40 PM     0     30134      1.98      0.00  kworker/6:0-events
11:52:40 PM  1000     32073      5.94      0.00  Isolated Web Co
11:52:40 PM  1000     32126      0.99      0.00  Isolated Web Co
11:52:40 PM  1000     32169      2.97      0.00  Isolated Web Co
11:52:40 PM  1000     35005      2.97      0.00  chrome
11:52:40 PM  1000     35280      0.99      0.00  chrome
11:52:40 PM  1000     35925      0.99      0.00  chrome
11:52:40 PM     0     39852      2.97      0.00  kworker/3:1-events
11:52:40 PM     0     43987      2.97      0.00  kworker/13:0-events
11:52:40 PM     0     44016      0.99      0.00  kworker/9:4-mm_percpu_wq
11:52:40 PM     0     44114      0.99      0.00  kworker/14:3-mm_percpu_wq
11:52:40 PM     0     45130      3.96      0.00  kworker/2:5-events
11:52:40 PM     0     45146      1.98      0.00  kworker/8:2-events
11:52:40 PM     0     45732     11.88      0.00  kworker/10:0-events
11:52:40 PM     0     46066      0.99      0.00  kworker/15:0-mm_percpu_wq
11:52:40 PM     0     48072     24.75      0.00  kworker/u32:3-gfx_low
11:52:40 PM     0     48837      2.97      0.00  kworker/1:1-events
11:52:40 PM     0     48949      3.96      0.00  kworker/0:2-events
11:52:40 PM     0     49030      1.98      0.00  kworker/4:3-mm_percpu_wq
11:52:40 PM  1000     49115      3.96      0.00  code
11:52:40 PM  1000     49179      1.98      0.99  code
11:52:40 PM  1000     49183      0.99      0.00  code
11:52:40 PM  1000     49237      4.95      2.97  code
11:52:40 PM  1000     49279      7.92      4.95  code
11:52:40 PM  1000     49295      0.99      0.00  code
11:52:40 PM  1000     49323     10.89      1.98  code
11:52:40 PM  1000     49758     47.52      5.94  Isolated Web Co
11:52:40 PM  1000     49835      0.99      0.00  Web Content
11:52:40 PM  1000     50048      0.99      0.00  chrome
11:52:40 PM     0     53079      0.99      0.00  kworker/u33:1-rtw89_tx_wq
11:52:40 PM     0     53138    158.42      0.00  kworker/u32:2-events_unbound
11:52:40 PM  1000     57113      0.99      0.00  mpstat
11:52:40 PM  1000     57114      0.99      0.00  vmstat
11:52:40 PM  1000     57115      0.99      6.93  pidstat

11:52:40 PM   UID       PID    %usr %system  %guest   %wait    %CPU   CPU  Command
11:52:41 PM     0       783    0.00    1.00    0.00    0.00    1.00     5  irqbalance
11:52:41 PM     0      1242    1.00    0.00    0.00    0.00    1.00     9  Xorg
11:52:41 PM  1000      1501    1.00    1.00    0.00    0.00    2.00     3  pipewire-pulse
11:52:41 PM  1000      1908    1.00    0.00    0.00    1.00    1.00     9  cinnamon
11:52:41 PM  1000      2263    4.00    2.00    0.00    1.00    6.00     9  firefox-bin
11:52:41 PM  1000      2570    1.00    0.00    0.00    1.00    1.00     1  Isolated Web Co
11:52:41 PM  1000      2963    2.00    0.00    0.00    1.00    2.00    13  Isolated Web Co
11:52:41 PM  1000      3003    1.00    0.00    0.00    0.00    1.00     0  Isolated Web Co
11:52:41 PM  1000      4259    2.00    1.00    0.00    0.00    3.00     0  Isolated Web Co
11:52:41 PM  1000      4439    0.00    1.00    0.00    0.00    1.00     6  Isolated Web Co
11:52:41 PM  1000      4589    1.00    0.00    0.00    0.00    1.00     9  Isolated Web Co
11:52:41 PM  1000      4907    0.00    1.00    0.00    0.00    1.00    11  Isolated Web Co
11:52:41 PM  1000     35005    1.00    0.00    0.00    0.00    1.00     9  chrome
11:52:41 PM  1000     49758   12.00    0.00    0.00    9.00   12.00     1  Isolated Web Co
11:52:41 PM     0     53138    0.00    1.00    0.00    0.00    1.00     9  kworker/u32:2+events_unbound
11:52:41 PM  1000     57115    1.00    2.00    0.00    3.00    3.00    12  pidstat
11:52:41 PM  1000     57116 1558.00    0.00    0.00    0.00 1558.00     1  sysbench

11:52:40 PM   UID       PID  minflt/s  majflt/s     VSZ     RSS   %MEM  Command
11:52:41 PM  1000      2263      1.00      0.00 12395608  741184   4.70  firefox-bin
11:52:41 PM  1000      2963      1.00      0.00 11694672  768200   4.88  Isolated Web Co
11:52:41 PM  1000      4259    204.00      0.00 2779296  197288   1.25  Isolated Web Co
11:52:41 PM  1000      4626      3.00      0.00 2539944  136568   0.87  Isolated Web Co
11:52:41 PM  1000      4650      1.00      0.00 2570404  149464   0.95  Isolated Web Co
11:52:41 PM  1000      4764      1.00      0.00 2568988  146176   0.93  Isolated Web Co
11:52:41 PM  1000      4904      1.00      0.00 2501044  116324   0.74  Isolated Web Co
11:52:41 PM  1000      4907     44.00      0.00 2503860  122936   0.78  Isolated Web Co
11:52:41 PM  1000      5014      3.00      0.00 2520488  129500   0.82  Isolated Web Co
11:52:41 PM  1000     35067      4.00      0.00 34291624   59576   0.38  chrome
11:52:41 PM  1000     35618      1.00      0.00 34035280   85752   0.54  chrome
11:52:41 PM  1000     49115      1.00      0.00 1461531824  191268   1.21  code
11:52:41 PM  1000     49179      6.00      0.00 34562612  177692   1.13  code
11:52:41 PM  1000     49237     15.00      0.00 1480181952  389184   2.47  code
11:52:41 PM  1000     49295      1.00      0.00 1461300524  156300   0.99  code
11:52:41 PM  1000     49758   1417.00      0.00 3263796  551764   3.50  Isolated Web Co

11:52:40 PM   UID       PID   cswch/s nvcswch/s  Command
11:52:41 PM     0        17    137.00      0.00  rcu_preempt
11:52:41 PM     0        18      1.00      0.00  migration/0
11:52:41 PM     0        23      1.00      0.00  migration/2
11:52:41 PM     0        29      1.00      0.00  migration/4
11:52:41 PM     0        35      1.00      0.00  migration/6
11:52:41 PM     0        41      1.00      0.00  migration/8
11:52:41 PM     0        42      1.00      0.00  ksoftirqd/8
11:52:41 PM     0        47      1.00      0.00  migration/10
11:52:41 PM     0        53      1.00      0.00  migration/12
11:52:41 PM     0        59      1.00      0.00  migration/14
11:52:41 PM     0        65      1.00      0.00  migration/1
11:52:41 PM     0        71      1.00      0.00  migration/3
11:52:41 PM     0        77      1.00      0.00  migration/5
11:52:41 PM     0        83      1.00      0.00  migration/7
11:52:41 PM     0        89      1.00      0.00  migration/9
11:52:41 PM     0        95      1.00      0.00  migration/11
11:52:41 PM     0       101      1.00      0.00  migration/13
11:52:41 PM     0       107      1.00      0.00  migration/15
11:52:41 PM     0       119      2.00      0.00  kcompactd0
11:52:41 PM     0       150      1.00      0.00  kworker/7:1-mm_percpu_wq
11:52:41 PM     0       153      5.00      0.00  kworker/11:1-events
11:52:41 PM   122       742      1.00      0.00  rpcbind
11:52:41 PM   110       774      5.00      0.00  avahi-daemon
11:52:41 PM     0       783      1.00      0.00  irqbalance
11:52:41 PM     0       822      8.00      0.00  touchegg
11:52:41 PM     0       884    137.00      0.00  irq/84-rtw89_pci
11:52:41 PM     0       914     18.00      0.00  NetworkManager
11:52:41 PM     0      1242    119.00      5.00  Xorg
11:52:41 PM  1000      1501    192.00      0.00  pipewire-pulse
11:52:41 PM  1000      1908     69.00     48.00  cinnamon
11:52:41 PM  1000      2104     10.00      0.00  blueman-tray
11:52:41 PM  1000      2263     83.00      4.00  firefox-bin
11:52:41 PM  1000      2352      1.00      0.00  Socket Process
11:52:41 PM  1000      2402     69.00      3.00  Privileged Cont
11:52:41 PM  1000      2470     25.00      0.00  WebExtensions
11:52:41 PM  1000      2570      3.00      0.00  Isolated Web Co
11:52:41 PM  1000      2836      1.00      0.00  Isolated Web Co
11:52:41 PM  1000      2963    185.00      6.00  Isolated Web Co
11:52:41 PM  1000      3003      2.00      0.00  Isolated Web Co
11:52:41 PM  1000      4259      2.00      0.00  Isolated Web Co
11:52:41 PM  1000      4311      1.00      0.00  Isolated Web Co
11:52:41 PM  1000      4436      6.00      0.00  Isolated Web Co
11:52:41 PM  1000      4439      1.00      0.00  Isolated Web Co
11:52:41 PM  1000      4446      1.00      0.00  Isolated Web Co
11:52:41 PM  1000      4536      7.00      0.00  Isolated Web Co
11:52:41 PM  1000      4589      2.00      0.00  Isolated Web Co
11:52:41 PM  1000      4605      1.00      0.00  Isolated Web Co
11:52:41 PM  1000      4626      1.00      0.00  Isolated Web Co
11:52:41 PM  1000      4637      1.00      0.00  Isolated Web Co
11:52:41 PM  1000      4650      4.00      0.00  Isolated Web Co
11:52:41 PM  1000      4764      4.00      0.00  Isolated Web Co
11:52:41 PM  1000      4803      1.00      0.00  Isolated Web Co
11:52:41 PM  1000      4809      1.00      0.00  Isolated Web Co
11:52:41 PM  1000      4869      5.00      0.00  Isolated Web Co
11:52:41 PM  1000      4904      6.00      0.00  Isolated Web Co
11:52:41 PM  1000      4907      2.00      0.00  Isolated Web Co
11:52:41 PM  1000      4914     12.00      0.00  Isolated Web Co
11:52:41 PM  1000      5011     12.00      0.00  Isolated Web Co
11:52:41 PM  1000      5014     18.00      0.00  Isolated Web Co
11:52:41 PM  1000      5113     47.00      0.00  Isolated Web Co
11:52:41 PM  1000      5165      1.00      0.00  Isolated Web Co
11:52:41 PM  1000      5180      2.00      0.00  Isolated Web Co
11:52:41 PM  1000      5220      1.00      0.00  Isolated Web Co
11:52:41 PM  1000      5273      2.00      0.00  Isolated Web Co
11:52:41 PM  1000      5469      1.00      0.00  Isolated Web Co
11:52:41 PM  1000      5546      1.00      0.00  Isolated Web Co
11:52:41 PM  1000      5549      5.00      0.00  Isolated Web Co
11:52:41 PM  1000      5646      1.00      0.00  Isolated Web Co
11:52:41 PM  1000      5704      1.00      0.00  Isolated Web Co
11:52:41 PM     0     22875      3.00      0.00  kworker/5:1-events
11:52:41 PM     0     27141      1.00      0.00  kworker/12:0-mm_percpu_wq
11:52:41 PM     0     30134      3.00      0.00  kworker/6:0-events
11:52:41 PM  1000     32073      1.00      0.00  Isolated Web Co
11:52:41 PM  1000     32126      1.00      0.00  Isolated Web Co
11:52:41 PM  1000     32169      6.00      0.00  Isolated Web Co
11:52:41 PM  1000     35005      3.00      0.00  chrome
11:52:41 PM  1000     35067      1.00      0.00  chrome
11:52:41 PM  1000     35280      1.00      0.00  chrome
11:52:41 PM  1000     35618      1.00      0.00  chrome
11:52:41 PM     0     39852      2.00      0.00  kworker/3:1-events_freezable
11:52:41 PM     0     43987      1.00      0.00  kworker/13:0-mm_percpu_wq
11:52:41 PM     0     44016      1.00      0.00  kworker/9:4-mm_percpu_wq
11:52:41 PM     0     44114      1.00      0.00  kworker/14:3-mm_percpu_wq
11:52:41 PM     0     45130      1.00      0.00  kworker/2:5-mm_percpu_wq
11:52:41 PM     0     45146      2.00      0.00  kworker/8:2-events
11:52:41 PM     0     45732      8.00      0.00  kworker/10:0-events
11:52:41 PM     0     46066      1.00      0.00  kworker/15:0-mm_percpu_wq
11:52:41 PM     0     48072     13.00      0.00  kworker/u32:3-gfx_low
11:52:41 PM     0     48837      3.00      0.00  kworker/1:1-events
11:52:41 PM     0     48949      3.00      0.00  kworker/0:2-events
11:52:41 PM     0     49030      1.00      0.00  kworker/4:3-mm_percpu_wq
11:52:41 PM  1000     49179      1.00      0.00  code
11:52:41 PM  1000     49237      6.00      0.00  code
11:52:41 PM  1000     49279     12.00      4.00  code
11:52:41 PM  1000     49295      5.00      0.00  code
11:52:41 PM  1000     49323     14.00      1.00  code
11:52:41 PM  1000     49758     42.00     38.00  Isolated Web Co
11:52:41 PM     0     53079      3.00      0.00  kworker/u33:1-rtw89_tx_wq
11:52:41 PM     0     53138    133.00      1.00  kworker/u32:2+events_unbound
11:52:41 PM     0     57023      1.00      0.00  kworker/u33:2-rtw89_tx_wq
11:52:41 PM  1000     57113      1.00      0.00  mpstat
11:52:41 PM  1000     57114      1.00      0.00  vmstat
11:52:41 PM  1000     57115      1.00      6.00  pidstat

11:52:41 PM   UID       PID    %usr %system  %guest   %wait    %CPU   CPU  Command
11:52:42 PM     0       884    0.00    1.00    0.00    0.00    1.00    11  irq/84-rtw89_pci
11:52:42 PM     0      1242    0.00    1.00    0.00    0.00    1.00     9  Xorg
11:52:42 PM  1000      1908    1.00    0.00    0.00    2.00    1.00     9  cinnamon
11:52:42 PM  1000      2263    2.00    1.00    0.00    1.00    3.00     9  firefox-bin
11:52:42 PM  1000      2963    5.00    2.00    0.00    2.00    7.00    13  Isolated Web Co
11:52:42 PM  1000      4803    1.00    0.00    0.00    0.00    1.00    12  Isolated Web Co
11:52:42 PM  1000      4809    1.00    1.00    0.00    0.00    2.00     6  Isolated Web Co
11:52:42 PM  1000      4914    1.00    2.00    0.00    0.00    3.00     0  Isolated Web Co
11:52:42 PM  1000     32126    1.00    0.00    0.00    0.00    1.00     0  Isolated Web Co
11:52:42 PM  1000     49758    2.00    0.00    0.00    2.00    2.00     0  Isolated Web Co
11:52:42 PM  1000     49887    1.00    0.00    0.00    0.00    1.00     5  Web Content
11:52:42 PM  1000     57115    0.00    2.00    0.00    3.00    2.00    12  pidstat
11:52:42 PM  1000     57116 1581.00    0.00    0.00    0.00 1581.00     1  sysbench

11:52:41 PM   UID       PID  minflt/s  majflt/s     VSZ     RSS   %MEM  Command
11:52:42 PM  1000      2263      3.00      0.00 12395608  741184   4.70  firefox-bin
11:52:42 PM  1000      2402      1.00      0.00 2723484  245232   1.56  Privileged Cont
11:52:42 PM  1000      2570      2.00      0.00 7944352  992088   6.30  Isolated Web Co
11:52:42 PM  1000      2963    183.00      0.00 11694672  768512   4.88  Isolated Web Co
11:52:42 PM  1000      3003      1.00      0.00 2799964  312788   1.99  Isolated Web Co
11:52:42 PM  1000      4259      1.00      0.00 2779296  197288   1.25  Isolated Web Co
11:52:42 PM  1000      4589     79.00      0.00 2907080  302956   1.92  Isolated Web Co
11:52:42 PM  1000      4605      8.00      0.00 2529552  126628   0.80  Isolated Web Co
11:52:42 PM  1000      4637      4.00      0.00 2547588  138452   0.88  Isolated Web Co
11:52:42 PM  1000      4803     44.00      0.00 2511112  122420   0.78  Isolated Web Co
11:52:42 PM  1000      4809     46.00      0.00 2510608  123160   0.78  Isolated Web Co
11:52:42 PM  1000      4914     46.00      0.00 2523004  139156   0.88  Isolated Web Co
11:52:42 PM  1000      5011      1.00      0.00 2500024  117472   0.75  Isolated Web Co
11:52:42 PM  1000      5113      1.00      0.00 2581408  154100   0.98  Isolated Web Co
11:52:42 PM  1000      5469      1.00      0.00 2549160  142792   0.91  Isolated Web Co
11:52:42 PM  1000     32658      0.00      0.00 2470592  105144   0.67  Isolated Web Co
11:52:42 PM  1000     49237     41.00      0.00 1480181952  389312   2.47  code
11:52:42 PM  1000     49279      2.00      0.00 1461308524  115652   0.73  code
11:52:42 PM  1000     49758    110.00      0.00 3263796  549772   3.49  Isolated Web Co
11:52:42 PM  1000     49887      5.00      0.00 2428624   51468   0.33  Web Content

11:52:41 PM   UID       PID   cswch/s nvcswch/s  Command
11:52:42 PM     0        17    160.00      0.00  rcu_preempt
11:52:42 PM     0        36      1.00      0.00  ksoftirqd/6
11:52:42 PM     0       119      2.00      0.00  kcompactd0
11:52:42 PM     0       150      1.00      0.00  kworker/7:1-mm_percpu_wq
11:52:42 PM     0       153      5.00      0.00  kworker/11:1-mld
11:52:42 PM     0       249      4.00      0.00  kworker/12:1H-kblockd
11:52:42 PM     0       271      2.00      0.00  kworker/11:1H-kblockd
11:52:42 PM     0       283      4.00      0.00  kworker/3:1H-kblockd
11:52:42 PM     0       367     13.00      1.00  jbd2/nvme0n1p7-8
11:52:42 PM   110       774      8.00      8.00  avahi-daemon
11:52:42 PM     0       822      1.00      0.00  touchegg
11:52:42 PM     0       884     83.00      0.00  irq/84-rtw89_pci
11:52:42 PM     0       914     16.00      2.00  NetworkManager
11:52:42 PM     0      1242     78.00     10.00  Xorg
11:52:42 PM  1000      1501    204.00      0.00  pipewire-pulse
11:52:42 PM  1000      1908     48.00     51.00  cinnamon
11:52:42 PM  1000      2104     10.00      0.00  blueman-tray
11:52:42 PM  1000      2263     44.00      3.00  firefox-bin
11:52:42 PM  1000      2352      1.00      2.00  Socket Process
11:52:42 PM  1000      2402     70.00      0.00  Privileged Cont
11:52:42 PM  1000      2470     15.00      0.00  WebExtensions
11:52:42 PM  1000      2570      5.00      0.00  Isolated Web Co
11:52:42 PM  1000      2836      9.00      0.00  Isolated Web Co
11:52:42 PM  1000      2839      1.00      0.00  Isolated Servic
11:52:42 PM  1000      2963    206.00      6.00  Isolated Web Co
11:52:42 PM  1000      3003      3.00      0.00  Isolated Web Co
11:52:42 PM  1000      4259      4.00      6.00  Isolated Web Co
11:52:42 PM  1000      4311      1.00      0.00  Isolated Web Co
11:52:42 PM  1000      4436      6.00      0.00  Isolated Web Co
11:52:42 PM  1000      4439      1.00      0.00  Isolated Web Co
11:52:42 PM  1000      4446      1.00      1.00  Isolated Web Co
11:52:42 PM  1000      4536     14.00      0.00  Isolated Web Co
11:52:42 PM  1000      4589      5.00      0.00  Isolated Web Co
11:52:42 PM  1000      4605      4.00      0.00  Isolated Web Co
11:52:42 PM  1000      4626      1.00      0.00  Isolated Web Co
11:52:42 PM  1000      4637      1.00      0.00  Isolated Web Co
11:52:42 PM  1000      4650      1.00      0.00  Isolated Web Co
11:52:42 PM  1000      4764      1.00      0.00  Isolated Web Co
11:52:42 PM  1000      4803      2.00      0.00  Isolated Web Co
11:52:42 PM  1000      4809      2.00      0.00  Isolated Web Co
11:52:42 PM  1000      4869      1.00      0.00  Isolated Web Co
11:52:42 PM  1000      4904      6.00      0.00  Isolated Web Co
11:52:42 PM  1000      4907      1.00      1.00  Isolated Web Co
11:52:42 PM  1000      4914     15.00      0.00  Isolated Web Co
11:52:42 PM  1000      5011     15.00      0.00  Isolated Web Co
11:52:42 PM  1000      5014     18.00      0.00  Isolated Web Co
11:52:42 PM  1000      5113      1.00      0.00  Isolated Web Co
11:52:42 PM  1000      5165      1.00      0.00  Isolated Web Co
11:52:42 PM  1000      5180      1.00      0.00  Isolated Web Co
11:52:42 PM  1000      5220      2.00      0.00  Isolated Web Co
11:52:42 PM  1000      5273      1.00      0.00  Isolated Web Co
11:52:42 PM  1000      5469      1.00      0.00  Isolated Web Co
11:52:42 PM  1000      5546      1.00      0.00  Isolated Web Co
11:52:42 PM  1000      5549      2.00      0.00  Isolated Web Co
11:52:42 PM  1000      5646      1.00      2.00  Isolated Web Co
11:52:42 PM  1000      5704      6.00      1.00  Isolated Web Co
11:52:42 PM     0     22875      2.00      0.00  kworker/5:1-events
11:52:42 PM     0     27141      1.00      0.00  kworker/12:0-mm_percpu_wq
11:52:42 PM     0     30134      2.00      0.00  kworker/6:0-events
11:52:42 PM  1000     32073      9.00      0.00  Isolated Web Co
11:52:42 PM  1000     32126      1.00      0.00  Isolated Web Co
11:52:42 PM  1000     32169      6.00      0.00  Isolated Web Co
11:52:42 PM  1000     32658      2.00      0.00  Isolated Web Co
11:52:42 PM  1000     35005      1.00      1.00  chrome
11:52:42 PM  1000     35280      1.00      0.00  chrome
11:52:42 PM  1000     35925      1.00      0.00  chrome
11:52:42 PM     0     39852      3.00      0.00  kworker/3:1-events
11:52:42 PM     0     43987      4.00      0.00  kworker/13:0-events
11:52:42 PM     0     44016      1.00      0.00  kworker/9:4-mm_percpu_wq
11:52:42 PM     0     44114      1.00      0.00  kworker/14:3-mm_percpu_wq
11:52:42 PM     0     45130      3.00      0.00  kworker/2:5-events
11:52:42 PM     0     45146      1.00      0.00  kworker/8:2-mm_percpu_wq
11:52:42 PM     0     45732      1.00      0.00  kworker/10:0-mm_percpu_wq
11:52:42 PM     0     46066      1.00      0.00  kworker/15:0-mm_percpu_wq
11:52:42 PM     0     48072     10.00      0.00  kworker/u32:3-gfx_low
11:52:42 PM     0     48837      3.00      0.00  kworker/1:1-events
11:52:42 PM     0     48949      4.00      0.00  kworker/0:2-events
11:52:42 PM     0     49030      1.00      0.00  kworker/4:3-mm_percpu_wq
11:52:42 PM  1000     49115      3.00      0.00  code
11:52:42 PM  1000     49237      7.00      0.00  code
11:52:42 PM  1000     49279     15.00      0.00  code
11:52:42 PM  1000     49295      3.00      0.00  code
11:52:42 PM  1000     49323     13.00      1.00  code
11:52:42 PM  1000     49375      1.00      0.00  code
11:52:42 PM  1000     49758     23.00      4.00  Isolated Web Co
11:52:42 PM  1000     49887      1.00      0.00  Web Content
11:52:42 PM     0     53138    109.00      0.00  kworker/u32:2-events_unbound
11:52:42 PM  1000     57113      1.00      0.00  mpstat
11:52:42 PM  1000     57114      1.00      0.00  vmstat
11:52:42 PM  1000     57115      3.00     14.00  pidstat

11:52:42 PM   UID       PID    %usr %system  %guest   %wait    %CPU   CPU  Command
11:52:43 PM   110       774    1.00    1.00    0.00    0.00    2.00    11  avahi-daemon
11:52:43 PM  1000      1497    0.00    1.00    0.00    0.00    1.00    12  pipewire
11:52:43 PM  1000      1501    0.00    1.00    0.00    0.00    1.00     3  pipewire-pulse
11:52:43 PM  1000      1908    2.00    0.00    0.00    2.00    2.00     9  cinnamon
11:52:43 PM  1000      2263    3.00    2.00    0.00    1.00    5.00    10  firefox-bin
11:52:43 PM  1000      2402    1.00    0.00    0.00    0.00    1.00     0  Privileged Cont
11:52:43 PM  1000      2963    5.00    3.00    0.00    3.00    8.00    13  Isolated Web Co
11:52:43 PM  1000      5020    1.00    1.00    0.00    0.00    2.00     5  Isolated Web Co
11:52:43 PM  1000      5165    1.00    2.00    0.00    0.00    3.00     3  Isolated Web Co
11:52:43 PM  1000      5549    0.00    1.00    0.00    0.00    1.00     7  Isolated Web Co
11:52:43 PM  1000     49279    0.00    1.00    0.00    0.00    1.00     5  code
11:52:43 PM  1000     49323    0.00    1.00    0.00    0.00    1.00    13  code
11:52:43 PM  1000     49758    4.00    0.00    0.00    4.00    4.00     0  Isolated Web Co
11:52:43 PM     0     53138    0.00    1.00    0.00    0.00    1.00     9  kworker/u32:2-gfx_low
11:52:43 PM  1000     57115    1.00    2.00    0.00    2.00    3.00    12  pidstat
11:52:43 PM  1000     57116 1564.00    0.00    0.00    0.00 1564.00     1  sysbench

11:52:42 PM   UID       PID  minflt/s  majflt/s     VSZ     RSS   %MEM  Command
11:52:43 PM  1000      2263      5.00      0.00 12395608  741184   4.70  firefox-bin
11:52:43 PM  1000      2470      1.00      0.00 2501060  133600   0.85  WebExtensions
11:52:43 PM  1000      2570     32.00      0.00 7944352  992088   6.30  Isolated Web Co
11:52:43 PM  1000      2963   1014.00      0.00 11694672  766820   4.87  Isolated Web Co
11:52:43 PM  1000      4259      1.00      0.00 2779296  197288   1.25  Isolated Web Co
11:52:43 PM  1000      4650      3.00      0.00 2570404  149464   0.95  Isolated Web Co
11:52:43 PM  1000      4764      6.00      0.00 2568988  146176   0.93  Isolated Web Co
11:52:43 PM  1000      4803      8.00      0.00 2511112  122204   0.78  Isolated Web Co
11:52:43 PM  1000      4869      8.00      0.00 2516476  123956   0.79  Isolated Web Co
11:52:43 PM  1000      4907      1.00      0.00 2503860  122936   0.78  Isolated Web Co
11:52:43 PM  1000      4914      1.00      0.00 2523004  139156   0.88  Isolated Web Co
11:52:43 PM  1000      5020     46.00      0.00 2500652  120636   0.77  Isolated Web Co
11:52:43 PM  1000      5165     44.00      0.00 2487708  113936   0.72  Isolated Web Co
11:52:43 PM  1000      5469      2.00      0.00 2549160  142792   0.91  Isolated Web Co
11:52:43 PM  1000      5646      8.00      0.00 2513032  124264   0.79  Isolated Web Co
11:52:43 PM  1000     35050     90.00      0.00 34734236  274280   1.74  chrome
11:52:43 PM  1000     35051     14.00      0.00 34064912  131296   0.83  chrome
11:52:43 PM  1000     49237     27.00      0.00 1480181952  389440   2.47  code
11:52:43 PM  1000     49279      4.00      0.00 1461308524  115652   0.73  code
11:52:43 PM  1000     49295     18.00      0.00 1461300524  156300   0.99  code
11:52:43 PM  1000     49322      6.00      0.00 1461299592  113148   0.72  code
11:52:43 PM  1000     49323     11.00      0.00 1461316600  106992   0.68  code
11:52:43 PM  1000     49758    164.00      0.00 3263796  550284   3.49  Isolated Web Co

11:52:42 PM   UID       PID   cswch/s nvcswch/s  Command
11:52:43 PM     0        17    135.00      0.00  rcu_preempt
11:52:43 PM     0        60      1.00      0.00  ksoftirqd/14
11:52:43 PM     0        84      1.00      0.00  ksoftirqd/7
11:52:43 PM     0       119      2.00      0.00  kcompactd0
11:52:43 PM     0       150      1.00      0.00  kworker/7:1-mm_percpu_wq
11:52:43 PM     0       153      3.00      0.00  kworker/11:1-mld
11:52:43 PM   110       774     27.00      2.00  avahi-daemon
11:52:43 PM     0       822     10.00      0.00  touchegg
11:52:43 PM     0       884    129.00      0.00  irq/84-rtw89_pci
11:52:43 PM     0       914      9.00      0.00  NetworkManager
11:52:43 PM     0      1242    136.00     16.00  Xorg
11:52:43 PM  1000      1501    205.00      0.00  pipewire-pulse
11:52:43 PM  1000      1908     69.00     66.00  cinnamon
11:52:43 PM  1000      2104     10.00      0.00  blueman-tray
11:52:43 PM  1000      2263     70.00     57.00  firefox-bin
11:52:43 PM  1000      2402    177.00      0.00  Privileged Cont
11:52:43 PM  1000      2470     12.00      0.00  WebExtensions
11:52:43 PM  1000      2570      8.00      0.00  Isolated Web Co
11:52:43 PM  1000      2836      1.00      0.00  Isolated Web Co
11:52:43 PM  1000      2963    183.00      5.00  Isolated Web Co
11:52:43 PM  1000      3003      5.00      4.00  Isolated Web Co
11:52:43 PM  1000      4259      1.00      2.00  Isolated Web Co
11:52:43 PM  1000      4311      1.00      0.00  Isolated Web Co
11:52:43 PM  1000      4436      4.00      0.00  Isolated Web Co
11:52:43 PM  1000      4439      1.00      2.00  Isolated Web Co
11:52:43 PM  1000      4446      1.00      0.00  Isolated Web Co
11:52:43 PM  1000      4536      2.00      0.00  Isolated Web Co
11:52:43 PM  1000      4589      1.00      0.00  Isolated Web Co
11:52:43 PM  1000      4605      1.00      0.00  Isolated Web Co
11:52:43 PM  1000      4626      1.00      0.00  Isolated Web Co
11:52:43 PM  1000      4637      1.00      0.00  Isolated Web Co
11:52:43 PM  1000      4650      3.00      0.00  Isolated Web Co
11:52:43 PM  1000      4764      1.00      0.00  Isolated Web Co
11:52:43 PM  1000      4803      4.00      0.00  Isolated Web Co
11:52:43 PM  1000      4809      1.00      0.00  Isolated Web Co
11:52:43 PM  1000      4869      4.00      6.00  Isolated Web Co
11:52:43 PM  1000      4904      6.00      0.00  Isolated Web Co
11:52:43 PM  1000      4907      2.00      0.00  Isolated Web Co
11:52:43 PM  1000      4914      8.00      0.00  Isolated Web Co
11:52:43 PM  1000      5011     12.00      0.00  Isolated Web Co
11:52:43 PM  1000      5014     18.00      0.00  Isolated Web Co
11:52:43 PM  1000      5020      1.00      0.00  Isolated Web Co
11:52:43 PM  1000      5113      1.00      1.00  Isolated Web Co
11:52:43 PM  1000      5165      2.00      0.00  Isolated Web Co
11:52:43 PM  1000      5180      1.00      0.00  Isolated Web Co
11:52:43 PM  1000      5220      1.00      0.00  Isolated Web Co
11:52:43 PM  1000      5273      1.00      0.00  Isolated Web Co
11:52:43 PM  1000      5469      4.00      0.00  Isolated Web Co
11:52:43 PM  1000      5546      1.00      0.00  Isolated Web Co
11:52:43 PM  1000      5549      5.00      0.00  Isolated Web Co
11:52:43 PM  1000      5646      4.00      0.00  Isolated Web Co
11:52:43 PM  1000      5704      1.00      0.00  Isolated Web Co
11:52:43 PM     0     22875      4.00      0.00  kworker/5:1-events
11:52:43 PM     0     27141      1.00      0.00  kworker/12:0-mm_percpu_wq
11:52:43 PM     0     30134      1.00      0.00  kworker/6:0-mm_percpu_wq
11:52:43 PM  1000     32073      3.00      0.00  Isolated Web Co
11:52:43 PM  1000     32126      1.00      0.00  Isolated Web Co
11:52:43 PM  1000     32169      1.00      0.00  Isolated Web Co
11:52:43 PM  1000     35005      2.00      1.00  chrome
11:52:43 PM  1000     35050      1.00      0.00  chrome
11:52:43 PM  1000     35051      1.00      0.00  chrome
11:52:43 PM  1000     35280      1.00      0.00  chrome
11:52:43 PM  1000     35925      1.00      0.00  chrome
11:52:43 PM     0     39852      2.00      0.00  kworker/3:1-events_freezable
11:52:43 PM     0     43987      1.00      0.00  kworker/13:0-mm_percpu_wq
11:52:43 PM     0     44016      1.00      0.00  kworker/9:4-mm_percpu_wq
11:52:43 PM     0     44114      1.00      0.00  kworker/14:3-mm_percpu_wq
11:52:43 PM     0     45130      1.00      0.00  kworker/2:5-mm_percpu_wq
11:52:43 PM     0     45146      2.00      0.00  kworker/8:2-events
11:52:43 PM     0     45732      9.00      0.00  kworker/10:0-events
11:52:43 PM     0     46066      1.00      0.00  kworker/15:0-mm_percpu_wq
11:52:43 PM     0     48072    111.00      0.00  kworker/u32:3-events_unbound
11:52:43 PM     0     48837      2.00      0.00  kworker/1:1-events
11:52:43 PM     0     48949      1.00      0.00  kworker/0:2-events
11:52:43 PM     0     49030      1.00      0.00  kworker/4:3-mm_percpu_wq
11:52:43 PM  1000     49237     10.00      1.00  code
11:52:43 PM  1000     49279     14.00      1.00  code
11:52:43 PM  1000     49295      7.00      0.00  code
11:52:43 PM  1000     49322      1.00      0.00  code
11:52:43 PM  1000     49323     13.00      2.00  code
11:52:43 PM  1000     49758     39.00     43.00  Isolated Web Co
11:52:43 PM     0     53079      1.00      0.00  kworker/u33:1-rtw89_tx_wq
11:52:43 PM     0     53138     45.00      0.00  kworker/u32:2-gfx_low
11:52:43 PM     0     56192      1.00      0.00  kworker/u32:4-gfx_low
11:52:43 PM  1000     57113      1.00      0.00  mpstat
11:52:43 PM  1000     57114      1.00      0.00  vmstat
11:52:43 PM  1000     57115      1.00      8.00  pidstat
