Linux 6.8.0-51-generic (abhijeet-Vivobook) 	09/10/2025 	_x86_64_	(16 CPU)

11:53:17 PM   UID       PID    %usr %system  %guest   %wait    %CPU   CPU  Command
11:53:18 PM     0      1242    1.96    1.96    0.00    0.00    3.92     9  Xorg
11:53:18 PM  1000      1497    0.00    0.98    0.00    0.00    0.98    12  pipewire
11:53:18 PM  1000      1908    3.92    1.96    0.00    8.82    5.88     9  cinnamon
11:53:18 PM  1000      2263    2.94    2.94    0.00    1.96    5.88     8  firefox-bin
11:53:18 PM  1000      2402    0.00    0.98    0.00    0.00    0.98     7  Privileged Cont
11:53:18 PM  1000      2963    2.94    0.98    0.00    0.98    3.92    13  Isolated Web Co
11:53:18 PM  1000      3003    0.98    0.00    0.00    0.98    0.98    11  Isolated Web Co
11:53:18 PM  1000      4589    0.98    0.00    0.00    0.00    0.98     7  Isolated Web Co
11:53:18 PM  1000      4803    0.98    0.00    0.00    0.00    0.98     5  Isolated Web Co
11:53:18 PM  1000     32169    0.98    0.00    0.00    0.98    0.98     7  Isolated Web Co
11:53:18 PM     0     48072    0.00    0.98    0.00    0.00    0.98    11  kworker/u32:3-gfx_low
11:53:18 PM  1000     49115    0.98    0.00    0.00    0.00    0.98    15  code
11:53:18 PM  1000     49179    3.92    1.96    0.00    5.88    5.88     9  code
11:53:18 PM  1000     49237    6.86    0.98    0.00    5.88    7.84    14  code
11:53:18 PM  1000     49279    0.98    0.98    0.00    0.98    1.96     1  code
11:53:18 PM  1000     49295    0.98    0.00    0.00    0.00    0.98    11  code
11:53:18 PM  1000     49323    0.98    0.00    0.00    0.00    0.98     2  code
11:53:18 PM  1000     49758    6.86    0.98    0.00    8.82    7.84    13  Isolated Web Co
11:53:18 PM     0     56192    0.00    0.98    0.00    0.98    0.98     5  kworker/u32:4-gfx_low
11:53:18 PM  1000     57413    0.98    1.96    0.00    2.94    2.94     0  pidstat
11:53:18 PM  1000     57414 1598.04    0.98    0.00    0.00 1599.02    12  sysbench
11:53:18 PM  1000     57434    0.00    0.98    0.00    2.94    0.98     3  ps

11:53:17 PM   UID       PID  minflt/s  majflt/s     VSZ     RSS   %MEM  Command
11:53:18 PM  1000      2263     24.51      0.00 12389480  738272   4.69  firefox-bin
11:53:18 PM  1000      2963    647.06      0.00 11699792  772876   4.91  Isolated Web Co
11:53:18 PM  1000      3003     27.45      0.00 2799980  313972   1.99  Isolated Web Co
11:53:18 PM  1000      4536      3.92      0.00 2674512  196904   1.25  Isolated Web Co
11:53:18 PM  1000      4589      2.94      0.00 2907064  303588   1.93  Isolated Web Co
11:53:18 PM  1000      4637      3.92      0.00 2547588  138824   0.88  Isolated Web Co
11:53:18 PM  1000      5113      0.98      0.00 2581424  154144   0.98  Isolated Web Co
11:53:18 PM  1000      5469      0.98      0.00 2549176  143176   0.91  Isolated Web Co
11:53:18 PM  1000      5549      0.00      0.00 2489792  122708   0.78  Isolated Web Co
11:53:18 PM  1000     35005      1.96      0.00 34324576  363904   2.31  chrome
11:53:18 PM  1000     35067      3.92      0.00 34291624   59576   0.38  chrome
11:53:18 PM  1000     49115      0.98      0.00 1461531824  191128   1.21  code
11:53:18 PM  1000     49179    510.78      0.00 34572980  178040   1.13  code
11:53:18 PM  1000     49237    179.41      0.00 1480184128  389020   2.47  code
11:53:18 PM  1000     49279    526.47      0.00 1461308524  116392   0.74  code
11:53:18 PM  1000     49295     71.57      0.00 1461300524  156548   0.99  code
11:53:18 PM  1000     49322     10.78      0.00 1461299592  113144   0.72  code
11:53:18 PM  1000     49758    175.49      0.00 3265828  553704   3.51  Isolated Web Co
11:53:18 PM  1000     57413      2.94      0.00   17356    5632   0.04  pidstat
11:53:18 PM  1000     57433    119.61      0.00    2800    1536   0.01  sh
11:53:18 PM  1000     57434    446.08      0.00   19416    4480   0.03  ps

11:53:17 PM   UID       PID   cswch/s nvcswch/s  Command
11:53:18 PM     0        16      0.98      0.00  ksoftirqd/0
11:53:18 PM     0        17    275.49      0.00  rcu_preempt
11:53:18 PM     0        42      1.96      0.00  ksoftirqd/8
11:53:18 PM     0        48      1.96      0.98  ksoftirqd/10
11:53:18 PM     0        66      0.98      0.00  ksoftirqd/1
11:53:18 PM     0        71      0.98      0.00  migration/3
11:53:18 PM     0        72      0.98      0.00  ksoftirqd/3
11:53:18 PM     0       108      0.98      0.00  ksoftirqd/15
11:53:18 PM     0       119      1.96      0.00  kcompactd0
11:53:18 PM     0       150      0.98      0.00  kworker/7:1-mm_percpu_wq
11:53:18 PM     0       153      0.98      0.00  kworker/11:1-mm_percpu_wq
11:53:18 PM   110       774     33.33      5.88  avahi-daemon
11:53:18 PM     0       822     13.73      0.00  touchegg
11:53:18 PM     0       884     85.29      0.00  irq/84-rtw89_pci
11:53:18 PM     0       914     36.27      0.00  NetworkManager
11:53:18 PM     0      1242    836.27     92.16  Xorg
11:53:18 PM  1000      1501    200.98      0.00  pipewire-pulse
11:53:18 PM  1000      1908    201.96    267.65  cinnamon
11:53:18 PM  1000      2104     10.78      0.00  blueman-tray
11:53:18 PM  1000      2263     94.12     12.75  firefox-bin
11:53:18 PM  1000      2352      0.98      0.00  Socket Process
11:53:18 PM  1000      2402    160.78      0.00  Privileged Cont
11:53:18 PM  1000      2470     10.78      0.98  WebExtensions
11:53:18 PM  1000      2570      5.88      0.00  Isolated Web Co
11:53:18 PM  1000      2836      0.98      0.00  Isolated Web Co
11:53:18 PM  1000      2963    192.16     14.71  Isolated Web Co
11:53:18 PM  1000      3003      3.92      7.84  Isolated Web Co
11:53:18 PM  1000      4259      0.98      0.00  Isolated Web Co
11:53:18 PM  1000      4311      0.98      0.00  Isolated Web Co
11:53:18 PM  1000      4436      0.98      0.00  Isolated Web Co
11:53:18 PM  1000      4439      0.98      0.00  Isolated Web Co
11:53:18 PM  1000      4446      0.98      1.96  Isolated Web Co
11:53:18 PM  1000      4536      4.90      0.00  Isolated Web Co
11:53:18 PM  1000      4589      4.90      1.96  Isolated Web Co
11:53:18 PM  1000      4605      0.98      0.00  Isolated Web Co
11:53:18 PM  1000      4626      0.98      0.00  Isolated Web Co
11:53:18 PM  1000      4637      0.98      0.00  Isolated Web Co
11:53:18 PM  1000      4650      1.96      0.00  Isolated Web Co
11:53:18 PM  1000      4764      0.98      0.00  Isolated Web Co
11:53:18 PM  1000      4803      0.98      0.98  Isolated Web Co
11:53:18 PM  1000      4809      0.98      0.00  Isolated Web Co
11:53:18 PM  1000      4869      0.98      0.00  Isolated Web Co
11:53:18 PM  1000      4904      0.98      0.00  Isolated Web Co
11:53:18 PM  1000      4907      0.98      0.00  Isolated Web Co
11:53:18 PM  1000      4914      0.98      0.00  Isolated Web Co
11:53:18 PM  1000      5011      0.98      1.96  Isolated Web Co
11:53:18 PM  1000      5014      0.98      0.00  Isolated Web Co
11:53:18 PM  1000      5113      0.98      0.00  Isolated Web Co
11:53:18 PM  1000      5165      0.98      1.96  Isolated Web Co
11:53:18 PM  1000      5180      0.98      0.98  Isolated Web Co
11:53:18 PM  1000      5220      0.98      0.00  Isolated Web Co
11:53:18 PM  1000      5273      0.98      0.00  Isolated Web Co
11:53:18 PM  1000      5469      0.98      0.00  Isolated Web Co
11:53:18 PM  1000      5546      0.98      0.00  Isolated Web Co
11:53:18 PM  1000      5549      3.92      0.00  Isolated Web Co
11:53:18 PM  1000      5646      0.98      0.00  Isolated Web Co
11:53:18 PM  1000      5704      0.98      0.00  Isolated Web Co
11:53:18 PM     0     22875      0.98      0.00  kworker/5:1-mm_percpu_wq
11:53:18 PM     0     27141      1.96      0.00  kworker/12:0-events
11:53:18 PM     0     30134      0.98      0.00  kworker/6:0-mm_percpu_wq
11:53:18 PM  1000     32073      3.92      0.00  Isolated Web Co
11:53:18 PM  1000     32126      0.98      0.00  Isolated Web Co
11:53:18 PM  1000     32169      3.92      0.00  Isolated Web Co
11:53:18 PM  1000     35005      1.96      0.00  chrome
11:53:18 PM  1000     35067      0.98      0.00  chrome
11:53:18 PM  1000     35280      0.98      0.00  chrome
11:53:18 PM  1000     35925      0.98      0.00  chrome
11:53:18 PM     0     39852      3.92      0.00  kworker/3:1-events
11:53:18 PM     0     43987      1.96      0.00  kworker/13:0-events
11:53:18 PM     0     44016      0.98      0.00  kworker/9:4-mm_percpu_wq
11:53:18 PM     0     44114      0.98      0.00  kworker/14:3-mm_percpu_wq
11:53:18 PM     0     45130      3.92      0.00  kworker/2:5-events
11:53:18 PM     0     45146      0.98      0.00  kworker/8:2-mm_percpu_wq
11:53:18 PM     0     45732     15.69      0.00  kworker/10:0-events
11:53:18 PM     0     46066      2.94      0.00  kworker/15:0-events
11:53:18 PM     0     48072    433.33      0.00  kworker/u32:3-gfx_low
11:53:18 PM     0     48837      6.86      0.00  kworker/1:1-events
11:53:18 PM     0     48949      2.94      0.00  kworker/0:2-events
11:53:18 PM     0     49030      0.98      0.00  kworker/4:3-mm_percpu_wq
11:53:18 PM  1000     49115     17.65      8.82  code
11:53:18 PM  1000     49179    316.67    284.31  code
11:53:18 PM  1000     49237    117.65     23.53  code
11:53:18 PM  1000     49279     17.65      0.00  code
11:53:18 PM  1000     49295      7.84      5.88  code
11:53:18 PM  1000     49322      1.96      0.00  code
11:53:18 PM  1000     49323      9.80      0.00  code
11:53:18 PM  1000     49375      0.98      0.00  code
11:53:18 PM  1000     49758     59.80     24.51  Isolated Web Co
11:53:18 PM     0     56192    230.39      0.98  kworker/u32:4-gfx_low
11:53:18 PM     0     57023      0.98      0.00  kworker/u33:2-rtw89_tx_wq
11:53:18 PM  1000     57411      0.98      0.00  mpstat
11:53:18 PM  1000     57412      0.98      0.00  vmstat
11:53:18 PM  1000     57413      0.98      5.88  pidstat
11:53:18 PM  1000     57433      1.96      0.98  sh
11:53:18 PM  1000     57434      0.00      9.80  ps

11:53:18 PM   UID       PID    %usr %system  %guest   %wait    %CPU   CPU  Command
11:53:19 PM     0      1242    0.99    0.99    0.00    0.99    1.98     9  Xorg
11:53:19 PM  1000      1501    0.00    0.99    0.00    0.00    0.99     3  pipewire-pulse
11:53:19 PM  1000      1507    0.99    0.00    0.00    0.99    0.99     4  dbus-daemon
11:53:19 PM  1000      1908    3.96    1.98    0.00    4.95    5.94     9  cinnamon
11:53:19 PM  1000      2263    2.97    2.97    0.00    0.99    5.94    10  firefox-bin
11:53:19 PM  1000      2963    0.00    1.98    0.00    0.99    1.98    13  Isolated Web Co
11:53:19 PM  1000      5165    0.99    0.00    0.00    0.00    0.99     4  Isolated Web Co
11:53:19 PM  1000     49179    1.98    0.99    0.00    1.98    2.97    10  code
11:53:19 PM  1000     49237    1.98    0.00    0.00    0.99    1.98     0  code
11:53:19 PM  1000     49758    3.96    0.00    0.00    3.96    3.96    13  Isolated Web Co
11:53:19 PM  1000     57413    0.00    1.98    0.00    1.98    1.98     0  pidstat
11:53:19 PM  1000     57414 1547.52    0.99    0.00    0.00 1548.51    12  sysbench

11:53:18 PM   UID       PID  minflt/s  majflt/s     VSZ     RSS   %MEM  Command
11:53:19 PM  1000      1745      2.97      0.00  603948   25328   0.16  csd-power
11:53:19 PM  1000      1908     22.77      0.00 5279180  262228   1.66  cinnamon
11:53:19 PM  1000      2263     11.88      0.00 12389480  738272   4.69  firefox-bin
11:53:19 PM  1000      2470      1.98      0.00 2501044  133856   0.85  WebExtensions
11:53:19 PM  1000      2570      0.99      0.00 7944368  996564   6.33  Isolated Web Co
11:53:19 PM  1000      2963      0.99      0.00 11699792  772876   4.91  Isolated Web Co
11:53:19 PM  1000      3003      2.97      0.00 2799980  313972   1.99  Isolated Web Co
11:53:19 PM  1000      4311      0.99      0.00 2481056  108092   0.69  Isolated Web Co
11:53:19 PM  1000      4589      0.99      0.00 2907064  303588   1.93  Isolated Web Co
11:53:19 PM  1000      4650      2.97      0.00 2570404  149928   0.95  Isolated Web Co
11:53:19 PM  1000      4764      6.93      0.00 2569004  146560   0.93  Isolated Web Co
11:53:19 PM  1000      5469      0.99      0.00 2549176  143176   0.91  Isolated Web Co
11:53:19 PM  1000     35005      0.99      0.00 34324576  363904   2.31  chrome
11:53:19 PM  1000     35050     89.11      0.00 34734236  274280   1.74  chrome
11:53:19 PM  1000     35051     13.86      0.00 34064912  131616   0.84  chrome
11:53:19 PM  1000     49115      1.98      0.00 1461531824  191128   1.21  code
11:53:19 PM  1000     49179      0.99      0.00 34572980  178040   1.13  code
11:53:19 PM  1000     49237     14.85      0.00 1480184128  389016   2.47  code
11:53:19 PM  1000     49279    293.07      0.00 1461308524  116392   0.74  code
11:53:19 PM  1000     49295     10.89      0.00 1461300524  156156   0.99  code
11:53:19 PM  1000     49322      7.92      0.00 1461299592  113144   0.72  code
11:53:19 PM  1000     49323      2.97      0.00 1461316600  106864   0.68  code
11:53:19 PM  1000     49758      1.98      0.00 3265828  553704   3.51  Isolated Web Co
11:53:19 PM  1000     57413      4.95      0.00   17496    5632   0.04  pidstat
11:53:19 PM  1000     57435    118.81      0.00    2800    1536   0.01  sh
11:53:19 PM  1000     57436    333.66      0.00   15524    3712   0.02  cpuUsage.sh
11:53:19 PM  1000     57443     99.01      0.00   13872    1920   0.01  sleep

11:53:18 PM   UID       PID   cswch/s nvcswch/s  Command
11:53:19 PM     0        17    223.76      0.00  rcu_preempt
11:53:19 PM     0        36      0.99      0.00  ksoftirqd/6
11:53:19 PM     0        47      0.99      0.00  migration/10
11:53:19 PM     0        72      0.99      0.00  ksoftirqd/3
11:53:19 PM     0        84      1.98      0.00  ksoftirqd/7
11:53:19 PM     0       119      1.98      0.00  kcompactd0
11:53:19 PM     0       150      0.99      0.00  kworker/7:1-mm_percpu_wq
11:53:19 PM     0       153      0.99      0.00  kworker/11:1-mm_percpu_wq
11:53:19 PM   110       774     21.78      0.99  avahi-daemon
11:53:19 PM   101       778      0.99      0.00  dbus-daemon
11:53:19 PM     0       822      7.92      0.00  touchegg
11:53:19 PM     0       884    105.94      0.00  irq/84-rtw89_pci
11:53:19 PM     0       914     19.80      1.98  NetworkManager
11:53:19 PM     0      1242    489.11     41.58  Xorg
11:53:19 PM     0      1374      0.99      0.00  upowerd
11:53:19 PM  1000      1499      0.99      0.00  wireplumber
11:53:19 PM  1000      1501    194.06      0.00  pipewire-pulse
11:53:19 PM  1000      1507      4.95      0.00  dbus-daemon
11:53:19 PM  1000      1745      2.97      0.00  csd-power
11:53:19 PM  1000      1908    198.02    113.86  cinnamon
11:53:19 PM  1000      2104      9.90      0.99  blueman-tray
11:53:19 PM  1000      2263     81.19      7.92  firefox-bin
11:53:19 PM  1000      2352      2.97      0.00  Socket Process
11:53:19 PM  1000      2402    128.71      0.00  Privileged Cont
11:53:19 PM  1000      2470     11.88      0.00  WebExtensions
11:53:19 PM  1000      2570      2.97      0.00  Isolated Web Co
11:53:19 PM  1000      2818      0.99      0.00  applet.py
11:53:19 PM  1000      2836      1.98      1.98  Isolated Web Co
11:53:19 PM  1000      2963    183.17      9.90  Isolated Web Co
11:53:19 PM  1000      3003      1.98      0.00  Isolated Web Co
11:53:19 PM  1000      4259      0.99      0.00  Isolated Web Co
11:53:19 PM  1000      4311      0.99      0.00  Isolated Web Co
11:53:19 PM  1000      4436      3.96      0.00  Isolated Web Co
11:53:19 PM  1000      4439      0.99      0.00  Isolated Web Co
11:53:19 PM  1000      4446      0.99      0.00  Isolated Web Co
11:53:19 PM  1000      4536      0.99      0.00  Isolated Web Co
11:53:19 PM  1000      4589      0.99      0.00  Isolated Web Co
11:53:19 PM  1000      4605      1.98      0.00  Isolated Web Co
11:53:19 PM  1000      4626      0.99      0.00  Isolated Web Co
11:53:19 PM  1000      4637      0.99      0.00  Isolated Web Co
11:53:19 PM  1000      4650      4.95      0.00  Isolated Web Co
11:53:19 PM  1000      4764      1.98      0.00  Isolated Web Co
11:53:19 PM  1000      4803      0.99      1.98  Isolated Web Co
11:53:19 PM  1000      4809      0.99      0.00  Isolated Web Co
11:53:19 PM  1000      4869      0.99      0.00  Isolated Web Co
11:53:19 PM  1000      4904      0.99      0.00  Isolated Web Co
11:53:19 PM  1000      4907      0.99      0.00  Isolated Web Co
11:53:19 PM  1000      4914      0.99      0.00  Isolated Web Co
11:53:19 PM  1000      5011      0.99      1.98  Isolated Web Co
11:53:19 PM  1000      5014      0.99      0.00  Isolated Web Co
11:53:19 PM  1000      5113      0.99      0.00  Isolated Web Co
11:53:19 PM  1000      5165      0.99      0.00  Isolated Web Co
11:53:19 PM  1000      5180      0.99      0.00  Isolated Web Co
11:53:19 PM  1000      5220      0.99      0.00  Isolated Web Co
11:53:19 PM  1000      5273      0.99      0.99  Isolated Web Co
11:53:19 PM  1000      5469      0.99      0.00  Isolated Web Co
11:53:19 PM  1000      5546      3.96      0.00  Isolated Web Co
11:53:19 PM  1000      5549      0.99      0.00  Isolated Web Co
11:53:19 PM  1000      5646      0.99      0.00  Isolated Web Co
11:53:19 PM  1000      5704      0.99      0.99  Isolated Web Co
11:53:19 PM     0     22875      2.97      0.00  kworker/5:1-events
11:53:19 PM     0     23431      0.99      0.00  fwupd
11:53:19 PM     0     27141      0.99      0.00  kworker/12:0-mm_percpu_wq
11:53:19 PM     0     30134      4.95      0.00  kworker/6:0-events
11:53:19 PM  1000     32073      0.99      0.00  Isolated Web Co
11:53:19 PM  1000     32126      0.99      0.00  Isolated Web Co
11:53:19 PM  1000     32169      0.99      0.00  Isolated Web Co
11:53:19 PM  1000     35005      2.97      0.00  chrome
11:53:19 PM  1000     35050      0.99      0.00  chrome
11:53:19 PM  1000     35051      0.99      0.00  chrome
11:53:19 PM  1000     35280      0.99      0.00  chrome
11:53:19 PM     0     39852      1.98      0.00  kworker/3:1-events_freezable
11:53:19 PM     0     43987      0.99      0.00  kworker/13:0-mm_percpu_wq
11:53:19 PM     0     44016      0.99      0.99  kworker/9:4-mm_percpu_wq
11:53:19 PM     0     44114      0.99      0.00  kworker/14:3-mm_percpu_wq
11:53:19 PM     0     45130      0.99      0.00  kworker/2:5-mm_percpu_wq
11:53:19 PM     0     45146      1.98      0.99  kworker/8:2-events
11:53:19 PM     0     45732      8.91      0.00  kworker/10:0-events
11:53:19 PM     0     46066      0.99      0.00  kworker/15:0-mm_percpu_wq
11:53:19 PM     0     48072    305.94      0.00  kworker/u32:3-events_unbound
11:53:19 PM     0     48837      3.96      0.00  kworker/1:1-events
11:53:19 PM     0     48949      2.97      0.00  kworker/0:2-events
11:53:19 PM     0     49030      2.97      0.00  kworker/4:3-events
11:53:19 PM  1000     49115      1.98      0.00  code
11:53:19 PM  1000     49179    129.70    162.38  code
11:53:19 PM  1000     49183      0.99      0.00  code
11:53:19 PM  1000     49237     51.49      1.98  code
11:53:19 PM  1000     49279     38.61      2.97  code
11:53:19 PM  1000     49295      3.96      0.00  code
11:53:19 PM  1000     49322      2.97      0.00  code
11:53:19 PM  1000     49323     12.87      0.99  code
11:53:19 PM  1000     49758     38.61     19.80  Isolated Web Co
11:53:19 PM     0     53138      3.96      0.00  kworker/u32:2-gfx_low
11:53:19 PM     0     56192     85.15      0.99  kworker/u32:4-gfx_low
11:53:19 PM  1000     57411      0.99      0.00  mpstat
11:53:19 PM  1000     57412      0.99      0.00  vmstat
11:53:19 PM  1000     57413      0.99      5.94  pidstat
11:53:19 PM  1000     57435      1.98      0.00  sh
11:53:19 PM  1000     57436     16.83      0.99  cpuUsage.sh
11:53:19 PM  1000     57443      0.99      0.00  sleep

11:53:19 PM   UID       PID    %usr %system  %guest   %wait    %CPU   CPU  Command
11:53:20 PM     0       914    1.00    0.00    0.00    0.00    1.00    11  NetworkManager
11:53:20 PM  1000      1908    1.00    0.00    0.00    2.00    1.00     9  cinnamon
11:53:20 PM  1000      2263    4.00    1.00    0.00    1.00    5.00    10  firefox-bin
11:53:20 PM  1000      2470    1.00    0.00    0.00    0.00    1.00     8  WebExtensions
11:53:20 PM  1000      2963    1.00    2.00    0.00    1.00    3.00    13  Isolated Web Co
11:53:20 PM     0     48072    0.00    1.00    0.00    0.00    1.00     5  kworker/u32:3-gfx_low
11:53:20 PM  1000     49183    0.00    1.00    0.00    0.00    1.00    13  code
11:53:20 PM  1000     49237    0.00    1.00    0.00    0.00    1.00    11  code
11:53:20 PM  1000     49758    4.00    0.00    0.00    5.00    4.00    12  Isolated Web Co
11:53:20 PM  1000     57413    1.00    3.00    0.00    3.00    4.00     1  pidstat
11:53:20 PM  1000     57414 1575.00    0.00    0.00    0.00 1575.00    12  sysbench

11:53:19 PM   UID       PID  minflt/s  majflt/s     VSZ     RSS   %MEM  Command
11:53:20 PM  1000      2263     98.00      0.00 12391528  738528   4.69  firefox-bin
11:53:20 PM  1000      2402      1.00      0.00 2723500  245148   1.56  Privileged Cont
11:53:20 PM  1000      2470      3.00      0.00 2501044  133856   0.85  WebExtensions
11:53:20 PM  1000      2570      1.00      0.00 7944368  993656   6.31  Isolated Web Co
11:53:20 PM  1000      2839      8.00      0.00 2460064   78008   0.50  Isolated Servic
11:53:20 PM  1000      3003     10.00      0.00 2799980  313972   1.99  Isolated Web Co
11:53:20 PM  1000      4536      2.00      0.00 2674512  196904   1.25  Isolated Web Co
11:53:20 PM  1000      4764      1.00      0.00 2569004  146560   0.93  Isolated Web Co
11:53:20 PM  1000      5113      2.00      0.00 2581424  154144   0.98  Isolated Web Co
11:53:20 PM  1000     32126      1.00      0.00 2463144  109084   0.69  Isolated Web Co
11:53:20 PM  1000     35005    127.00      0.00 34324576  363904   2.31  chrome
11:53:20 PM  1000     49115      9.00      0.00 1461531824  191128   1.21  code
11:53:20 PM  1000     49179      0.00      0.00 34570804  178040   1.13  code
11:53:20 PM  1000     49183     14.00      0.00 33880256   74648   0.47  code
11:53:20 PM  1000     49237     15.00      0.00 1480181952  389016   2.47  code
11:53:20 PM  1000     49279     32.00      0.00 1461308524  116256   0.74  code
11:53:20 PM  1000     49322      9.00      0.00 1461299592  113144   0.72  code
11:53:20 PM  1000     49323     10.00      0.00 1461316600  106864   0.68  code
11:53:20 PM  1000     49758      8.00      0.00 3265828  553704   3.51  Isolated Web Co
11:53:20 PM  1000     50048      2.00      0.00 1283801512   62420   0.40  chrome
11:53:20 PM  1000     57413      6.00      0.00   17496    5632   0.04  pidstat

11:53:19 PM   UID       PID   cswch/s nvcswch/s  Command
11:53:20 PM     0        17    166.00      0.00  rcu_preempt
11:53:20 PM     0        36      1.00      0.00  ksoftirqd/6
11:53:20 PM     0        66      1.00      0.00  ksoftirqd/1
11:53:20 PM     0       119      2.00      0.00  kcompactd0
11:53:20 PM     0       150      3.00      0.00  kworker/7:1-events
11:53:20 PM     0       153      2.00      0.00  kworker/11:1-events
11:53:20 PM     0       269      1.00      0.00  kworker/5:1H-kblockd
11:53:20 PM   991       747      3.00      1.00  systemd-resolve
11:53:20 PM   110       774      9.00      0.00  avahi-daemon
11:53:20 PM     0       822      9.00      0.00  touchegg
11:53:20 PM     0       884     94.00      0.00  irq/84-rtw89_pci
11:53:20 PM     0       914     25.00      0.00  NetworkManager
11:53:20 PM     0      1242    134.00     11.00  Xorg
11:53:20 PM  1000      1501    208.00      0.00  pipewire-pulse
11:53:20 PM  1000      1908     74.00     58.00  cinnamon
11:53:20 PM  1000      2104     10.00      0.00  blueman-tray
11:53:20 PM  1000      2263     74.00     19.00  firefox-bin
11:53:20 PM  1000      2402    159.00      0.00  Privileged Cont
11:53:20 PM  1000      2470     21.00      0.00  WebExtensions
11:53:20 PM  1000      2570      5.00      2.00  Isolated Web Co
11:53:20 PM  1000      2836      3.00      0.00  Isolated Web Co
11:53:20 PM  1000      2839     42.00      0.00  Isolated Servic
11:53:20 PM  1000      2963    170.00      6.00  Isolated Web Co
11:53:20 PM  1000      3003      7.00      0.00  Isolated Web Co
11:53:20 PM  1000      4259      1.00      0.00  Isolated Web Co
11:53:20 PM  1000      4311      1.00      0.00  Isolated Web Co
11:53:20 PM  1000      4436      2.00      0.00  Isolated Web Co
11:53:20 PM  1000      4439      1.00      0.00  Isolated Web Co
11:53:20 PM  1000      4446      1.00      0.00  Isolated Web Co
11:53:20 PM  1000      4536      5.00      0.00  Isolated Web Co
11:53:20 PM  1000      4589      2.00      0.00  Isolated Web Co
11:53:20 PM  1000      4605      1.00      0.00  Isolated Web Co
11:53:20 PM  1000      4626      1.00      0.00  Isolated Web Co
11:53:20 PM  1000      4637      1.00      0.00  Isolated Web Co
11:53:20 PM  1000      4650      2.00      0.00  Isolated Web Co
11:53:20 PM  1000      4764      4.00      0.00  Isolated Web Co
11:53:20 PM  1000      4803      1.00      0.00  Isolated Web Co
11:53:20 PM  1000      4809      1.00      0.00  Isolated Web Co
11:53:20 PM  1000      4869      1.00      0.00  Isolated Web Co
11:53:20 PM  1000      4904      1.00      0.00  Isolated Web Co
11:53:20 PM  1000      4907      1.00      0.00  Isolated Web Co
11:53:20 PM  1000      4914      1.00      0.00  Isolated Web Co
11:53:20 PM  1000      5011      1.00      0.00  Isolated Web Co
11:53:20 PM  1000      5014      1.00      0.00  Isolated Web Co
11:53:20 PM  1000      5113      4.00      0.00  Isolated Web Co
11:53:20 PM  1000      5165      1.00      0.00  Isolated Web Co
11:53:20 PM  1000      5180      1.00      0.00  Isolated Web Co
11:53:20 PM  1000      5220      1.00      0.00  Isolated Web Co
11:53:20 PM  1000      5273      1.00      0.00  Isolated Web Co
11:53:20 PM  1000      5469      1.00      0.00  Isolated Web Co
11:53:20 PM  1000      5546      2.00      0.00  Isolated Web Co
11:53:20 PM  1000      5549      1.00      0.00  Isolated Web Co
11:53:20 PM  1000      5646      1.00      0.00  Isolated Web Co
11:53:20 PM  1000      5704      1.00      0.00  Isolated Web Co
11:53:20 PM     0     22875      1.00      0.00  kworker/5:1-mm_percpu_wq
11:53:20 PM     0     27141      3.00      0.00  kworker/12:0-events
11:53:20 PM     0     30134      3.00      0.00  kworker/6:0-events
11:53:20 PM  1000     32073      1.00      2.00  Isolated Web Co
11:53:20 PM  1000     32126      1.00      0.00  Isolated Web Co
11:53:20 PM  1000     32169      1.00      0.00  Isolated Web Co
11:53:20 PM  1000     35005      3.00      0.00  chrome
11:53:20 PM  1000     35280      1.00      0.00  chrome
11:53:20 PM  1000     35925      1.00      0.00  chrome
11:53:20 PM     0     39852      4.00      0.00  kworker/3:1-events
11:53:20 PM     0     43987      2.00      0.00  kworker/13:0-events
11:53:20 PM     0     44114      4.00      0.00  kworker/14:3-events
11:53:20 PM     0     45130      3.00      0.00  kworker/2:5-events
11:53:20 PM     0     45146      2.00      0.00  kworker/8:2-events
11:53:20 PM     0     45732     12.00      0.00  kworker/10:0-events
11:53:20 PM     0     46066      1.00      0.00  kworker/15:0-mm_percpu_wq
11:53:20 PM     0     48072     71.00      0.00  kworker/u32:3-gfx_low
11:53:20 PM     0     48837      6.00      0.00  kworker/1:1-events
11:53:20 PM     0     48949      2.00      0.00  kworker/0:2-events
11:53:20 PM     0     49030      2.00      0.00  kworker/4:3-events
11:53:20 PM  1000     49115      7.00      0.00  code
11:53:20 PM  1000     49179      2.00      0.00  code
11:53:20 PM  1000     49183      1.00      0.00  code
11:53:20 PM  1000     49237     16.00      1.00  code
11:53:20 PM  1000     49279     30.00      0.00  code
11:53:20 PM  1000     49295      2.00      2.00  code
11:53:20 PM  1000     49322     10.00      1.00  code
11:53:20 PM  1000     49323     14.00      0.00  code
11:53:20 PM  1000     49758     44.00     37.00  Isolated Web Co
11:53:20 PM  1000     50048      1.00      0.00  chrome
11:53:20 PM     0     56192     93.00      0.00  kworker/u32:4-events_unbound
11:53:20 PM     0     57023      3.00      0.00  kworker/u33:2-rtw89_tx_wq
11:53:20 PM  1000     57411      1.00      0.00  mpstat
11:53:20 PM  1000     57412      1.00      0.00  vmstat
11:53:20 PM  1000     57413      1.00      5.00  pidstat

11:53:20 PM   UID       PID    %usr %system  %guest   %wait    %CPU   CPU  Command
11:53:21 PM     0       884    0.00    1.00    0.00    0.00    1.00    11  irq/84-rtw89_pci
11:53:21 PM     0      1242    0.00    1.00    0.00    0.00    1.00     9  Xorg
11:53:21 PM  1000      1501    0.00    1.00    0.00    0.00    1.00     3  pipewire-pulse
11:53:21 PM  1000      1908    1.00    1.00    0.00    2.00    2.00     9  cinnamon
11:53:21 PM  1000      2263    3.00    1.00    0.00    1.00    4.00     9  firefox-bin
11:53:21 PM  1000      2402    1.00    1.00    0.00    0.00    2.00    10  Privileged Cont
11:53:21 PM  1000      2570    1.00    0.00    0.00    1.00    1.00    11  Isolated Web Co
11:53:21 PM  1000      2836    1.00    0.00    0.00    0.00    1.00     7  Isolated Web Co
11:53:21 PM  1000      2963    1.00    2.00    0.00    1.00    3.00    13  Isolated Web Co
11:53:21 PM  1000      4536    0.00    1.00    0.00    0.00    1.00    11  Isolated Web Co
11:53:21 PM  1000      5469    1.00    0.00    0.00    0.00    1.00    14  Isolated Web Co
11:53:21 PM  1000     49323    1.00    0.00    0.00    0.00    1.00    11  code
11:53:21 PM  1000     49758   39.00    3.00    0.00   33.00   42.00    15  Isolated Web Co
11:53:21 PM     0     56192    0.00    1.00    0.00    0.00    1.00    11  kworker/u32:4-gfx_low
11:53:21 PM  1000     57413    0.00    2.00    0.00    3.00    2.00     1  pidstat
11:53:21 PM  1000     57414 1542.00    0.00    0.00    0.00 1542.00    12  sysbench

11:53:20 PM   UID       PID  minflt/s  majflt/s     VSZ     RSS   %MEM  Command
11:53:21 PM  1000      2263      8.00      0.00 12391528  738528   4.69  firefox-bin
11:53:21 PM  1000      2470      2.00      0.00 2501044  133856   0.85  WebExtensions
11:53:21 PM  1000      2570      1.00      0.00 7944368  993656   6.31  Isolated Web Co
11:53:21 PM  1000      2836     42.00      0.00 2492308  110324   0.70  Isolated Web Co
11:53:21 PM  1000      2963      1.00      0.00 11699792  772876   4.91  Isolated Web Co
11:53:21 PM  1000      3003      8.00      0.00 2799980  313972   1.99  Isolated Web Co
11:53:21 PM  1000      4536      2.00      0.00 2674512  196904   1.25  Isolated Web Co
11:53:21 PM  1000      4764      0.00      0.00 2568988  146560   0.93  Isolated Web Co
11:53:21 PM  1000      5113      1.00      0.00 2581424  154144   0.98  Isolated Web Co
11:53:21 PM  1000     35067      4.00      0.00 34291624   59576   0.38  chrome
11:53:21 PM  1000     35618      1.00      0.00 34035280   85752   0.54  chrome
11:53:21 PM  1000     49179      4.00      0.00 34564660  177912   1.13  code
11:53:21 PM  1000     49237     27.00      0.00 1480181952  389016   2.47  code
11:53:21 PM  1000     49279     10.00      0.00 1461308524  116256   0.74  code
11:53:21 PM  1000     49295      1.00      0.00 1461300524  156156   0.99  code
11:53:21 PM  1000     49758   8586.00      0.00 3274020  583596   3.70  Isolated Web Co
11:53:21 PM  1000     57414      1.00      0.00   34212   10112   0.06  sysbench

11:53:20 PM   UID       PID   cswch/s nvcswch/s  Command
11:53:21 PM     0        17    179.00      0.00  rcu_preempt
11:53:21 PM     0        18      1.00      0.00  migration/0
11:53:21 PM     0        23      1.00      0.00  migration/2
11:53:21 PM     0        29      1.00      0.00  migration/4
11:53:21 PM     0        35      1.00      0.00  migration/6
11:53:21 PM     0        41      1.00      0.00  migration/8
11:53:21 PM     0        47      1.00      0.00  migration/10
11:53:21 PM     0        48      1.00      0.00  ksoftirqd/10
11:53:21 PM     0        53      1.00      0.00  migration/12
11:53:21 PM     0        59      1.00      0.00  migration/14
11:53:21 PM     0        65      1.00      0.00  migration/1
11:53:21 PM     0        71      1.00      0.00  migration/3
11:53:21 PM     0        77      1.00      0.00  migration/5
11:53:21 PM     0        83      1.00      0.00  migration/7
11:53:21 PM     0        89      1.00      0.00  migration/9
11:53:21 PM     0        95      1.00      0.00  migration/11
11:53:21 PM     0       101      1.00      0.00  migration/13
11:53:21 PM     0       102      1.00      0.00  ksoftirqd/13
11:53:21 PM     0       107      1.00      0.00  migration/15
11:53:21 PM     0       119      2.00      0.00  kcompactd0
11:53:21 PM     0       150      2.00      0.00  kworker/7:1-events
11:53:21 PM     0       153      2.00      0.00  kworker/11:1-events
11:53:21 PM   110       774      3.00      0.00  avahi-daemon
11:53:21 PM     0       783      1.00      0.00  irqbalance
11:53:21 PM     0       822      5.00      0.00  touchegg
11:53:21 PM     0       884     64.00      0.00  irq/84-rtw89_pci
11:53:21 PM     0       914     12.00      0.00  NetworkManager
11:53:21 PM     0      1242    103.00      6.00  Xorg
11:53:21 PM  1000      1501    190.00      0.00  pipewire-pulse
11:53:21 PM  1000      1908     59.00     53.00  cinnamon
11:53:21 PM  1000      2104      9.00      0.00  blueman-tray
11:53:21 PM  1000      2263     40.00      4.00  firefox-bin
11:53:21 PM  1000      2352      1.00      0.00  Socket Process
11:53:21 PM  1000      2402    139.00      0.00  Privileged Cont
11:53:21 PM  1000      2470     11.00      0.00  WebExtensions
11:53:21 PM  1000      2570      7.00      0.00  Isolated Web Co
11:53:21 PM  1000      2836      2.00      0.00  Isolated Web Co
11:53:21 PM  1000      2963    154.00      2.00  Isolated Web Co
11:53:21 PM  1000      3003      7.00      3.00  Isolated Web Co
11:53:21 PM  1000      4259      1.00      0.00  Isolated Web Co
11:53:21 PM  1000      4311      1.00      0.00  Isolated Web Co
11:53:21 PM  1000      4436      1.00      0.00  Isolated Web Co
11:53:21 PM  1000      4439      1.00      0.00  Isolated Web Co
11:53:21 PM  1000      4446      1.00      0.00  Isolated Web Co
11:53:21 PM  1000      4536      1.00      0.00  Isolated Web Co
11:53:21 PM  1000      4589      1.00      0.00  Isolated Web Co
11:53:21 PM  1000      4605      1.00      0.00  Isolated Web Co
11:53:21 PM  1000      4626      1.00      0.00  Isolated Web Co
11:53:21 PM  1000      4637      1.00      2.00  Isolated Web Co
11:53:21 PM  1000      4650     13.00      0.00  Isolated Web Co
11:53:21 PM  1000      4764      4.00      0.00  Isolated Web Co
11:53:21 PM  1000      4803      1.00      2.00  Isolated Web Co
11:53:21 PM  1000      4809      1.00      2.00  Isolated Web Co
11:53:21 PM  1000      4869      1.00      0.00  Isolated Web Co
11:53:21 PM  1000      4904      1.00      0.00  Isolated Web Co
11:53:21 PM  1000      4907      1.00      0.00  Isolated Web Co
11:53:21 PM  1000      4914      1.00      0.00  Isolated Web Co
11:53:21 PM  1000      5011      1.00      0.00  Isolated Web Co
11:53:21 PM  1000      5014      1.00      0.00  Isolated Web Co
11:53:21 PM  1000      5113      1.00      0.00  Isolated Web Co
11:53:21 PM  1000      5165      1.00      0.00  Isolated Web Co
11:53:21 PM  1000      5180      1.00      0.00  Isolated Web Co
11:53:21 PM  1000      5220      1.00      0.00  Isolated Web Co
11:53:21 PM  1000      5273      1.00      2.00  Isolated Web Co
11:53:21 PM  1000      5469      1.00      0.00  Isolated Web Co
11:53:21 PM  1000      5546      1.00      0.00  Isolated Web Co
11:53:21 PM  1000      5549      1.00      0.00  Isolated Web Co
11:53:21 PM  1000      5646      1.00      0.00  Isolated Web Co
11:53:21 PM  1000      5704      1.00      0.00  Isolated Web Co
11:53:21 PM     0     22875      4.00      0.00  kworker/5:1-events
11:53:21 PM     0     27141      1.00      0.00  kworker/12:0-mm_percpu_wq
11:53:21 PM     0     30134      2.00      0.00  kworker/6:0-events
11:53:21 PM  1000     32073      4.00      0.00  Isolated Web Co
11:53:21 PM  1000     32126      1.00      0.00  Isolated Web Co
11:53:21 PM  1000     32169      4.00      1.00  Isolated Web Co
11:53:21 PM  1000     35005      2.00      0.00  chrome
11:53:21 PM  1000     35067      1.00      0.00  chrome
11:53:21 PM  1000     35280      1.00      0.00  chrome
11:53:21 PM  1000     35618      1.00      0.00  chrome
11:53:21 PM     0     39852      3.00      0.00  kworker/3:1-events_freezable
11:53:21 PM     0     43987      2.00      0.00  kworker/13:0-events
11:53:21 PM     0     44016      1.00      0.00  kworker/9:4-mm_percpu_wq
11:53:21 PM     0     44114      3.00      0.00  kworker/14:3-events
11:53:21 PM     0     45130      1.00      0.00  kworker/2:5-mm_percpu_wq
11:53:21 PM     0     45146      4.00      0.00  kworker/8:2-events
11:53:21 PM     0     45732      5.00      0.00  kworker/10:0-events
11:53:21 PM     0     46066      1.00      0.00  kworker/15:0-mm_percpu_wq
11:53:21 PM     0     48072     22.00      0.00  kworker/u32:3-sdma0
11:53:21 PM     0     48837      3.00      0.00  kworker/1:1-events
11:53:21 PM     0     48949      3.00      0.00  kworker/0:2-events
11:53:21 PM     0     49030      1.00      0.00  kworker/4:3-mm_percpu_wq
11:53:21 PM  1000     49179      2.00      0.00  code
11:53:21 PM  1000     49237      7.00      0.00  code
11:53:21 PM  1000     49279     14.00      2.00  code
11:53:21 PM  1000     49295      3.00      0.00  code
11:53:21 PM  1000     49323     12.00      1.00  code
11:53:21 PM  1000     49375      1.00      0.00  code
11:53:21 PM  1000     49758     11.00    149.00  Isolated Web Co
11:53:21 PM     0     56192    112.00      2.00  kworker/u32:4-gfx_low
11:53:21 PM  1000     57411      1.00      0.00  mpstat
11:53:21 PM  1000     57412      1.00      0.00  vmstat
11:53:21 PM  1000     57413      1.00      8.00  pidstat

11:53:21 PM   UID       PID    %usr %system  %guest   %wait    %CPU   CPU  Command
11:53:22 PM     0        17    0.00    1.00    0.00    0.00    1.00    10  rcu_preempt
11:53:22 PM     0      1242    1.00    0.00    0.00    0.00    1.00     9  Xorg
11:53:22 PM  1000      1497    0.00    1.00    0.00    0.00    1.00    12  pipewire
11:53:22 PM  1000      1501    1.00    0.00    0.00    0.00    1.00     3  pipewire-pulse
11:53:22 PM  1000      1908    1.00    1.00    0.00    3.00    2.00     9  cinnamon
11:53:22 PM  1000      2263    4.00    4.00    0.00    0.00    8.00     7  firefox-bin
11:53:22 PM  1000      2963    2.00    1.00    0.00    2.00    3.00    13  Isolated Web Co
11:53:22 PM  1000      4536    1.00    0.00    0.00    0.00    1.00    11  Isolated Web Co
11:53:22 PM  1000      4605    1.00    0.00    0.00    0.00    1.00     8  Isolated Web Co
11:53:22 PM  1000      4764    0.00    1.00    0.00    0.00    1.00     4  Isolated Web Co
11:53:22 PM  1000      5011    1.00    0.00    0.00    0.00    1.00     8  Isolated Web Co
11:53:22 PM  1000      5180    1.00    0.00    0.00    0.00    1.00     7  Isolated Web Co
11:53:22 PM  1000     49237    1.00    0.00    0.00    0.00    1.00    14  code
11:53:22 PM  1000     49758   75.00    9.00    0.00   18.00   84.00    15  Isolated Web Co
11:53:22 PM  1000     57413    0.00    2.00    0.00    2.00    2.00     0  pidstat
11:53:22 PM  1000     57414 1491.00    1.00    0.00    0.00 1492.00    12  sysbench

11:53:21 PM   UID       PID  minflt/s  majflt/s     VSZ     RSS   %MEM  Command
11:53:22 PM  1000      2263    297.00      0.00 12397672  739680   4.69  firefox-bin
11:53:22 PM  1000      2470     12.00      0.00 2501044  133856   0.85  WebExtensions
11:53:22 PM  1000      2570     19.00      0.00 7944368  993188   6.30  Isolated Web Co
11:53:22 PM  1000      2836      2.00      0.00 2492308  110324   0.70  Isolated Web Co
11:53:22 PM  1000      2963      1.00      0.00 11699792  772876   4.91  Isolated Web Co
11:53:22 PM  1000      3003      2.00      0.00 2799980  313972   1.99  Isolated Web Co
11:53:22 PM  1000      4259      1.00      0.00 2779280  199140   1.26  Isolated Web Co
11:53:22 PM  1000      5113      0.00      0.00 2581408  154144   0.98  Isolated Web Co
11:53:22 PM  1000      5273      1.00      0.00 2529700  133180   0.85  Isolated Web Co
11:53:22 PM  1000     49237     27.00      0.00 1480181952  389144   2.47  code
11:53:22 PM  1000     49279     28.00      0.00 1461308524  115744   0.73  code
11:53:22 PM  1000     49758  19991.00      0.00 3275044  637096   4.04  Isolated Web Co
11:53:22 PM  1000     57414      1.00      0.00   34212   10112   0.06  sysbench

11:53:21 PM   UID       PID   cswch/s nvcswch/s  Command
11:53:22 PM     0        17    219.00      0.00  rcu_preempt
11:53:22 PM     0       119      2.00      0.00  kcompactd0
11:53:22 PM     0       150      2.00      0.00  kworker/7:1-events
11:53:22 PM     0       153      2.00      0.00  kworker/11:1-mld
11:53:22 PM     0       251      2.00      0.00  kworker/4:1H-kblockd
11:53:22 PM     0       367      3.00      0.00  jbd2/nvme0n1p7-8
11:53:22 PM   110       774     15.00      0.00  avahi-daemon
11:53:22 PM     0       884    113.00      0.00  irq/84-rtw89_pci
11:53:22 PM     0       914     35.00      1.00  NetworkManager
11:53:22 PM     0      1242     99.00     29.00  Xorg
11:53:22 PM  1000      1501    213.00      0.00  pipewire-pulse
11:53:22 PM  1000      1908     52.00     83.00  cinnamon
11:53:22 PM  1000      2104     10.00      0.00  blueman-tray
11:53:22 PM  1000      2263     74.00     30.00  firefox-bin
11:53:22 PM  1000      2352      3.00      0.00  Socket Process
11:53:22 PM  1000      2402    191.00      0.00  Privileged Cont
11:53:22 PM  1000      2470      9.00      4.00  WebExtensions
11:53:22 PM  1000      2570      2.00      1.00  Isolated Web Co
11:53:22 PM  1000      2836     11.00      0.00  Isolated Web Co
11:53:22 PM  1000      2839      1.00      0.00  Isolated Servic
11:53:22 PM  1000      2963    159.00      6.00  Isolated Web Co
11:53:22 PM  1000      3003      3.00      0.00  Isolated Web Co
11:53:22 PM  1000      4259      4.00      0.00  Isolated Web Co
11:53:22 PM  1000      4311      1.00      0.00  Isolated Web Co
11:53:22 PM  1000      4436      1.00      0.00  Isolated Web Co
11:53:22 PM  1000      4439      1.00      0.00  Isolated Web Co
11:53:22 PM  1000      4446      1.00      2.00  Isolated Web Co
11:53:22 PM  1000      4536      1.00      0.00  Isolated Web Co
11:53:22 PM  1000      4589      1.00      1.00  Isolated Web Co
11:53:22 PM  1000      4605      1.00      0.00  Isolated Web Co
11:53:22 PM  1000      4626      1.00      0.00  Isolated Web Co
11:53:22 PM  1000      4637      1.00      0.00  Isolated Web Co
11:53:22 PM  1000      4650     34.00      0.00  Isolated Web Co
11:53:22 PM  1000      4764      1.00      0.00  Isolated Web Co
11:53:22 PM  1000      4803      1.00      0.00  Isolated Web Co
11:53:22 PM  1000      4809      1.00      0.00  Isolated Web Co
11:53:22 PM  1000      4869      1.00      2.00  Isolated Web Co
11:53:22 PM  1000      4904      1.00      0.00  Isolated Web Co
11:53:22 PM  1000      4907      1.00      2.00  Isolated Web Co
11:53:22 PM  1000      4914      1.00      0.00  Isolated Web Co
11:53:22 PM  1000      5011      1.00      2.00  Isolated Web Co
11:53:22 PM  1000      5014      4.00      2.00  Isolated Web Co
11:53:22 PM  1000      5113      4.00      0.00  Isolated Web Co
11:53:22 PM  1000      5165      1.00      2.00  Isolated Web Co
11:53:22 PM  1000      5180      1.00      0.00  Isolated Web Co
11:53:22 PM  1000      5220      1.00      0.00  Isolated Web Co
11:53:22 PM  1000      5273      1.00      0.00  Isolated Web Co
11:53:22 PM  1000      5469      1.00      0.00  Isolated Web Co
11:53:22 PM  1000      5546      1.00      0.00  Isolated Web Co
11:53:22 PM  1000      5549      1.00      0.00  Isolated Web Co
11:53:22 PM  1000      5646      1.00      0.00  Isolated Web Co
11:53:22 PM  1000      5704      1.00      0.00  Isolated Web Co
11:53:22 PM     0     22875      1.00      0.00  kworker/5:1-mm_percpu_wq
11:53:22 PM     0     27141      2.00      0.00  kworker/12:0-events
11:53:22 PM     0     30134      2.00      0.00  kworker/6:0-events
11:53:22 PM  1000     32073      1.00      0.00  Isolated Web Co
11:53:22 PM  1000     32126      1.00      0.00  Isolated Web Co
11:53:22 PM  1000     32169      1.00      0.00  Isolated Web Co
11:53:22 PM  1000     35005      2.00      1.00  chrome
11:53:22 PM  1000     35280      1.00      0.00  chrome
11:53:22 PM  1000     35925      1.00      0.00  chrome
11:53:22 PM     0     39852      3.00      0.00  kworker/3:1-events
11:53:22 PM     0     43987      2.00      0.00  kworker/13:0-events
11:53:22 PM     0     44016      1.00      0.00  kworker/9:4-mm_percpu_wq
11:53:22 PM     0     44114      1.00      0.00  kworker/14:3-mm_percpu_wq
11:53:22 PM     0     45130      3.00      0.00  kworker/2:5-events
11:53:22 PM     0     45146      1.00      0.00  kworker/8:2-mm_percpu_wq
11:53:22 PM     0     45732      2.00      0.00  kworker/10:0-events
11:53:22 PM     0     46066      1.00      0.00  kworker/15:0-mm_percpu_wq
11:53:22 PM     0     48072    119.00      0.00  kworker/u32:3+events_unbound
11:53:22 PM     0     48837      4.00      0.00  kworker/1:1-events
11:53:22 PM     0     48949      2.00      0.00  kworker/0:2-events
11:53:22 PM     0     49030      2.00      0.00  kworker/4:3-events
11:53:22 PM  1000     49115      2.00      2.00  code
11:53:22 PM  1000     49237      6.00      0.00  code
11:53:22 PM  1000     49279     11.00      0.00  code
11:53:22 PM  1000     49295      2.00      0.00  code
11:53:22 PM  1000     49322      1.00      0.00  code
11:53:22 PM  1000     49323      9.00      0.00  code
11:53:22 PM  1000     49758     19.00    492.00  Isolated Web Co
11:53:22 PM     0     56192     82.00      0.00  kworker/u32:4-gfx_low
11:53:22 PM     0     57023      6.00      0.00  kworker/u33:2-ttm
11:53:22 PM  1000     57411      1.00      0.00  mpstat
11:53:22 PM  1000     57412      1.00      0.00  vmstat
11:53:22 PM  1000     57413      1.00      6.00  pidstat

11:53:22 PM   UID       PID    %usr %system  %guest   %wait    %CPU   CPU  Command
11:53:23 PM     0      1242    1.00    2.00    0.00    0.00    3.00    10  Xorg
11:53:23 PM  1000      1497    1.00    0.00    0.00    0.00    1.00    12  pipewire
11:53:23 PM  1000      1501    0.00    1.00    0.00    1.00    1.00     3  pipewire-pulse
11:53:23 PM  1000      1908   12.00    1.00    0.00   13.00   13.00     5  cinnamon
11:53:23 PM  1000      2263   12.00    7.00    0.00    4.00   19.00     4  firefox-bin
11:53:23 PM  1000      2402    1.00    0.00    0.00    0.00    1.00     7  Privileged Cont
11:53:23 PM  1000      2470    0.00    1.00    0.00    0.00    1.00     8  WebExtensions
11:53:23 PM  1000      2836    1.00    0.00    0.00    0.00    1.00     5  Isolated Web Co
11:53:23 PM  1000      2963    3.00    1.00    0.00    3.00    4.00    13  Isolated Web Co
11:53:23 PM     0     48072    0.00    1.00    0.00    0.00    1.00     9  kworker/u32:3-gfx_low
11:53:23 PM  1000     49115    1.00    0.00    0.00    1.00    1.00     8  code
11:53:23 PM  1000     49179    2.00    1.00    0.00    2.00    3.00     4  code
11:53:23 PM  1000     49237    5.00    0.00    0.00    5.00    5.00    12  code
11:53:23 PM  1000     49758   35.00    1.00    0.00   24.00   36.00    12  Isolated Web Co
11:53:23 PM     0     56192    0.00    1.00    0.00    1.00    1.00    11  kworker/u32:4-gfx_low
11:53:23 PM  1000     57413    1.00    2.00    0.00    3.00    3.00     1  pidstat
11:53:23 PM  1000     57414 1503.00    2.00    0.00    0.00 1505.00    12  sysbench

11:53:22 PM   UID       PID  minflt/s  majflt/s     VSZ     RSS   %MEM  Command
11:53:23 PM     0      1242      1.00      0.00 1364500  159748   1.01  Xorg
11:53:23 PM  1000      1908     24.00      0.00 5279180  262228   1.66  cinnamon
11:53:23 PM  1000      2263    158.00      0.00 12397672  740320   4.70  firefox-bin
11:53:23 PM  1000      2402     27.00      0.00 2723500  245276   1.56  Privileged Cont
11:53:23 PM  1000      2470      1.00      0.00 2501044  133856   0.85  WebExtensions
11:53:23 PM  1000      2570      1.00      0.00 7944368  993188   6.30  Isolated Web Co
11:53:23 PM  1000      2963    690.00      0.00 11699792  772664   4.90  Isolated Web Co
11:53:23 PM  1000      4259      1.00      0.00 2779280  199140   1.26  Isolated Web Co
11:53:23 PM  1000      4311      2.00      0.00 2481056  108092   0.69  Isolated Web Co
11:53:23 PM  1000      4436      1.00      0.00 2485148  110808   0.70  Isolated Web Co
11:53:23 PM  1000      4446      1.00      0.00 2481028  109324   0.69  Isolated Web Co
11:53:23 PM  1000      4536      1.00      0.00 2674512  196904   1.25  Isolated Web Co
11:53:23 PM  1000      4626      2.00      0.00 2539944  136696   0.87  Isolated Web Co
11:53:23 PM  1000      4764     45.00      0.00 2568988  146376   0.93  Isolated Web Co
11:53:23 PM  1000      4803      1.00      0.00 2511096  122204   0.78  Isolated Web Co
11:53:23 PM  1000      4904      5.00      0.00 2501028  116324   0.74  Isolated Web Co
11:53:23 PM  1000      4907      3.00      0.00 2503844  122936   0.78  Isolated Web Co
11:53:23 PM  1000      5011      2.00      0.00 2500008  117472   0.75  Isolated Web Co
11:53:23 PM  1000      5020      1.00      0.00 2500636  120636   0.77  Isolated Web Co
11:53:23 PM  1000      5113      1.00      0.00 2581408  154144   0.98  Isolated Web Co
11:53:23 PM  1000      5165      1.00      0.00 2487692  113936   0.72  Isolated Web Co
11:53:23 PM  1000      5220      1.00      0.00 2482312  109128   0.69  Isolated Web Co
11:53:23 PM  1000      5273      1.00      0.00 2529700  133180   0.85  Isolated Web Co
11:53:23 PM  1000      5469      3.00      0.00 2549176  143176   0.91  Isolated Web Co
11:53:23 PM  1000      5546      1.00      0.00 2481316  107668   0.68  Isolated Web Co
11:53:23 PM  1000      5549      1.00      0.00 2489792  122708   0.78  Isolated Web Co
11:53:23 PM  1000      5646      1.00      0.00 2513048  123996   0.79  Isolated Web Co
11:53:23 PM  1000      5704      1.00      0.00 2481304  110984   0.70  Isolated Web Co
11:53:23 PM  1000     32126      1.00      0.00 2463144  109084   0.69  Isolated Web Co
11:53:23 PM  1000     35050     90.00      0.00 34734236  274280   1.74  chrome
11:53:23 PM  1000     35051     14.00      0.00 34064912  131616   0.84  chrome
11:53:23 PM  1000     49115     57.00      0.00 1461534944  191256   1.21  code
11:53:23 PM  1000     49179    422.00      0.00 34582308  178240   1.13  code
11:53:23 PM  1000     49237    212.00      0.00 1480184192  388796   2.47  code
11:53:23 PM  1000     49295     12.00      0.00 1461300524  156156   0.99  code
11:53:23 PM  1000     49322     22.00      0.00 1461299592  113144   0.72  code
11:53:23 PM  1000     49323     13.00      0.00 1461316600  106864   0.68  code
11:53:23 PM  1000     49758    776.00      0.00 3276408  633068   4.02  Isolated Web Co

11:53:22 PM   UID       PID   cswch/s nvcswch/s  Command
11:53:23 PM     0         1      1.00      0.00  systemd
11:53:23 PM     0        17    324.00      0.00  rcu_preempt
11:53:23 PM     0        30      1.00      0.00  ksoftirqd/4
11:53:23 PM     0        48      2.00      0.00  ksoftirqd/10
11:53:23 PM     0        78      2.00      0.00  ksoftirqd/5
11:53:23 PM     0       119      2.00      0.00  kcompactd0
11:53:23 PM     0       150      1.00      0.00  kworker/7:1-mm_percpu_wq
11:53:23 PM     0       153      2.00      0.00  kworker/11:1-events
11:53:23 PM     0       284      2.00      0.00  irq/40-ELAN1200:00
11:53:23 PM   991       747      4.00      0.00  systemd-resolve
11:53:23 PM   110       774     10.00      0.00  avahi-daemon
11:53:23 PM     0       822      5.00      0.00  touchegg
11:53:23 PM     0       884    123.00      0.00  irq/84-rtw89_pci
11:53:23 PM     0       914     31.00      4.00  NetworkManager
11:53:23 PM     0      1242    481.00     43.00  Xorg
11:53:23 PM  1000      1501    192.00      0.00  pipewire-pulse
11:53:23 PM  1000      1507      2.00      0.00  dbus-daemon
11:53:23 PM  1000      1740      2.00      0.00  csd-xsettings
11:53:23 PM  1000      1745      2.00      0.00  csd-power
11:53:23 PM  1000      1748      2.00      0.00  csd-clipboard
11:53:23 PM  1000      1750     13.00     14.00  csd-keyboard
11:53:23 PM  1000      1752      2.00      0.00  csd-color
11:53:23 PM  1000      1754      2.00      0.00  csd-media-keys
11:53:23 PM  1000      1758      2.00      0.00  csd-background
11:53:23 PM  1000      1760      2.00      0.00  csd-automount
11:53:23 PM  1000      1769      2.00      0.00  csd-wacom
11:53:23 PM  1000      1781      2.00      0.00  csd-housekeepin
11:53:23 PM  1000      1839      7.00      1.00  at-spi2-registr
11:53:23 PM  1000      1874      2.00      0.00  cinnamon-launch
11:53:23 PM  1000      1908    311.00    148.00  cinnamon
11:53:23 PM  1000      1940      2.00      0.00  xapp-sn-watcher
11:53:23 PM  1000      1974      2.00      0.00  blueman-applet
11:53:23 PM  1000      1981      5.00      0.00  nemo-desktop
11:53:23 PM  1000      1982      2.00      0.00  evolution-alarm
11:53:23 PM  1000      1987      2.00      0.00  cinnamon-killer
11:53:23 PM  1000      2104     12.00      0.00  blueman-tray
11:53:23 PM  1000      2263    169.00     37.00  firefox-bin
11:53:23 PM  1000      2355      1.00      0.00  xdg-desktop-por
11:53:23 PM  1000      2378      1.00      0.00  xdg-desktop-por
11:53:23 PM  1000      2387      2.00      0.00  xdg-desktop-por
11:53:23 PM  1000      2402    134.00      2.00  Privileged Cont
11:53:23 PM  1000      2470     16.00      2.00  WebExtensions
11:53:23 PM  1000      2570      7.00      2.00  Isolated Web Co
11:53:23 PM  1000      2701      2.00      0.00  mintUpdate
11:53:23 PM  1000      2818      2.00      0.00  applet.py
11:53:23 PM  1000      2836      5.00      3.00  Isolated Web Co
11:53:23 PM  1000      2839      1.00      0.00  Isolated Servic
11:53:23 PM  1000      2882      2.00      0.00  mintreport-tray
11:53:23 PM  1000      2963    199.00     15.00  Isolated Web Co
11:53:23 PM  1000      3003      8.00      0.00  Isolated Web Co
11:53:23 PM  1000      3221      2.00      0.00  nemo
11:53:23 PM  1000      3431      2.00      0.00  xreader
11:53:23 PM  1000      3488      2.00      0.00  WebKitWebProces
11:53:23 PM  1000      4259      4.00      0.00  Isolated Web Co
11:53:23 PM  1000      4311      8.00      2.00  Isolated Web Co
11:53:23 PM  1000      4436     13.00      0.00  Isolated Web Co
11:53:23 PM  1000      4439     15.00      0.00  Isolated Web Co
11:53:23 PM  1000      4446      6.00      1.00  Isolated Web Co
11:53:23 PM  1000      4536      6.00      1.00  Isolated Web Co
11:53:23 PM  1000      4589      4.00      0.00  Isolated Web Co
11:53:23 PM  1000      4605      8.00      2.00  Isolated Web Co
11:53:23 PM  1000      4626      7.00      3.00  Isolated Web Co
11:53:23 PM  1000      4637      5.00      2.00  Isolated Web Co
11:53:23 PM  1000      4650      9.00      2.00  Isolated Web Co
11:53:23 PM  1000      4764      8.00      6.00  Isolated Web Co
11:53:23 PM  1000      4803      7.00      2.00  Isolated Web Co
11:53:23 PM  1000      4809      7.00      0.00  Isolated Web Co
11:53:23 PM  1000      4869      9.00      0.00  Isolated Web Co
11:53:23 PM  1000      4904      7.00      2.00  Isolated Web Co
11:53:23 PM  1000      4907      5.00      0.00  Isolated Web Co
11:53:23 PM  1000      4914      6.00      1.00  Isolated Web Co
11:53:23 PM  1000      5011      5.00      0.00  Isolated Web Co
11:53:23 PM  1000      5014      3.00      0.00  Isolated Web Co
11:53:23 PM  1000      5020      6.00      0.00  Isolated Web Co
11:53:23 PM  1000      5113      9.00      2.00  Isolated Web Co
11:53:23 PM  1000      5165      5.00      1.00  Isolated Web Co
11:53:23 PM  1000      5180      6.00      0.00  Isolated Web Co
11:53:23 PM  1000      5220      7.00      0.00  Isolated Web Co
11:53:23 PM  1000      5273      5.00      2.00  Isolated Web Co
11:53:23 PM  1000      5469      7.00      8.00  Isolated Web Co
11:53:23 PM  1000      5546      9.00      0.00  Isolated Web Co
11:53:23 PM  1000      5549      6.00      2.00  Isolated Web Co
11:53:23 PM  1000      5646     17.00      0.00  Isolated Web Co
11:53:23 PM  1000      5704     10.00      0.00  Isolated Web Co
11:53:23 PM     0     22875      4.00      0.00  kworker/5:1-events
11:53:23 PM     0     27141      1.00      0.00  kworker/12:0-mm_percpu_wq
11:53:23 PM     0     30134      1.00      0.00  kworker/6:0-mm_percpu_wq
11:53:23 PM  1000     32073      6.00      4.00  Isolated Web Co
11:53:23 PM  1000     32126      8.00      0.00  Isolated Web Co
11:53:23 PM  1000     32169      6.00      2.00  Isolated Web Co
11:53:23 PM  1000     32341      4.00      3.00  Isolated Web Co
11:53:23 PM  1000     32658      4.00      1.00  Isolated Web Co
11:53:23 PM  1000     35005      5.00      1.00  chrome
11:53:23 PM  1000     35050      4.00      0.00  chrome
11:53:23 PM  1000     35051      1.00      0.00  chrome
11:53:23 PM  1000     35280      1.00      0.00  chrome
11:53:23 PM     0     39852      2.00      0.00  kworker/3:1-events_freezable
11:53:23 PM     0     43987      2.00      0.00  kworker/13:0-events
11:53:23 PM     0     44016      1.00      0.00  kworker/9:4-mm_percpu_wq
11:53:23 PM     0     44114      1.00      0.00  kworker/14:3-mm_percpu_wq
11:53:23 PM     0     45130      2.00      0.00  kworker/2:5-events
11:53:23 PM     0     45146      3.00      0.00  kworker/8:2-events
11:53:23 PM     0     45732      5.00      0.00  kworker/10:0-events
11:53:23 PM     0     46066      2.00      0.00  kworker/15:0-events
11:53:23 PM     0     48072    421.00     13.00  kworker/u32:3-gfx_low
11:53:23 PM     0     48837      3.00      0.00  kworker/1:1-events
11:53:23 PM     0     48949      1.00      0.00  kworker/0:2-events
11:53:23 PM     0     49030      1.00      0.00  kworker/4:3-mm_percpu_wq
11:53:23 PM  1000     49115     30.00      9.00  code
11:53:23 PM  1000     49179    117.00     48.00  code
11:53:23 PM  1000     49237     46.00     29.00  code
11:53:23 PM  1000     49279      9.00      2.00  code
11:53:23 PM  1000     49295     11.00      5.00  code
11:53:23 PM  1000     49322      2.00      2.00  code
11:53:23 PM  1000     49323     18.00      0.00  code
11:53:23 PM  1000     49758    121.00     66.00  Isolated Web Co
11:53:23 PM  1000     49793      1.00      0.00  Web Content
11:53:23 PM  1000     49835      1.00      0.00  Web Content
11:53:23 PM  1000     49887      1.00      1.00  Web Content
11:53:23 PM     0     53079      3.00      0.00  kworker/u33:1-rtw89_tx_wq
11:53:23 PM     0     53138      8.00      0.00  kworker/u32:2-gfx_low
11:53:23 PM     0     56192    556.00      1.00  kworker/u32:4-gfx_low
11:53:23 PM     0     57023      6.00      0.00  kworker/u33:2-rtw89_tx_wq
11:53:23 PM  1000     57411      1.00      0.00  mpstat
11:53:23 PM  1000     57412      1.00      0.00  vmstat
11:53:23 PM  1000     57413      1.00      8.00  pidstat

11:53:23 PM   UID       PID    %usr %system  %guest   %wait    %CPU   CPU  Command
11:53:24 PM     0       195    0.00    5.00    0.00    0.00    5.00     7  irq/35-ACPI:Event
11:53:24 PM     0       884    0.00    1.00    0.00    0.00    1.00    11  irq/84-rtw89_pci
11:53:24 PM     0       914    0.00    1.00    0.00    0.00    1.00    11  NetworkManager
11:53:24 PM     0      1242    2.00    4.00    0.00    1.00    6.00    14  Xorg
11:53:24 PM  1000      1908    5.00    2.00    0.00    7.00    7.00     4  cinnamon
11:53:24 PM  1000      2104    1.00    0.00    0.00    0.00    1.00    12  blueman-tray
11:53:24 PM  1000      2263    9.00    5.00    0.00    0.00   14.00    12  firefox-bin
11:53:24 PM  1000      2402    0.00    1.00    0.00    1.00    1.00     8  Privileged Cont
11:53:24 PM  1000      2963    3.00    0.00    0.00    1.00    3.00    13  Isolated Web Co
11:53:24 PM  1000      3003    1.00    0.00    0.00    0.00    1.00     7  Isolated Web Co
11:53:24 PM  1000      4589    1.00    0.00    0.00    0.00    1.00    15  Isolated Web Co
11:53:24 PM     0     48072    0.00    1.00    0.00    1.00    1.00     9  kworker/u32:3+events_unbound
11:53:24 PM  1000     49115    2.00    1.00    0.00    3.00    3.00    14  code
11:53:24 PM  1000     49179    3.00    2.00    0.00    4.00    5.00     2  code
11:53:24 PM  1000     49237   10.00    2.00    0.00    7.00   12.00     0  code
11:53:24 PM  1000     49323    1.00    0.00    0.00    0.00    1.00    11  code
11:53:24 PM  1000     49758    7.00    1.00    0.00    8.00    8.00    13  Isolated Web Co
11:53:24 PM  1000     57413    0.00    3.00    0.00    1.00    3.00     1  pidstat
11:53:24 PM  1000     57414 1488.00    2.00    0.00    0.00 1490.00    12  sysbench

11:53:23 PM   UID       PID  minflt/s  majflt/s     VSZ     RSS   %MEM  Command
11:53:24 PM  1000      2263    581.00      0.00 12389480  742496   4.71  firefox-bin
11:53:24 PM  1000      2470      4.00      0.00 2501044  133856   0.85  WebExtensions
11:53:24 PM  1000      2570      1.00      0.00 7944368  993188   6.30  Isolated Web Co
11:53:24 PM  1000      2963      8.00      0.00 11699792  772792   4.90  Isolated Web Co
11:53:24 PM  1000      4589     76.00      0.00 2907064  303580   1.93  Isolated Web Co
11:53:24 PM  1000      4809      1.00      0.00 2510592  123160   0.78  Isolated Web Co
11:53:24 PM  1000      4907      1.00      0.00 2503844  122936   0.78  Isolated Web Co
11:53:24 PM  1000      5704      0.00      0.00 2481288  110984   0.70  Isolated Web Co
11:53:24 PM  1000     35005    127.00      0.00 34324576  363904   2.31  chrome
11:53:24 PM  1000     49115     29.00      0.00 1461534896  191112   1.21  code
11:53:24 PM  1000     49179     14.00      0.00 34582260  178240   1.13  code
11:53:24 PM  1000     49237    211.00      0.00 1480184192  389432   2.47  code
11:53:24 PM  1000     49279     40.00      0.00 1461308524  115744   0.73  code
11:53:24 PM  1000     49295      2.00      0.00 1461300524  156156   0.99  code
11:53:24 PM  1000     49758     35.00      0.00 3276392  633324   4.02  Isolated Web Co
11:53:24 PM  1000     50048      2.00      0.00 1283801512   62420   0.40  chrome
11:53:24 PM  1000     57414      2.00      0.00   34212   10112   0.06  sysbench

11:53:23 PM   UID       PID   cswch/s nvcswch/s  Command
11:53:24 PM     0        17    306.00      0.00  rcu_preempt
11:53:24 PM     0        84      4.00      0.00  ksoftirqd/7
11:53:24 PM     0       119      1.00      0.00  kcompactd0
11:53:24 PM     0       150      4.00      0.00  kworker/7:1-events
11:53:24 PM     0       153      3.00      0.00  kworker/11:1-events
11:53:24 PM     0       195    142.00      0.00  irq/35-ACPI:Event
11:53:24 PM     0       257      1.00      0.00  kworker/15:1H-kblockd
11:53:24 PM     0       284    282.00      0.00  irq/40-ELAN1200:00
11:53:24 PM   110       774      7.00      0.00  avahi-daemon
11:53:24 PM     0       822    142.00      0.00  touchegg
11:53:24 PM     0       884    141.00      0.00  irq/84-rtw89_pci
11:53:24 PM     0       914     39.00      0.00  NetworkManager
11:53:24 PM     0      1242   1092.00    112.00  Xorg
11:53:24 PM  1000      1501    193.00      0.00  pipewire-pulse
11:53:24 PM  1000      1908    424.00     39.00  cinnamon
11:53:24 PM  1000      2104     10.00      0.00  blueman-tray
11:53:24 PM  1000      2263    116.00      4.00  firefox-bin
11:53:24 PM  1000      2352      4.00      0.00  Socket Process
11:53:24 PM  1000      2402    123.00      2.00  Privileged Cont
11:53:24 PM  1000      2470     16.00      0.00  WebExtensions
11:53:24 PM  1000      2570      9.00      3.00  Isolated Web Co
11:53:24 PM  1000      2836      1.00      0.00  Isolated Web Co
11:53:24 PM  1000      2963    164.00      1.00  Isolated Web Co
11:53:24 PM  1000      3003      2.00      0.00  Isolated Web Co
11:53:24 PM  1000      4259      1.00      0.00  Isolated Web Co
11:53:24 PM  1000      4311      1.00      0.00  Isolated Web Co
11:53:24 PM  1000      4436      1.00      0.00  Isolated Web Co
11:53:24 PM  1000      4439      1.00      0.00  Isolated Web Co
11:53:24 PM  1000      4446      1.00      0.00  Isolated Web Co
11:53:24 PM  1000      4536      1.00      0.00  Isolated Web Co
11:53:24 PM  1000      4589      5.00      1.00  Isolated Web Co
11:53:24 PM  1000      4605      1.00      0.00  Isolated Web Co
11:53:24 PM  1000      4626      1.00      0.00  Isolated Web Co
11:53:24 PM  1000      4637      1.00      0.00  Isolated Web Co
11:53:24 PM  1000      4650      1.00      0.00  Isolated Web Co
11:53:24 PM  1000      4764      1.00      0.00  Isolated Web Co
11:53:24 PM  1000      4803      1.00      0.00  Isolated Web Co
11:53:24 PM  1000      4809      1.00      0.00  Isolated Web Co
11:53:24 PM  1000      4869      3.00      1.00  Isolated Web Co
11:53:24 PM  1000      4904      1.00      0.00  Isolated Web Co
11:53:24 PM  1000      4907      1.00      0.00  Isolated Web Co
11:53:24 PM  1000      4914      1.00      0.00  Isolated Web Co
11:53:24 PM  1000      5011      1.00      0.00  Isolated Web Co
11:53:24 PM  1000      5014      1.00      0.00  Isolated Web Co
11:53:24 PM  1000      5020      1.00      0.00  Isolated Web Co
11:53:24 PM  1000      5113      1.00      0.00  Isolated Web Co
11:53:24 PM  1000      5165      1.00      0.00  Isolated Web Co
11:53:24 PM  1000      5180      1.00      0.00  Isolated Web Co
11:53:24 PM  1000      5220      1.00      0.00  Isolated Web Co
11:53:24 PM  1000      5273      1.00      0.00  Isolated Web Co
11:53:24 PM  1000      5469      1.00      0.00  Isolated Web Co
11:53:24 PM  1000      5546      1.00      0.00  Isolated Web Co
11:53:24 PM  1000      5549      1.00      0.00  Isolated Web Co
11:53:24 PM  1000      5646      1.00      0.00  Isolated Web Co
11:53:24 PM  1000      5704      4.00      0.00  Isolated Web Co
11:53:24 PM     0     22875      2.00      0.00  kworker/5:1-events
11:53:24 PM     0     27141      1.00      0.00  kworker/12:0-mm_percpu_wq
11:53:24 PM     0     30134      2.00      0.00  kworker/6:0-mm_percpu_wq
11:53:24 PM  1000     32073      1.00      0.00  Isolated Web Co
11:53:24 PM  1000     32126      1.00      0.00  Isolated Web Co
11:53:24 PM  1000     32169      1.00      0.00  Isolated Web Co
11:53:24 PM  1000     32341      1.00      0.00  Isolated Web Co
11:53:24 PM  1000     32658      1.00      0.00  Isolated Web Co
11:53:24 PM  1000     35005      2.00      1.00  chrome
11:53:24 PM  1000     35280      1.00      0.00  chrome
11:53:24 PM  1000     35618      1.00      0.00  chrome
11:53:24 PM  1000     35925      1.00      0.00  chrome
11:53:24 PM     0     39852      3.00      0.00  kworker/3:1-events
11:53:24 PM     0     43987      2.00      0.00  kworker/13:0-events
11:53:24 PM     0     44016      1.00      0.00  kworker/9:4-mm_percpu_wq
11:53:24 PM     0     44114      1.00      0.00  kworker/14:3-mm_percpu_wq
11:53:24 PM     0     45130      3.00      0.00  kworker/2:5-events
11:53:24 PM     0     45146      1.00      0.00  kworker/8:2-mm_percpu_wq
11:53:24 PM     0     45732      1.00      0.00  kworker/10:0-mm_percpu_wq
11:53:24 PM     0     46066      2.00      0.00  kworker/15:0-events
11:53:24 PM     0     48072    516.00      0.00  kworker/u32:3+events_unbound
11:53:24 PM     0     48837      4.00      0.00  kworker/1:1-events
11:53:24 PM     0     48949      3.00      0.00  kworker/0:2-events
11:53:24 PM     0     49030      2.00      0.00  kworker/4:3-events
11:53:24 PM  1000     49115    182.00     61.00  code
11:53:24 PM  1000     49179    466.00     82.00  code
11:53:24 PM  1000     49183      1.00      0.00  code
11:53:24 PM  1000     49237    140.00     38.00  code
11:53:24 PM  1000     49279     11.00      0.00  code
11:53:24 PM  1000     49295      5.00      3.00  code
11:53:24 PM  1000     49322      2.00      0.00  code
11:53:24 PM  1000     49323      7.00      0.00  code
11:53:24 PM  1000     49375      1.00      0.00  code
11:53:24 PM  1000     49758     82.00      7.00  Isolated Web Co
11:53:24 PM  1000     50048      1.00      0.00  chrome
11:53:24 PM     0     53079      6.00      0.00  kworker/u33:1-rtw89_tx_wq
11:53:24 PM     0     53138      1.00      0.00  kworker/u32:2-gfx_low
11:53:24 PM     0     56192    527.00      3.00  kworker/u32:4-gfx_low
11:53:24 PM     0     57023      1.00      0.00  kworker/u33:2-rtw89_tx_wq
11:53:24 PM  1000     57411      1.00      0.00  mpstat
11:53:24 PM  1000     57412      1.00      0.00  vmstat
11:53:24 PM  1000     57413      1.00      2.00  pidstat
