Linux 6.8.0-51-generic (abhijeet-Vivobook) 	09/10/2025 	_x86_64_	(16 CPU)

11:52:54 PM   UID       PID    %usr %system  %guest   %wait    %CPU   CPU  Command
11:52:55 PM     0        17    0.00    0.98    0.00    0.00    0.98    11  rcu_preempt
11:52:55 PM     0       884    0.00    0.98    0.00    0.00    0.98    11  irq/84-rtw89_pci
11:52:55 PM     0      1242    1.96    2.94    0.00    0.00    4.90     9  Xorg
11:52:55 PM  1000      1501    0.00    0.98    0.00    0.00    0.98    14  pipewire-pulse
11:52:55 PM  1000      1908    6.86    1.96    0.00    0.00    8.82     6  cinnamon
11:52:55 PM  1000      2104    0.00    0.98    0.00    0.00    0.98    13  blueman-tray
11:52:55 PM  1000      2263    3.92    1.96    0.00    0.00    5.88    10  firefox-bin
11:52:55 PM  1000      2402    0.98    0.98    0.00    0.00    1.96     4  Privileged Cont
11:52:55 PM  1000      2963    1.96    0.98    0.00    0.00    2.94    14  Isolated Web Co
11:52:55 PM  1000      4536    0.98    0.00    0.00    0.00    0.98     6  Isolated Web Co
11:52:55 PM  1000      5014    0.98    0.00    0.00    0.00    0.98     8  Isolated Web Co
11:52:55 PM  1000      5646    0.98    0.98    0.00    0.00    1.96     8  Isolated Web Co
11:52:55 PM  1000     35005    0.98    0.00    0.00    0.00    0.98     4  chrome
11:52:55 PM  1000     49115    0.98    0.98    0.00    0.00    1.96     8  code
11:52:55 PM  1000     49179    4.90    1.96    0.00    0.00    6.86    14  code
11:52:55 PM  1000     49237    7.84    0.98    0.00    0.00    8.82     6  code
11:52:55 PM  1000     49279    0.98    0.98    0.00    0.00    1.96     1  code
11:52:55 PM  1000     49758    3.92    0.00    0.00    0.00    3.92     1  Isolated Web Co
11:52:55 PM     0     56192    0.00    0.98    0.00    0.00    0.98    13  kworker/u32:4-gfx_low
11:52:55 PM  1000     57254    0.00    1.96    0.00    0.00    1.96     3  pidstat
11:52:55 PM  1000     57255  199.02    0.00    0.00    0.00  199.02    15  sysbench

11:52:54 PM   UID       PID  minflt/s  majflt/s     VSZ     RSS   %MEM  Command
11:52:55 PM  1000      1908      6.86      0.00 5279180  262100   1.66  cinnamon
11:52:55 PM  1000      2263     11.76      0.00 12393560  741808   4.71  firefox-bin
11:52:55 PM  1000      2470      1.96      0.00 2501060  133728   0.85  WebExtensions
11:52:55 PM  1000      2839      7.84      0.00 2460080   78008   0.50  Isolated Servic
11:52:55 PM  1000      3003      1.96      0.00 2799964  313560   1.99  Isolated Web Co
11:52:55 PM  1000      4803     11.76      0.00 2511112  122204   0.78  Isolated Web Co
11:52:55 PM  1000      4869     11.76      0.00 2516492  123992   0.79  Isolated Web Co
11:52:55 PM  1000      5113      0.98      0.00 2581424  154016   0.98  Isolated Web Co
11:52:55 PM  1000      5469      0.98      0.00 2549160  142792   0.91  Isolated Web Co
11:52:55 PM  1000      5646     44.12      0.00 2513048  123996   0.79  Isolated Web Co
11:52:55 PM  1000     32126      0.00      0.00 2463144  109084   0.69  Isolated Web Co
11:52:55 PM  1000     35005    233.33      0.00 34324576  364728   2.31  chrome
11:52:55 PM  1000     35050     88.24      0.00 34734236  274280   1.74  chrome
11:52:55 PM  1000     35051     13.73      0.00 34064912  131292   0.83  chrome
11:52:55 PM  1000     35182    568.63      0.00 1285630640  146352   0.93  chrome
11:52:55 PM  1000     49115      8.82      0.00 1461531824  191396   1.21  code
11:52:55 PM  1000     49179    499.02      0.00 34572980  178376   1.13  code
11:52:55 PM  1000     49237    273.53      0.00 1480184128  384560   2.44  code
11:52:55 PM  1000     49279    777.45      0.00 1461308524  116420   0.74  code
11:52:55 PM  1000     49295     11.76      0.00 1461300524  156300   0.99  code
11:52:55 PM  1000     49322     19.61      0.00 1461299592  113148   0.72  code
11:52:55 PM  1000     49323      0.98      0.00 1461316600  106992   0.68  code
11:52:55 PM  1000     49758     17.65      0.00 3265844  554076   3.52  Isolated Web Co
11:52:55 PM  1000     57254      2.94      0.00   17356    5632   0.04  pidstat

11:52:54 PM   UID       PID   cswch/s nvcswch/s  Command
11:52:55 PM     0        16      2.94      0.00  ksoftirqd/0
11:52:55 PM     0        17    232.35      0.00  rcu_preempt
11:52:55 PM     0        18      8.82      0.00  migration/0
11:52:55 PM     0        23      0.98      0.00  migration/2
11:52:55 PM     0        29     16.67      0.00  migration/4
11:52:55 PM     0        35     38.24      0.00  migration/6
11:52:55 PM     0        36      0.98      0.00  ksoftirqd/6
11:52:55 PM     0        41     26.47      0.00  migration/8
11:52:55 PM     0        47     20.59      0.00  migration/10
11:52:55 PM     0        53     12.75      0.00  migration/12
11:52:55 PM     0        59      7.84      0.00  migration/14
11:52:55 PM     0        72      0.98      0.00  ksoftirqd/3
11:52:55 PM     0        77      7.84      0.00  migration/5
11:52:55 PM     0        83      1.96      0.00  migration/7
11:52:55 PM     0        89      2.94      0.00  migration/9
11:52:55 PM     0        95      5.88      0.00  migration/11
11:52:55 PM     0       101      1.96      0.00  migration/13
11:52:55 PM     0       107      0.98      0.00  migration/15
11:52:55 PM     0       119      1.96      0.00  kcompactd0
11:52:55 PM     0       153     12.75      0.00  kworker/11:1-mld
11:52:55 PM   110       774     50.98      0.00  avahi-daemon
11:52:55 PM     0       822      6.86      0.00  touchegg
11:52:55 PM     0       884    119.61      0.00  irq/84-rtw89_pci
11:52:55 PM     0       914     20.59      0.00  NetworkManager
11:52:55 PM     0      1242    728.43      7.84  Xorg
11:52:55 PM  1000      1501    187.25      2.94  pipewire-pulse
11:52:55 PM  1000      1908    369.61     17.65  cinnamon
11:52:55 PM  1000      2104      9.80      0.00  blueman-tray
11:52:55 PM  1000      2263     60.78      0.00  firefox-bin
11:52:55 PM  1000      2352      1.96      0.00  Socket Process
11:52:55 PM  1000      2402     69.61      0.98  Privileged Cont
11:52:55 PM  1000      2470      7.84      0.00  WebExtensions
11:52:55 PM  1000      2570      2.94      0.00  Isolated Web Co
11:52:55 PM  1000      2836      2.94      0.00  Isolated Web Co
11:52:55 PM  1000      2839     30.39      1.96  Isolated Servic
11:52:55 PM  1000      2963    152.94      4.90  Isolated Web Co
11:52:55 PM  1000      3003      5.88      0.00  Isolated Web Co
11:52:55 PM  1000      4259      3.92      0.00  Isolated Web Co
11:52:55 PM  1000      4311      0.98      0.00  Isolated Web Co
11:52:55 PM  1000      4436      0.98      0.00  Isolated Web Co
11:52:55 PM  1000      4439      0.98      0.00  Isolated Web Co
11:52:55 PM  1000      4446      0.98      0.00  Isolated Web Co
11:52:55 PM  1000      4536      1.96      0.98  Isolated Web Co
11:52:55 PM  1000      4589      1.96      1.96  Isolated Web Co
11:52:55 PM  1000      4605      0.98      0.00  Isolated Web Co
11:52:55 PM  1000      4626      0.98      0.00  Isolated Web Co
11:52:55 PM  1000      4637      0.98      0.00  Isolated Web Co
11:52:55 PM  1000      4650      0.98      0.00  Isolated Web Co
11:52:55 PM  1000      4764      0.98      1.96  Isolated Web Co
11:52:55 PM  1000      4803      0.98      0.00  Isolated Web Co
11:52:55 PM  1000      4809      0.98      0.00  Isolated Web Co
11:52:55 PM  1000      4869      0.98      0.00  Isolated Web Co
11:52:55 PM  1000      4904      0.98      0.00  Isolated Web Co
11:52:55 PM  1000      4907      0.98      0.00  Isolated Web Co
11:52:55 PM  1000      4914      0.98      0.00  Isolated Web Co
11:52:55 PM  1000      5011      0.98      0.00  Isolated Web Co
11:52:55 PM  1000      5014      0.98      0.00  Isolated Web Co
11:52:55 PM  1000      5113      0.98      0.00  Isolated Web Co
11:52:55 PM  1000      5165      0.98      0.00  Isolated Web Co
11:52:55 PM  1000      5180      0.98      0.00  Isolated Web Co
11:52:55 PM  1000      5220      0.98      0.00  Isolated Web Co
11:52:55 PM  1000      5273      0.98      0.00  Isolated Web Co
11:52:55 PM  1000      5469      0.98      0.00  Isolated Web Co
11:52:55 PM  1000      5546      0.98      0.00  Isolated Web Co
11:52:55 PM  1000      5549      1.96      0.00  Isolated Web Co
11:52:55 PM  1000      5646      1.96      0.00  Isolated Web Co
11:52:55 PM  1000      5704      0.98      0.00  Isolated Web Co
11:52:55 PM     0     22875      2.94      0.00  kworker/5:1-events
11:52:55 PM     0     27141      2.94      0.00  kworker/12:0-events
11:52:55 PM     0     30134      0.98      0.00  kworker/6:0-mm_percpu_wq
11:52:55 PM  1000     32073      0.98      0.00  Isolated Web Co
11:52:55 PM  1000     32126      3.92      0.00  Isolated Web Co
11:52:55 PM  1000     32169      0.98      0.00  Isolated Web Co
11:52:55 PM  1000     35005      9.80      0.98  chrome
11:52:55 PM  1000     35050      0.98      0.00  chrome
11:52:55 PM  1000     35051      0.98      0.00  chrome
11:52:55 PM  1000     35280      0.98      0.00  chrome
11:52:55 PM     0     39852      1.96      0.00  kworker/3:1-events_freezable
11:52:55 PM     0     43987      0.98      0.00  kworker/13:0-mm_percpu_wq
11:52:55 PM     0     44016      0.98      0.00  kworker/9:4-mm_percpu_wq
11:52:55 PM     0     44114      0.98      0.00  kworker/14:3-mm_percpu_wq
11:52:55 PM     0     45130      1.96      0.00  kworker/2:5-events
11:52:55 PM     0     45146      1.96      0.00  kworker/8:2-events
11:52:55 PM     0     45732      5.88      0.00  kworker/10:0-events
11:52:55 PM     0     46066      0.98      0.00  kworker/15:0-mm_percpu_wq
11:52:55 PM     0     48072    226.47      0.98  kworker/u32:3-gfx_low
11:52:55 PM     0     48837      3.92      0.00  kworker/1:1-events
11:52:55 PM     0     48949      2.94      0.00  kworker/0:2-events
11:52:55 PM     0     49030      0.98      0.00  kworker/4:3-mm_percpu_wq
11:52:55 PM  1000     49115     22.55      0.00  code
11:52:55 PM  1000     49179    539.22     10.78  code
11:52:55 PM  1000     49237     98.04      4.90  code
11:52:55 PM  1000     49279     18.63      0.00  code
11:52:55 PM  1000     49295      9.80      0.00  code
11:52:55 PM  1000     49322      1.96      0.00  code
11:52:55 PM  1000     49323     10.78      0.00  code
11:52:55 PM  1000     49758     27.45      0.00  Isolated Web Co
11:52:55 PM     0     53138      4.90      0.00  kworker/u32:2-gfx_low
11:52:55 PM     0     56192    384.31      3.92  kworker/u32:4-gfx_low
11:52:55 PM     0     57023      3.92      0.00  kworker/u33:2-ttm
11:52:55 PM  1000     57252      0.98      0.00  mpstat
11:52:55 PM  1000     57253      0.98      0.00  vmstat
11:52:55 PM  1000     57254      0.98      0.98  pidstat

11:52:55 PM   UID       PID    %usr %system  %guest   %wait    %CPU   CPU  Command
11:52:56 PM     0      1242    1.00    2.00    0.00    0.00    3.00     6  Xorg
11:52:56 PM  1000      1908    4.00    1.00    0.00    0.00    5.00    14  cinnamon
11:52:56 PM  1000      2263    4.00    2.00    0.00    0.00    6.00    10  firefox-bin
11:52:56 PM  1000      2570    1.00    0.00    0.00    0.00    1.00    12  Isolated Web Co
11:52:56 PM  1000      2963    2.00    1.00    0.00    0.00    3.00     4  Isolated Web Co
11:52:56 PM  1000      4259    1.00    0.00    0.00    0.00    1.00     8  Isolated Web Co
11:52:56 PM  1000      4446    1.00    0.00    0.00    0.00    1.00    14  Isolated Web Co
11:52:56 PM  1000      4589    1.00    0.00    0.00    0.00    1.00    14  Isolated Web Co
11:52:56 PM  1000      4869    1.00    0.00    0.00    0.00    1.00     6  Isolated Web Co
11:52:56 PM  1000      5469    0.00    1.00    0.00    0.00    1.00     4  Isolated Web Co
11:52:56 PM     0     48072    0.00    1.00    0.00    0.00    1.00    10  kworker/u32:3-events_unbound
11:52:56 PM  1000     49179    2.00    1.00    0.00    0.00    3.00    14  code
11:52:56 PM  1000     49237    2.00    0.00    0.00    0.00    2.00    12  code
11:52:56 PM  1000     49758    8.00    1.00    0.00    0.00    9.00    12  Isolated Web Co
11:52:56 PM  1000     57254    0.00    1.00    0.00    0.00    1.00     3  pidstat
11:52:56 PM  1000     57255  201.00    0.00    0.00    0.00  201.00    15  sysbench

11:52:55 PM   UID       PID  minflt/s  majflt/s     VSZ     RSS   %MEM  Command
11:52:56 PM  1000      2263     19.00      0.00 12393560  742064   4.71  firefox-bin
11:52:56 PM  1000      2470      4.00      0.00 2501044  133728   0.85  WebExtensions
11:52:56 PM  1000      2570   1565.00      0.00 7944352  996572   6.33  Isolated Web Co
11:52:56 PM  1000      2963      2.00      0.00 11694672  773152   4.91  Isolated Web Co
11:52:56 PM  1000      4589     74.00      0.00 2907080  303080   1.92  Isolated Web Co
11:52:56 PM  1000      4650      6.00      0.00 2570420  149848   0.95  Isolated Web Co
11:52:56 PM  1000      4907      1.00      0.00 2503860  122936   0.78  Isolated Web Co
11:52:56 PM  1000      5469     50.00      0.00 2549176  142920   0.91  Isolated Web Co
11:52:56 PM  1000      5704      1.00      0.00 2481304  110984   0.70  Isolated Web Co
11:52:56 PM  1000     32073      1.00      0.00 2460576  100716   0.64  Isolated Web Co
11:52:56 PM  1000     32169      0.00      0.00 2461068  101144   0.64  Isolated Web Co
11:52:56 PM  1000     35005    114.00      0.00 34324576  364032   2.31  chrome
11:52:56 PM  1000     49115      9.00      0.00 1461531824  191396   1.21  code
11:52:56 PM  1000     49179      1.00      0.00 34572980  178376   1.13  code
11:52:56 PM  1000     49183      1.00      0.00 33880256   74392   0.47  code
11:52:56 PM  1000     49237     17.00      0.00 1480184128  384560   2.44  code
11:52:56 PM  1000     49279    219.00      0.00 1461308524  116276   0.74  code
11:52:56 PM  1000     49323     11.00      0.00 1461316600  106992   0.68  code
11:52:56 PM  1000     49758     51.00      0.00 3265844  554204   3.52  Isolated Web Co
11:52:56 PM  1000     50048      2.00      0.00 1283801512   62420   0.40  chrome
11:52:56 PM  1000     57254      5.00      0.00   17496    5632   0.04  pidstat
11:52:56 PM  1000     57263    121.00      0.00    2800    1536   0.01  sh
11:52:56 PM  1000     57264    336.00      0.00   15524    3584   0.02  cpuUsage.sh
11:52:56 PM  1000     57271     99.00      0.00   13872    1920   0.01  sleep

11:52:55 PM   UID       PID   cswch/s nvcswch/s  Command
11:52:56 PM     0        17    170.00      1.00  rcu_preempt
11:52:56 PM     0        18      2.00      0.00  migration/0
11:52:56 PM     0        23      1.00      0.00  migration/2
11:52:56 PM     0        29      6.00      0.00  migration/4
11:52:56 PM     0        35      7.00      0.00  migration/6
11:52:56 PM     0        41      5.00      0.00  migration/8
11:52:56 PM     0        47     10.00      0.00  migration/10
11:52:56 PM     0        48      1.00      0.00  ksoftirqd/10
11:52:56 PM     0        53      1.00      0.00  migration/12
11:52:56 PM     0        59      7.00      0.00  migration/14
11:52:56 PM     0        66      1.00      0.00  ksoftirqd/1
11:52:56 PM     0        77      1.00      0.00  migration/5
11:52:56 PM     0        89      3.00      0.00  migration/9
11:52:56 PM     0        95      3.00      0.00  migration/11
11:52:56 PM     0       119      2.00      0.00  kcompactd0
11:52:56 PM     0       150      1.00      0.00  kworker/7:1-mm_percpu_wq
11:52:56 PM     0       153      2.00      0.00  kworker/11:1-mld
11:52:56 PM   110       774     17.00      0.00  avahi-daemon
11:52:56 PM     0       822      8.00      0.00  touchegg
11:52:56 PM     0       884    108.00      0.00  irq/84-rtw89_pci
11:52:56 PM     0       914     20.00      0.00  NetworkManager
11:52:56 PM     0      1242    468.00      3.00  Xorg
11:52:56 PM  1000      1501    190.00      0.00  pipewire-pulse
11:52:56 PM  1000      1908    256.00      5.00  cinnamon
11:52:56 PM  1000      2104     10.00      0.00  blueman-tray
11:52:56 PM  1000      2263     70.00      0.00  firefox-bin
11:52:56 PM  1000      2402     71.00      0.00  Privileged Cont
11:52:56 PM  1000      2470     12.00      0.00  WebExtensions
11:52:56 PM  1000      2570      4.00      2.00  Isolated Web Co
11:52:56 PM  1000      2836      1.00      0.00  Isolated Web Co
11:52:56 PM  1000      2963    154.00      2.00  Isolated Web Co
11:52:56 PM  1000      3003      2.00      0.00  Isolated Web Co
11:52:56 PM  1000      4259      1.00      0.00  Isolated Web Co
11:52:56 PM  1000      4311      1.00      0.00  Isolated Web Co
11:52:56 PM  1000      4436      1.00      0.00  Isolated Web Co
11:52:56 PM  1000      4439      1.00      0.00  Isolated Web Co
11:52:56 PM  1000      4446      1.00      0.00  Isolated Web Co
11:52:56 PM  1000      4536      5.00      0.00  Isolated Web Co
11:52:56 PM  1000      4589      5.00      1.00  Isolated Web Co
11:52:56 PM  1000      4605      1.00      0.00  Isolated Web Co
11:52:56 PM  1000      4626      1.00      0.00  Isolated Web Co
11:52:56 PM  1000      4637      1.00      0.00  Isolated Web Co
11:52:56 PM  1000      4650      1.00      0.00  Isolated Web Co
11:52:56 PM  1000      4764      1.00      0.00  Isolated Web Co
11:52:56 PM  1000      4803      1.00      0.00  Isolated Web Co
11:52:56 PM  1000      4809      1.00      0.00  Isolated Web Co
11:52:56 PM  1000      4869      1.00      0.00  Isolated Web Co
11:52:56 PM  1000      4904      1.00      1.00  Isolated Web Co
11:52:56 PM  1000      4907      1.00      0.00  Isolated Web Co
11:52:56 PM  1000      4914      1.00      0.00  Isolated Web Co
11:52:56 PM  1000      5011      1.00      0.00  Isolated Web Co
11:52:56 PM  1000      5014      1.00      0.00  Isolated Web Co
11:52:56 PM  1000      5113      1.00      0.00  Isolated Web Co
11:52:56 PM  1000      5165      1.00      0.00  Isolated Web Co
11:52:56 PM  1000      5180      1.00      0.00  Isolated Web Co
11:52:56 PM  1000      5220      1.00      0.00  Isolated Web Co
11:52:56 PM  1000      5273      4.00      0.00  Isolated Web Co
11:52:56 PM  1000      5469      2.00      0.00  Isolated Web Co
11:52:56 PM  1000      5546      1.00      0.00  Isolated Web Co
11:52:56 PM  1000      5549      2.00      0.00  Isolated Web Co
11:52:56 PM  1000      5646      1.00      0.00  Isolated Web Co
11:52:56 PM  1000      5704      2.00      0.00  Isolated Web Co
11:52:56 PM     0     22875      1.00      0.00  kworker/5:1-mm_percpu_wq
11:52:56 PM     0     27141      1.00      0.00  kworker/12:0-mm_percpu_wq
11:52:56 PM     0     30134      1.00      0.00  kworker/6:0-mm_percpu_wq
11:52:56 PM  1000     32073      1.00      0.00  Isolated Web Co
11:52:56 PM  1000     32126      1.00      0.00  Isolated Web Co
11:52:56 PM  1000     32169      4.00      0.00  Isolated Web Co
11:52:56 PM  1000     35005      3.00      0.00  chrome
11:52:56 PM  1000     35280      1.00      0.00  chrome
11:52:56 PM  1000     35925      1.00      0.00  chrome
11:52:56 PM     0     39852      5.00      0.00  kworker/3:1-events_freezable
11:52:56 PM     0     43987      3.00      0.00  kworker/13:0-events
11:52:56 PM     0     44016      1.00      0.00  kworker/9:4-mm_percpu_wq
11:52:56 PM     0     44114      1.00      0.00  kworker/14:3-mm_percpu_wq
11:52:56 PM     0     45130      4.00      0.00  kworker/2:5-events
11:52:56 PM     0     45146      1.00      0.00  kworker/8:2-mm_percpu_wq
11:52:56 PM     0     45732      8.00      0.00  kworker/10:0-events
11:52:56 PM     0     46066      1.00      0.00  kworker/15:0-mm_percpu_wq
11:52:56 PM     0     48072    294.00      0.00  kworker/u32:3-events_unbound
11:52:56 PM     0     48837      6.00      0.00  kworker/1:1-events
11:52:56 PM     0     48949      3.00      0.00  kworker/0:2-events
11:52:56 PM     0     49030      3.00      0.00  kworker/4:3-events
11:52:56 PM  1000     49115      1.00      0.00  code
11:52:56 PM  1000     49179    318.00      0.00  code
11:52:56 PM  1000     49183      1.00      1.00  code
11:52:56 PM  1000     49237     40.00      1.00  code
11:52:56 PM  1000     49279     12.00      0.00  code
11:52:56 PM  1000     49295      3.00      0.00  code
11:52:56 PM  1000     49322      2.00      0.00  code
11:52:56 PM  1000     49323     11.00      0.00  code
11:52:56 PM  1000     49758     39.00      7.00  Isolated Web Co
11:52:56 PM  1000     50048      1.00      0.00  chrome
11:52:56 PM     0     53079      1.00      0.00  kworker/u33:1-rtw89_tx_wq
11:52:56 PM     0     53138      1.00      0.00  kworker/u32:2-gfx_low
11:52:56 PM     0     56192     88.00      0.00  kworker/u32:4-gfx_low
11:52:56 PM     0     57023      3.00      0.00  kworker/u33:2-rtw89_tx_wq
11:52:56 PM  1000     57252      1.00      0.00  mpstat
11:52:56 PM  1000     57253      1.00      0.00  vmstat
11:52:56 PM  1000     57254      1.00      2.00  pidstat
11:52:56 PM  1000     57263      2.00      0.00  sh
11:52:56 PM  1000     57264     13.00      1.00  cpuUsage.sh
11:52:56 PM  1000     57271      1.00      0.00  sleep

11:52:56 PM   UID       PID    %usr %system  %guest   %wait    %CPU   CPU  Command
11:52:57 PM   110       774    1.00    0.00    0.00    0.00    1.00    12  avahi-daemon
11:52:57 PM     0       884    0.00    1.00    0.00    0.00    1.00    11  irq/84-rtw89_pci
11:52:57 PM     0      1242    0.00    1.00    0.00    0.00    1.00    14  Xorg
11:52:57 PM  1000      1497    0.00    1.00    0.00    0.00    1.00    12  pipewire
11:52:57 PM  1000      1501    0.00    1.00    0.00    0.00    1.00    14  pipewire-pulse
11:52:57 PM  1000      1908    2.00    0.00    0.00    0.00    2.00     4  cinnamon
11:52:57 PM  1000      2263    6.00    2.00    0.00    0.00    8.00    12  firefox-bin
11:52:57 PM  1000      2402    0.00    1.00    0.00    0.00    1.00    10  Privileged Cont
11:52:57 PM  1000      2882    2.00    3.00    0.00    0.00    5.00    12  mintreport-tray
11:52:57 PM  1000      2963    2.00    1.00    0.00    0.00    3.00    10  Isolated Web Co
11:52:57 PM  1000      4803    0.00    1.00    0.00    0.00    1.00     4  Isolated Web Co
11:52:57 PM  1000      4809    1.00    0.00    0.00    0.00    1.00    12  Isolated Web Co
11:52:57 PM     0     48072    0.00    1.00    0.00    0.00    1.00     9  kworker/u32:3-events_unbound
11:52:57 PM  1000     49237    1.00    0.00    0.00    0.00    1.00    10  code
11:52:57 PM  1000     49295    1.00    0.00    0.00    0.00    1.00    14  code
11:52:57 PM  1000     49323    1.00    0.00    0.00    0.00    1.00    14  code
11:52:57 PM  1000     49758    5.00    0.00    0.00    0.00    5.00    14  Isolated Web Co
11:52:57 PM     0     56192    0.00    1.00    0.00    0.00    1.00     9  kworker/u32:4-gfx_low
11:52:57 PM  1000     57254    1.00    2.00    0.00    0.00    3.00    15  pidstat
11:52:57 PM  1000     57255  200.00    0.00    0.00    0.00  200.00    15  sysbench

11:52:56 PM   UID       PID  minflt/s  majflt/s     VSZ     RSS   %MEM  Command
11:52:57 PM  1000      2263     16.00      0.00 12393560  742064   4.71  firefox-bin
11:52:57 PM  1000      2470      2.00      0.00 2501044  133728   0.85  WebExtensions
11:52:57 PM  1000      2570      1.00      0.00 7944352  996572   6.33  Isolated Web Co
11:52:57 PM  1000      2963      1.00      0.00 11694672  773152   4.91  Isolated Web Co
11:52:57 PM  1000      3003      2.00      0.00 2799964  313560   1.99  Isolated Web Co
11:52:57 PM  1000      4259      1.00      0.00 2779296  199140   1.26  Isolated Web Co
11:52:57 PM  1000      4650     13.00      0.00 2570420  149848   0.95  Isolated Web Co
11:52:57 PM  1000      4764      1.00      0.00 2569004  146432   0.93  Isolated Web Co
11:52:57 PM  1000      4907      1.00      0.00 2503860  122936   0.78  Isolated Web Co
11:52:57 PM  1000      5113      1.00      0.00 2581424  154016   0.98  Isolated Web Co
11:52:57 PM  1000      5180      1.00      0.00 2498740  119544   0.76  Isolated Web Co
11:52:57 PM  1000      5469      1.00      0.00 2549176  142920   0.91  Isolated Web Co
11:52:57 PM  1000      5646      2.00      0.00 2513048  123996   0.79  Isolated Web Co
11:52:57 PM  1000     35067      4.00      0.00 34291624   59576   0.38  chrome
11:52:57 PM  1000     35618      1.00      0.00 34035280   85752   0.54  chrome
11:52:57 PM  1000     49115      1.00      0.00 1461531824  191396   1.21  code
11:52:57 PM  1000     49179      4.00      0.00 34570804  178232   1.13  code
11:52:57 PM  1000     49183      4.00      0.00 33880256   74520   0.47  code
11:52:57 PM  1000     49237     15.00      0.00 1480181952  384688   2.44  code
11:52:57 PM  1000     49279     12.00      0.00 1461308524  116276   0.74  code
11:52:57 PM  1000     49322      7.00      0.00 1461299592  113148   0.72  code
11:52:57 PM  1000     49758      6.00      0.00 3265844  554204   3.52  Isolated Web Co
11:52:57 PM  1000     57254      2.00      0.00   17496    5760   0.04  pidstat

11:52:56 PM   UID       PID   cswch/s nvcswch/s  Command
11:52:57 PM     0        17    164.00      1.00  rcu_preempt
11:52:57 PM     0        18      1.00      0.00  migration/0
11:52:57 PM     0        23      2.00      0.00  migration/2
11:52:57 PM     0        29      9.00      0.00  migration/4
11:52:57 PM     0        30      1.00      0.00  ksoftirqd/4
11:52:57 PM     0        35      8.00      0.00  migration/6
11:52:57 PM     0        41      6.00      0.00  migration/8
11:52:57 PM     0        42      1.00      0.00  ksoftirqd/8
11:52:57 PM     0        47      9.00      0.00  migration/10
11:52:57 PM     0        53      4.00      0.00  migration/12
11:52:57 PM     0        54      1.00      0.00  ksoftirqd/12
11:52:57 PM     0        59      6.00      0.00  migration/14
11:52:57 PM     0        65      1.00      0.00  migration/1
11:52:57 PM     0        71      1.00      0.00  migration/3
11:52:57 PM     0        77      1.00      0.00  migration/5
11:52:57 PM     0        83      1.00      0.00  migration/7
11:52:57 PM     0        89      2.00      0.00  migration/9
11:52:57 PM     0        95      1.00      0.00  migration/11
11:52:57 PM     0       101      1.00      0.00  migration/13
11:52:57 PM     0       107      2.00      0.00  migration/15
11:52:57 PM     0       119      2.00      0.00  kcompactd0
11:52:57 PM     0       135      3.00      0.00  kworker/14:1H-kblockd
11:52:57 PM     0       150      1.00      0.00  kworker/7:1-mm_percpu_wq
11:52:57 PM     0       153     17.00      0.00  kworker/11:1-mld
11:52:57 PM     0       367      3.00      0.00  jbd2/nvme0n1p7-8
11:52:57 PM   110       774     27.00      0.00  avahi-daemon
11:52:57 PM     0       822     11.00      0.00  touchegg
11:52:57 PM     0       884    138.00      0.00  irq/84-rtw89_pci
11:52:57 PM     0       914     22.00      1.00  NetworkManager
11:52:57 PM     0       919      1.00      0.00  wpa_supplicant
11:52:57 PM     0      1242    144.00      1.00  Xorg
11:52:57 PM  1000      1501    189.00      2.00  pipewire-pulse
11:52:57 PM  1000      1908    140.00      1.00  cinnamon
11:52:57 PM  1000      2104     10.00      1.00  blueman-tray
11:52:57 PM  1000      2263     88.00      2.00  firefox-bin
11:52:57 PM  1000      2352      2.00      0.00  Socket Process
11:52:57 PM  1000      2402     71.00      1.00  Privileged Cont
11:52:57 PM  1000      2470     11.00      0.00  WebExtensions
11:52:57 PM  1000      2570      5.00      0.00  Isolated Web Co
11:52:57 PM  1000      2836      5.00      0.00  Isolated Web Co
11:52:57 PM  1000      2839      1.00      0.00  Isolated Servic
11:52:57 PM  1000      2882      1.00      1.00  mintreport-tray
11:52:57 PM  1000      2963    149.00      5.00  Isolated Web Co
11:52:57 PM  1000      3003      4.00      0.00  Isolated Web Co
11:52:57 PM  1000      4259      1.00      0.00  Isolated Web Co
11:52:57 PM  1000      4311      1.00      0.00  Isolated Web Co
11:52:57 PM  1000      4436      1.00      0.00  Isolated Web Co
11:52:57 PM  1000      4439      1.00      0.00  Isolated Web Co
11:52:57 PM  1000      4446      1.00      0.00  Isolated Web Co
11:52:57 PM  1000      4536      1.00      0.00  Isolated Web Co
11:52:57 PM  1000      4589      1.00      0.00  Isolated Web Co
11:52:57 PM  1000      4605      4.00      0.00  Isolated Web Co
11:52:57 PM  1000      4626      4.00      0.00  Isolated Web Co
11:52:57 PM  1000      4637      1.00      0.00  Isolated Web Co
11:52:57 PM  1000      4650      4.00      0.00  Isolated Web Co
11:52:57 PM  1000      4764      4.00      0.00  Isolated Web Co
11:52:57 PM  1000      4803      1.00      0.00  Isolated Web Co
11:52:57 PM  1000      4809      1.00      0.00  Isolated Web Co
11:52:57 PM  1000      4869      1.00      0.00  Isolated Web Co
11:52:57 PM  1000      4904      1.00      0.00  Isolated Web Co
11:52:57 PM  1000      4907      1.00      0.00  Isolated Web Co
11:52:57 PM  1000      4914      1.00      0.00  Isolated Web Co
11:52:57 PM  1000      5011      1.00      0.00  Isolated Web Co
11:52:57 PM  1000      5014      1.00      0.00  Isolated Web Co
11:52:57 PM  1000      5113      4.00      0.00  Isolated Web Co
11:52:57 PM  1000      5165      1.00      0.00  Isolated Web Co
11:52:57 PM  1000      5180      1.00      0.00  Isolated Web Co
11:52:57 PM  1000      5220      1.00      0.00  Isolated Web Co
11:52:57 PM  1000      5273      1.00      0.00  Isolated Web Co
11:52:57 PM  1000      5469      1.00      0.00  Isolated Web Co
11:52:57 PM  1000      5546      1.00      0.00  Isolated Web Co
11:52:57 PM  1000      5549      2.00      0.00  Isolated Web Co
11:52:57 PM  1000      5646      2.00      0.00  Isolated Web Co
11:52:57 PM  1000      5704      1.00      0.00  Isolated Web Co
11:52:57 PM     0     22875      4.00      0.00  kworker/5:1-events
11:52:57 PM     0     27141      3.00      0.00  kworker/12:0-mm_percpu_wq
11:52:57 PM     0     30134      1.00      0.00  kworker/6:0-mm_percpu_wq
11:52:57 PM  1000     32073      4.00      0.00  Isolated Web Co
11:52:57 PM  1000     32126      1.00      0.00  Isolated Web Co
11:52:57 PM  1000     32169      4.00      0.00  Isolated Web Co
11:52:57 PM  1000     35005      2.00      0.00  chrome
11:52:57 PM  1000     35067      1.00      0.00  chrome
11:52:57 PM  1000     35280      1.00      0.00  chrome
11:52:57 PM  1000     35618      1.00      0.00  chrome
11:52:57 PM     0     39852      5.00      0.00  kworker/3:1-events_freezable
11:52:57 PM     0     43987      2.00      0.00  kworker/13:0-mm_percpu_wq
11:52:57 PM     0     44016      1.00      0.00  kworker/9:4-mm_percpu_wq
11:52:57 PM     0     44114      3.00      0.00  kworker/14:3-events
11:52:57 PM     0     45130      1.00      0.00  kworker/2:5-mm_percpu_wq
11:52:57 PM     0     45146      4.00      0.00  kworker/8:2-events
11:52:57 PM     0     45732     15.00      0.00  kworker/10:0-events
11:52:57 PM     0     48072    141.00      2.00  kworker/u32:3-events_unbound
11:52:57 PM     0     48837      2.00      0.00  kworker/1:1-events
11:52:57 PM     0     48949      1.00      0.00  kworker/0:2-events
11:52:57 PM     0     49030      3.00      0.00  kworker/4:3-mm_percpu_wq
11:52:57 PM  1000     49115      2.00      0.00  code
11:52:57 PM  1000     49179      3.00      0.00  code
11:52:57 PM  1000     49237      7.00      1.00  code
11:52:57 PM  1000     49279     17.00      0.00  code
11:52:57 PM  1000     49295      2.00      0.00  code
11:52:57 PM  1000     49322      3.00      0.00  code
11:52:57 PM  1000     49323      8.00      0.00  code
11:52:57 PM  1000     49375      1.00      0.00  code
11:52:57 PM  1000     49758     57.00      6.00  Isolated Web Co
11:52:57 PM     0     53079      1.00      0.00  kworker/u33:1-rtw89_tx_wq
11:52:57 PM     0     53138      1.00      0.00  kworker/u32:2-gfx_low
11:52:57 PM     0     56192     51.00      0.00  kworker/u32:4-gfx_low
11:52:57 PM     0     57023      1.00      0.00  kworker/u33:2-rtw89_tx_wq
11:52:57 PM  1000     57252      1.00      0.00  mpstat
11:52:57 PM  1000     57253      2.00      0.00  vmstat
11:52:57 PM  1000     57254      1.00      4.00  pidstat

11:52:57 PM   UID       PID    %usr %system  %guest   %wait    %CPU   CPU  Command
11:52:58 PM  1000      1497    1.00    0.00    0.00    0.00    1.00    12  pipewire
11:52:58 PM  1000      1908    1.00    1.00    0.00    0.00    2.00     8  cinnamon
11:52:58 PM  1000      2263   12.00   16.00    0.00    0.00   28.00    15  firefox-bin
11:52:58 PM  1000      2402    1.00    0.00    0.00    0.00    1.00     8  Privileged Cont
11:52:58 PM  1000      2470    1.00    0.00    0.00    0.00    1.00     5  WebExtensions
11:52:58 PM  1000      2570    1.00    0.00    0.00    0.00    1.00     4  Isolated Web Co
11:52:58 PM  1000      2963    4.00    1.00    0.00    0.00    5.00     6  Isolated Web Co
11:52:58 PM  1000     49179    0.00    1.00    0.00    0.00    1.00    14  code
11:52:58 PM  1000     49758    3.00    0.00    0.00    0.00    3.00    15  Isolated Web Co
11:52:58 PM  1000     57254    0.00    2.00    0.00    0.00    2.00    15  pidstat
11:52:58 PM  1000     57255  200.00    0.00    0.00    0.00  200.00    15  sysbench

11:52:57 PM   UID       PID  minflt/s  majflt/s     VSZ     RSS   %MEM  Command
11:52:58 PM  1000      2263    443.00      0.00 12393576  742504   4.71  firefox-bin
11:52:58 PM  1000      2470      1.00      0.00 2501044  133728   0.85  WebExtensions
11:52:58 PM  1000      2570     40.00      0.00 7944352  996700   6.33  Isolated Web Co
11:52:58 PM  1000      2963    821.00      0.00 11694672  774796   4.92  Isolated Web Co
11:52:58 PM  1000      4589      1.00      0.00 2907080  303080   1.92  Isolated Web Co
11:52:58 PM  1000      5469      1.00      0.00 2549176  142920   0.91  Isolated Web Co
11:52:58 PM  1000     35005      2.00      0.00 34324576  364032   2.31  chrome
11:52:58 PM  1000     49179      0.00      0.00 34564660  178232   1.13  code
11:52:58 PM  1000     49183      5.00      0.00 33880256   74520   0.47  code
11:52:58 PM  1000     49237     19.00      0.00 1480181952  384688   2.44  code
11:52:58 PM  1000     49279     27.00      0.00 1461308524  115644   0.73  code
11:52:58 PM  1000     49322      1.00      0.00 1461299592  113148   0.72  code
11:52:58 PM  1000     49323      2.00      0.00 1461316600  106992   0.68  code
11:52:58 PM  1000     49758    171.00      0.00 3265844  551736   3.50  Isolated Web Co

11:52:57 PM   UID       PID   cswch/s nvcswch/s  Command
11:52:58 PM     0        17    130.00      1.00  rcu_preempt
11:52:58 PM     0        29     36.00      0.00  migration/4
11:52:58 PM     0        35     10.00      0.00  migration/6
11:52:58 PM     0        41      6.00      0.00  migration/8
11:52:58 PM     0        47      7.00      0.00  migration/10
11:52:58 PM     0        53      4.00      0.00  migration/12
11:52:58 PM     0        59      4.00      0.00  migration/14
11:52:58 PM     0        95      1.00      0.00  migration/11
11:52:58 PM     0       107      1.00      0.00  migration/15
11:52:58 PM     0       119      2.00      0.00  kcompactd0
11:52:58 PM     0       135      6.00      0.00  kworker/14:1H-kblockd
11:52:58 PM     0       150      1.00      0.00  kworker/7:1-mm_percpu_wq
11:52:58 PM     0       153      1.00      0.00  kworker/11:1-mm_percpu_wq
11:52:58 PM     0       255      1.00      0.00  kworker/10:1H-kblockd
11:52:58 PM     0       367      9.00      0.00  jbd2/nvme0n1p7-8
11:52:58 PM   110       774     20.00      0.00  avahi-daemon
11:52:58 PM     0       822      5.00      0.00  touchegg
11:52:58 PM     0       884    118.00      0.00  irq/84-rtw89_pci
11:52:58 PM     0       914     23.00      0.00  NetworkManager
11:52:58 PM     0      1242     82.00      1.00  Xorg
11:52:58 PM  1000      1501    189.00     33.00  pipewire-pulse
11:52:58 PM  1000      1908     81.00      2.00  cinnamon
11:52:58 PM  1000      2104     10.00      0.00  blueman-tray
11:52:58 PM  1000      2263     44.00      4.00  firefox-bin
11:52:58 PM  1000      2402     71.00      2.00  Privileged Cont
11:52:58 PM  1000      2470      8.00      0.00  WebExtensions
11:52:58 PM  1000      2570      3.00      0.00  Isolated Web Co
11:52:58 PM  1000      2836      1.00      0.00  Isolated Web Co
11:52:58 PM  1000      2963    155.00      5.00  Isolated Web Co
11:52:58 PM  1000      3003      5.00      0.00  Isolated Web Co
11:52:58 PM  1000      4259      1.00      0.00  Isolated Web Co
11:52:58 PM  1000      4311      1.00      0.00  Isolated Web Co
11:52:58 PM  1000      4436      1.00      0.00  Isolated Web Co
11:52:58 PM  1000      4439      1.00      0.00  Isolated Web Co
11:52:58 PM  1000      4446      1.00      0.00  Isolated Web Co
11:52:58 PM  1000      4536      2.00      1.00  Isolated Web Co
11:52:58 PM  1000      4589      2.00      0.00  Isolated Web Co
11:52:58 PM  1000      4605      1.00      0.00  Isolated Web Co
11:52:58 PM  1000      4626      1.00      0.00  Isolated Web Co
11:52:58 PM  1000      4637      1.00      0.00  Isolated Web Co
11:52:58 PM  1000      4650      1.00      0.00  Isolated Web Co
11:52:58 PM  1000      4764      1.00      0.00  Isolated Web Co
11:52:58 PM  1000      4803      1.00      0.00  Isolated Web Co
11:52:58 PM  1000      4809      1.00      0.00  Isolated Web Co
11:52:58 PM  1000      4869      1.00      0.00  Isolated Web Co
11:52:58 PM  1000      4904      1.00      0.00  Isolated Web Co
11:52:58 PM  1000      4907      1.00      0.00  Isolated Web Co
11:52:58 PM  1000      4914      1.00      0.00  Isolated Web Co
11:52:58 PM  1000      5011      1.00      0.00  Isolated Web Co
11:52:58 PM  1000      5014      1.00      0.00  Isolated Web Co
11:52:58 PM  1000      5113      1.00      0.00  Isolated Web Co
11:52:58 PM  1000      5165      1.00      0.00  Isolated Web Co
11:52:58 PM  1000      5180      1.00      0.00  Isolated Web Co
11:52:58 PM  1000      5220      1.00      0.00  Isolated Web Co
11:52:58 PM  1000      5273      1.00      0.00  Isolated Web Co
11:52:58 PM  1000      5469      2.00      0.00  Isolated Web Co
11:52:58 PM  1000      5546      1.00      0.00  Isolated Web Co
11:52:58 PM  1000      5549      2.00      0.00  Isolated Web Co
11:52:58 PM  1000      5646      1.00      0.00  Isolated Web Co
11:52:58 PM  1000      5704      1.00      0.00  Isolated Web Co
11:52:58 PM     0     22875      1.00      0.00  kworker/5:1-mm_percpu_wq
11:52:58 PM     0     27141      1.00      0.00  kworker/12:0-mm_percpu_wq
11:52:58 PM     0     30134      1.00      0.00  kworker/6:0-mm_percpu_wq
11:52:58 PM  1000     32073      1.00      0.00  Isolated Web Co
11:52:58 PM  1000     32126      1.00      0.00  Isolated Web Co
11:52:58 PM  1000     32169      1.00      0.00  Isolated Web Co
11:52:58 PM  1000     35005      2.00      0.00  chrome
11:52:58 PM  1000     35280      1.00      0.00  chrome
11:52:58 PM  1000     35925      1.00      0.00  chrome
11:52:58 PM     0     39852      2.00      0.00  kworker/3:1-events
11:52:58 PM     0     43987      3.00      0.00  kworker/13:0-events
11:52:58 PM     0     44114      2.00      0.00  kworker/14:3-events
11:52:58 PM     0     45130      3.00      0.00  kworker/2:5-events
11:52:58 PM     0     45146      1.00      0.00  kworker/8:2-mm_percpu_wq
11:52:58 PM     0     45732      4.00      0.00  kworker/10:0-events
11:52:58 PM     0     46066      1.00      0.00  kworker/15:0-mm_percpu_wq
11:52:58 PM     0     48072    114.00      0.00  kworker/u32:3-events_unbound
11:52:58 PM     0     48837      3.00      0.00  kworker/1:1-events
11:52:58 PM     0     48949      2.00      0.00  kworker/0:2-events
11:52:58 PM     0     49030      2.00      0.00  kworker/4:3-ipv6_addrconf
11:52:58 PM  1000     49179      1.00      0.00  code
11:52:58 PM  1000     49237      6.00      0.00  code
11:52:58 PM  1000     49279      7.00      0.00  code
11:52:58 PM  1000     49295      2.00      0.00  code
11:52:58 PM  1000     49322      1.00      0.00  code
11:52:58 PM  1000     49323     13.00      0.00  code
11:52:58 PM  1000     49758     23.00      4.00  Isolated Web Co
11:52:58 PM     0     53079      4.00      0.00  kworker/u33:1-rtw89_tx_wq
11:52:58 PM     0     56192     14.00      0.00  kworker/u32:4-gfx_low
11:52:58 PM     0     57023      1.00      0.00  kworker/u33:2-rtw89_tx_wq
11:52:58 PM  1000     57252      1.00      0.00  mpstat
11:52:58 PM  1000     57253      1.00      0.00  vmstat
11:52:58 PM  1000     57254      1.00      2.00  pidstat

11:52:58 PM   UID       PID    %usr %system  %guest   %wait    %CPU   CPU  Command
11:52:59 PM   110       774    0.00    1.00    0.00    0.00    1.00    14  avahi-daemon
11:52:59 PM     0       884    0.00    1.00    0.00    0.00    1.00    11  irq/84-rtw89_pci
11:52:59 PM     0      1242    1.00    1.00    0.00    0.00    2.00     6  Xorg
11:52:59 PM  1000      1501    0.00    1.00    0.00    0.00    1.00    10  pipewire-pulse
11:52:59 PM  1000      1908    2.00    0.00    0.00    0.00    2.00     8  cinnamon
11:52:59 PM  1000      2263   24.00   33.00    0.00    0.00   57.00    10  firefox-bin
11:52:59 PM  1000      2352    1.00    0.00    0.00    0.00    1.00     6  Socket Process
11:52:59 PM  1000      2402    0.00    1.00    0.00    0.00    1.00     5  Privileged Cont
11:52:59 PM  1000      2963    3.00    1.00    0.00    0.00    4.00    14  Isolated Web Co
11:52:59 PM  1000      4536    1.00    1.00    0.00    0.00    2.00    15  Isolated Web Co
11:52:59 PM  1000      4626    1.00    0.00    0.00    0.00    1.00     8  Isolated Web Co
11:52:59 PM  1000      4764    1.00    0.00    0.00    0.00    1.00    15  Isolated Web Co
11:52:59 PM     0     48072    0.00    1.00    0.00    0.00    1.00    14  kworker/u32:3-events_power_efficient
11:52:59 PM  1000     49758    3.00    0.00    0.00    0.00    3.00    15  Isolated Web Co
11:52:59 PM  1000     57254    0.00    2.00    0.00    0.00    2.00    12  pidstat
11:52:59 PM  1000     57255  200.00    0.00    0.00    0.00  200.00    15  sysbench

11:52:58 PM   UID       PID  minflt/s  majflt/s     VSZ     RSS   %MEM  Command
11:52:59 PM  1000      1908      3.00      0.00 5279180  262100   1.66  cinnamon
11:52:59 PM  1000      2263    357.00      0.00 12393576  742488   4.71  firefox-bin
11:52:59 PM  1000      2470      3.00      0.00 2501044  133728   0.85  WebExtensions
11:52:59 PM  1000      2570      5.00      0.00 7944352  993856   6.31  Isolated Web Co
11:52:59 PM  1000      4536    113.00      0.00 2674512  196776   1.25  Isolated Web Co
11:52:59 PM  1000      5113      1.00      0.00 2581424  154016   0.98  Isolated Web Co
11:52:59 PM  1000     35005      9.00      0.00 34324576  364032   2.31  chrome
11:52:59 PM  1000     35050     90.00      0.00 34734236  274280   1.74  chrome
11:52:59 PM  1000     35051     14.00      0.00 34064912  131292   0.83  chrome
11:52:59 PM  1000     49115      5.00      0.00 1461531824  191396   1.21  code
11:52:59 PM  1000     49237     27.00      0.00 1480181952  384816   2.44  code
11:52:59 PM  1000     49279     17.00      0.00 1461308524  115644   0.73  code
11:52:59 PM  1000     49295     12.00      0.00 1461300524  156164   0.99  code
11:52:59 PM  1000     49322      6.00      0.00 1461299592  113148   0.72  code
11:52:59 PM  1000     49323      1.00      0.00 1461316600  106992   0.68  code
11:52:59 PM  1000     49758     28.00      0.00 3265844  551864   3.50  Isolated Web Co

11:52:58 PM   UID       PID   cswch/s nvcswch/s  Command
11:52:59 PM     0        17    148.00      0.00  rcu_preempt
11:52:59 PM     0        18      1.00      0.00  migration/0
11:52:59 PM     0        29      3.00      0.00  migration/4
11:52:59 PM     0        35      8.00      0.00  migration/6
11:52:59 PM     0        41      4.00      0.00  migration/8
11:52:59 PM     0        47      8.00      0.00  migration/10
11:52:59 PM     0        77      2.00      0.00  migration/5
11:52:59 PM     0        83      1.00      0.00  migration/7
11:52:59 PM     0        95      1.00      0.00  migration/11
11:52:59 PM     0       119      2.00      0.00  kcompactd0
11:52:59 PM     0       150      1.00      0.00  kworker/7:1-mm_percpu_wq
11:52:59 PM     0       153      9.00      0.00  kworker/11:1-mld
11:52:59 PM   110       774     15.00      0.00  avahi-daemon
11:52:59 PM     0       822      6.00      0.00  touchegg
11:52:59 PM     0       884    156.00      0.00  irq/84-rtw89_pci
11:52:59 PM     0       914     30.00      0.00  NetworkManager
11:52:59 PM     0      1242     97.00      1.00  Xorg
11:52:59 PM  1000      1501    188.00      0.00  pipewire-pulse
11:52:59 PM  1000      1908     96.00      2.00  cinnamon
11:52:59 PM  1000      2104     10.00      0.00  blueman-tray
11:52:59 PM  1000      2263     58.00      0.00  firefox-bin
11:52:59 PM  1000      2352      1.00      0.00  Socket Process
11:52:59 PM  1000      2402     70.00      1.00  Privileged Cont
11:52:59 PM  1000      2470      9.00      0.00  WebExtensions
11:52:59 PM  1000      2570     11.00      0.00  Isolated Web Co
11:52:59 PM  1000      2836      1.00      0.00  Isolated Web Co
11:52:59 PM  1000      2963    147.00      4.00  Isolated Web Co
11:52:59 PM  1000      3003      2.00      1.00  Isolated Web Co
11:52:59 PM  1000      4259      1.00      0.00  Isolated Web Co
11:52:59 PM  1000      4311      1.00      0.00  Isolated Web Co
11:52:59 PM  1000      4436      1.00      0.00  Isolated Web Co
11:52:59 PM  1000      4439      1.00      0.00  Isolated Web Co
11:52:59 PM  1000      4446      1.00      0.00  Isolated Web Co
11:52:59 PM  1000      4536      4.00      0.00  Isolated Web Co
11:52:59 PM  1000      4589      2.00      0.00  Isolated Web Co
11:52:59 PM  1000      4605      1.00      0.00  Isolated Web Co
11:52:59 PM  1000      4626      1.00      0.00  Isolated Web Co
11:52:59 PM  1000      4637      4.00      0.00  Isolated Web Co
11:52:59 PM  1000      4650      1.00      0.00  Isolated Web Co
11:52:59 PM  1000      4764      1.00      0.00  Isolated Web Co
11:52:59 PM  1000      4803      1.00      0.00  Isolated Web Co
11:52:59 PM  1000      4809      1.00      0.00  Isolated Web Co
11:52:59 PM  1000      4869      1.00      1.00  Isolated Web Co
11:52:59 PM  1000      4904      1.00      0.00  Isolated Web Co
11:52:59 PM  1000      4907      1.00      0.00  Isolated Web Co
11:52:59 PM  1000      4914      1.00      0.00  Isolated Web Co
11:52:59 PM  1000      5011      1.00      0.00  Isolated Web Co
11:52:59 PM  1000      5014      1.00      0.00  Isolated Web Co
11:52:59 PM  1000      5113      1.00      0.00  Isolated Web Co
11:52:59 PM  1000      5165      1.00      0.00  Isolated Web Co
11:52:59 PM  1000      5180      1.00      0.00  Isolated Web Co
11:52:59 PM  1000      5220      1.00      0.00  Isolated Web Co
11:52:59 PM  1000      5273      1.00      0.00  Isolated Web Co
11:52:59 PM  1000      5469      1.00      0.00  Isolated Web Co
11:52:59 PM  1000      5546      1.00      0.00  Isolated Web Co
11:52:59 PM  1000      5549      2.00      0.00  Isolated Web Co
11:52:59 PM  1000      5646      1.00      0.00  Isolated Web Co
11:52:59 PM  1000      5704      1.00      0.00  Isolated Web Co
11:52:59 PM     0     22875      3.00      0.00  kworker/5:1-events
11:52:59 PM     0     27141      1.00      0.00  kworker/12:0-mm_percpu_wq
11:52:59 PM     0     30134      1.00      0.00  kworker/6:0-mm_percpu_wq
11:52:59 PM  1000     32073      1.00      0.00  Isolated Web Co
11:52:59 PM  1000     32126      1.00      0.00  Isolated Web Co
11:52:59 PM  1000     32169      1.00      0.00  Isolated Web Co
11:52:59 PM  1000     35005      6.00      0.00  chrome
11:52:59 PM  1000     35050      1.00      0.00  chrome
11:52:59 PM  1000     35051      1.00      0.00  chrome
11:52:59 PM  1000     35280      1.00      0.00  chrome
11:52:59 PM     0     39852      2.00      0.00  kworker/3:1-mm_percpu_wq
11:52:59 PM     0     43987      1.00      0.00  kworker/13:0-mm_percpu_wq
11:52:59 PM     0     44114      1.00      0.00  kworker/14:3-mm_percpu_wq
11:52:59 PM     0     45146      2.00      0.00  kworker/8:2-events
11:52:59 PM     0     45732      6.00      0.00  kworker/10:0-events
11:52:59 PM     0     46066      1.00      0.00  kworker/15:0-mm_percpu_wq
11:52:59 PM     0     48072    114.00      2.00  kworker/u32:3-events_power_efficient
11:52:59 PM     0     48837      2.00      0.00  kworker/1:1-mm_percpu_wq
11:52:59 PM     0     48949      3.00      0.00  kworker/0:2-events
11:52:59 PM     0     49030      1.00      0.00  kworker/4:3-mm_percpu_wq
11:52:59 PM  1000     49115      1.00      0.00  code
11:52:59 PM  1000     49237      5.00      2.00  code
11:52:59 PM  1000     49279     12.00      1.00  code
11:52:59 PM  1000     49295      3.00      0.00  code
11:52:59 PM  1000     49322      1.00      0.00  code
11:52:59 PM  1000     49323      9.00      0.00  code
11:52:59 PM  1000     49758     29.00      2.00  Isolated Web Co
11:52:59 PM     0     53079      2.00      0.00  kworker/u33:1-rtw89_tx_wq
11:52:59 PM     0     56192     24.00      0.00  kworker/u32:4-gfx_low
11:52:59 PM  1000     57252      1.00      0.00  mpstat
11:52:59 PM  1000     57253      1.00      0.00  vmstat
11:52:59 PM  1000     57254      1.00      5.00  pidstat

11:52:59 PM   UID       PID    %usr %system  %guest   %wait    %CPU   CPU  Command
11:53:00 PM   110       774    1.00    0.00    0.00    0.00    1.00    14  avahi-daemon
11:53:00 PM     0       914    1.00    0.00    0.00    0.00    1.00     4  NetworkManager
11:53:00 PM  1000      1908    3.00    1.00    0.00    0.00    4.00     5  cinnamon
11:53:00 PM  1000      2263    5.00    3.00    0.00    0.00    8.00    12  firefox-bin
11:53:00 PM  1000      2402    1.00    0.00    0.00    0.00    1.00     4  Privileged Cont
11:53:00 PM  1000      2839    1.00    0.00    0.00    0.00    1.00    12  Isolated Servic
11:53:00 PM  1000      2963    2.00    1.00    0.00    0.00    3.00    14  Isolated Web Co
11:53:00 PM  1000      3003    1.00    0.00    0.00    0.00    1.00    14  Isolated Web Co
11:53:00 PM  1000      4589    1.00    0.00    0.00    0.00    1.00     4  Isolated Web Co
11:53:00 PM  1000     49183    1.00    0.00    0.00    0.00    1.00     5  code
11:53:00 PM  1000     49237    0.00    1.00    0.00    0.00    1.00     4  code
11:53:00 PM  1000     49323    1.00    0.00    0.00    0.00    1.00    14  code
11:53:00 PM  1000     49758    5.00    1.00    0.00    0.00    6.00    15  Isolated Web Co
11:53:00 PM  1000     57254    0.00    1.00    0.00    0.00    1.00    15  pidstat
11:53:00 PM  1000     57255  200.00    0.00    0.00    0.00  200.00    15  sysbench

11:52:59 PM   UID       PID  minflt/s  majflt/s     VSZ     RSS   %MEM  Command
11:53:00 PM  1000      1908      2.00      0.00 5279180  262100   1.66  cinnamon
11:53:00 PM  1000      2263      4.00      0.00 12393576  742488   4.71  firefox-bin
11:53:00 PM  1000      2402      1.00      0.00 2723484  245232   1.56  Privileged Cont
11:53:00 PM  1000      2470      5.00      0.00 2501044  133728   0.85  WebExtensions
11:53:00 PM  1000      2839     11.00      0.00 2460080   78008   0.50  Isolated Servic
11:53:00 PM  1000      2963      2.00      0.00 11694672  774796   4.92  Isolated Web Co
11:53:00 PM  1000      3003      3.00      0.00 2799964  313560   1.99  Isolated Web Co
11:53:00 PM  1000      4311      0.00      0.00 2481056  108092   0.69  Isolated Web Co
11:53:00 PM  1000      5113      1.00      0.00 2581424  154016   0.98  Isolated Web Co
11:53:00 PM  1000     35005    127.00      0.00 34324576  364032   2.31  chrome
11:53:00 PM  1000     49115      8.00      0.00 1461531824  191396   1.21  code
11:53:00 PM  1000     49237     27.00      0.00 1480181952  384816   2.44  code
11:53:00 PM  1000     49279     23.00      0.00 1461308524  115644   0.73  code
11:53:00 PM  1000     49295      2.00      0.00 1461300524  156164   0.99  code
11:53:00 PM  1000     49323     10.00      0.00 1461316600  106992   0.68  code
11:53:00 PM  1000     49758     99.00      0.00 3265844  552376   3.51  Isolated Web Co
11:53:00 PM  1000     50048      2.00      0.00 1283801512   62420   0.40  chrome

11:52:59 PM   UID       PID   cswch/s nvcswch/s  Command
11:53:00 PM     0        17    110.00      1.00  rcu_preempt
11:53:00 PM     0        29     23.00      0.00  migration/4
11:53:00 PM     0        35     17.00      0.00  migration/6
11:53:00 PM     0        41      9.00      0.00  migration/8
11:53:00 PM     0        47     14.00      0.00  migration/10
11:53:00 PM     0        53      2.00      0.00  migration/12
11:53:00 PM     0        59      9.00      0.00  migration/14
11:53:00 PM     0        77      2.00      0.00  migration/5
11:53:00 PM     0        83      1.00      0.00  migration/7
11:53:00 PM     0        89      4.00      0.00  migration/9
11:53:00 PM     0        95      6.00      0.00  migration/11
11:53:00 PM     0       107      3.00      0.00  migration/15
11:53:00 PM     0       119      2.00      0.00  kcompactd0
11:53:00 PM     0       150      1.00      0.00  kworker/7:1-mm_percpu_wq
11:53:00 PM     0       153      1.00      0.00  kworker/11:1-mm_percpu_wq
11:53:00 PM   110       774     28.00      1.00  avahi-daemon
11:53:00 PM     0       822     10.00      0.00  touchegg
11:53:00 PM     0       884    101.00      0.00  irq/84-rtw89_pci
11:53:00 PM     0       914     20.00      0.00  NetworkManager
11:53:00 PM     0      1242    140.00      2.00  Xorg
11:53:00 PM  1000      1501    190.00     22.00  pipewire-pulse
11:53:00 PM  1000      1908    136.00      4.00  cinnamon
11:53:00 PM  1000      2104     10.00      0.00  blueman-tray
11:53:00 PM  1000      2263     66.00      5.00  firefox-bin
11:53:00 PM  1000      2352      1.00      0.00  Socket Process
11:53:00 PM  1000      2402     71.00      1.00  Privileged Cont
11:53:00 PM  1000      2470      8.00      0.00  WebExtensions
11:53:00 PM  1000      2570      5.00      2.00  Isolated Web Co
11:53:00 PM  1000      2836      3.00      1.00  Isolated Web Co
11:53:00 PM  1000      2839     28.00      0.00  Isolated Servic
11:53:00 PM  1000      2963    153.00      5.00  Isolated Web Co
11:53:00 PM  1000      3003      4.00      0.00  Isolated Web Co
11:53:00 PM  1000      4259      1.00      0.00  Isolated Web Co
11:53:00 PM  1000      4311      4.00      0.00  Isolated Web Co
11:53:00 PM  1000      4436      1.00      0.00  Isolated Web Co
11:53:00 PM  1000      4439      1.00      0.00  Isolated Web Co
11:53:00 PM  1000      4446      1.00      0.00  Isolated Web Co
11:53:00 PM  1000      4536      1.00      0.00  Isolated Web Co
11:53:00 PM  1000      4589      2.00      1.00  Isolated Web Co
11:53:00 PM  1000      4605      1.00      0.00  Isolated Web Co
11:53:00 PM  1000      4626      1.00      0.00  Isolated Web Co
11:53:00 PM  1000      4637      1.00      0.00  Isolated Web Co
11:53:00 PM  1000      4650      1.00      0.00  Isolated Web Co
11:53:00 PM  1000      4764      1.00      0.00  Isolated Web Co
11:53:00 PM  1000      4803      1.00      0.00  Isolated Web Co
11:53:00 PM  1000      4809      1.00      0.00  Isolated Web Co
11:53:00 PM  1000      4869      1.00      0.00  Isolated Web Co
11:53:00 PM  1000      4904      1.00      0.00  Isolated Web Co
11:53:00 PM  1000      4907      1.00      0.00  Isolated Web Co
11:53:00 PM  1000      4914      1.00      0.00  Isolated Web Co
11:53:00 PM  1000      5011      1.00      0.00  Isolated Web Co
11:53:00 PM  1000      5014      4.00      0.00  Isolated Web Co
11:53:00 PM  1000      5113      1.00      1.00  Isolated Web Co
11:53:00 PM  1000      5165      1.00      0.00  Isolated Web Co
11:53:00 PM  1000      5180      1.00      0.00  Isolated Web Co
11:53:00 PM  1000      5220      1.00      0.00  Isolated Web Co
11:53:00 PM  1000      5273      1.00      0.00  Isolated Web Co
11:53:00 PM  1000      5469      1.00      0.00  Isolated Web Co
11:53:00 PM  1000      5546      1.00      0.00  Isolated Web Co
11:53:00 PM  1000      5549      2.00      0.00  Isolated Web Co
11:53:00 PM  1000      5646      1.00      0.00  Isolated Web Co
11:53:00 PM  1000      5704      1.00      0.00  Isolated Web Co
11:53:00 PM     0     22875      1.00      0.00  kworker/5:1-mm_percpu_wq
11:53:00 PM     0     27141      2.00      0.00  kworker/12:0-events
11:53:00 PM     0     30134      2.00      0.00  kworker/6:0-events
11:53:00 PM  1000     32073      4.00      0.00  Isolated Web Co
11:53:00 PM  1000     32126      1.00      0.00  Isolated Web Co
11:53:00 PM  1000     32169      4.00      1.00  Isolated Web Co
11:53:00 PM  1000     35005      3.00      0.00  chrome
11:53:00 PM  1000     35280      1.00      0.00  chrome
11:53:00 PM  1000     35925      1.00      0.00  chrome
11:53:00 PM     0     39852      4.00      0.00  kworker/3:1-events
11:53:00 PM     0     43987      3.00      0.00  kworker/13:0-events
11:53:00 PM     0     44016      1.00      0.00  kworker/9:4-mm_percpu_wq
11:53:00 PM     0     44114      1.00      0.00  kworker/14:3-mm_percpu_wq
11:53:00 PM     0     45130      3.00      0.00  kworker/2:5-events
11:53:00 PM     0     45146      1.00      0.00  kworker/8:2-mm_percpu_wq
11:53:00 PM     0     45732     11.00      0.00  kworker/10:0-events
11:53:00 PM     0     46066      1.00      0.00  kworker/15:0-mm_percpu_wq
11:53:00 PM     0     48072     36.00      0.00  kworker/u32:3+flush-259:0
11:53:00 PM     0     48837      5.00      0.00  kworker/1:1-events
11:53:00 PM     0     48949      4.00      0.00  kworker/0:2-events
11:53:00 PM     0     49030      1.00      0.00  kworker/4:3-mm_percpu_wq
11:53:00 PM  1000     49115      4.00      0.00  code
11:53:00 PM  1000     49179      1.00      0.00  code
11:53:00 PM  1000     49183      1.00      0.00  code
11:53:00 PM  1000     49237      6.00      0.00  code
11:53:00 PM  1000     49279     10.00      0.00  code
11:53:00 PM  1000     49295      2.00      0.00  code
11:53:00 PM  1000     49323     10.00      0.00  code
11:53:00 PM  1000     49375      1.00      0.00  code
11:53:00 PM  1000     49758     46.00     10.00  Isolated Web Co
11:53:00 PM  1000     50048      1.00      0.00  chrome
11:53:00 PM     0     56192    151.00      1.00  kworker/u32:4-events_unbound
11:53:00 PM  1000     57252      1.00      1.00  mpstat
11:53:00 PM  1000     57253      1.00      0.00  vmstat
11:53:00 PM  1000     57254      1.00      1.00  pidstat

11:53:00 PM   UID       PID    %usr %system  %guest   %wait    %CPU   CPU  Command
11:53:01 PM     0       107    0.00    1.00    0.00    0.00    1.00    15  migration/15
11:53:01 PM     0      1242    1.00    1.00    0.00    0.00    2.00     4  Xorg
11:53:01 PM  1000      1497    0.00    1.00    0.00    0.00    1.00    12  pipewire
11:53:01 PM  1000      1501    1.00    1.00    0.00    0.00    2.00    14  pipewire-pulse
11:53:01 PM  1000      1908    1.00    0.00    0.00    0.00    1.00    15  cinnamon
11:53:01 PM  1000      2263    3.00    2.00    0.00    0.00    5.00    14  firefox-bin
11:53:01 PM  1000      2570    1.00    0.00    0.00    0.00    1.00    12  Isolated Web Co
11:53:01 PM  1000      2836    1.00    0.00    0.00    0.00    1.00    14  Isolated Web Co
11:53:01 PM  1000      2963    2.00    1.00    0.00    0.00    3.00    14  Isolated Web Co
11:53:01 PM  1000      3003    1.00    2.00    0.00    0.00    3.00    14  Isolated Web Co
11:53:01 PM  1000      4637    1.00    0.00    0.00    0.00    1.00    14  Isolated Web Co
11:53:01 PM  1000      4650    0.00    1.00    0.00    0.00    1.00     8  Isolated Web Co
11:53:01 PM  1000      5469    1.00    0.00    0.00    0.00    1.00     6  Isolated Web Co
11:53:01 PM  1000     49279    1.00    0.00    0.00    0.00    1.00     6  code
11:53:01 PM  1000     49758    7.00    0.00    0.00    0.00    7.00     4  Isolated Web Co
11:53:01 PM     0     56192    0.00    1.00    0.00    0.00    1.00    14  kworker/u32:4-events_unbound
11:53:01 PM  1000     57254    0.00    2.00    0.00    0.00    2.00    12  pidstat
11:53:01 PM  1000     57255  199.00    0.00    0.00    0.00  199.00    15  sysbench

11:53:00 PM   UID       PID  minflt/s  majflt/s     VSZ     RSS   %MEM  Command
11:53:01 PM  1000      2263     17.00      0.00 12393576  742488   4.71  firefox-bin
11:53:01 PM  1000      2470      1.00      0.00 2501044  133728   0.85  WebExtensions
11:53:01 PM  1000      2570      1.00      0.00 7944352  993856   6.31  Isolated Web Co
11:53:01 PM  1000      2963      1.00      0.00 11694672  774796   4.92  Isolated Web Co
11:53:01 PM  1000      3003    256.00      0.00 2799980  313588   1.99  Isolated Web Co
11:53:01 PM  1000      4259      1.00      0.00 2779296  199140   1.26  Isolated Web Co
11:53:01 PM  1000      4436      1.00      0.00 2485164  110552   0.70  Isolated Web Co
11:53:01 PM  1000      4536      2.00      0.00 2674512  196776   1.25  Isolated Web Co
11:53:01 PM  1000      4650      4.00      0.00 2570420  149848   0.95  Isolated Web Co
11:53:01 PM  1000      4764      1.00      0.00 2569004  146432   0.93  Isolated Web Co
11:53:01 PM  1000      4907      1.00      0.00 2503860  122936   0.78  Isolated Web Co
11:53:01 PM  1000      5469      1.00      0.00 2549176  142920   0.91  Isolated Web Co
11:53:01 PM  1000     32126      2.00      0.00 2463144  109084   0.69  Isolated Web Co
11:53:01 PM  1000     35067      4.00      0.00 34291624   59576   0.38  chrome
11:53:01 PM  1000     35618      1.00      0.00 34035280   85752   0.54  chrome
11:53:01 PM  1000     49179      6.00      0.00 34564660  177764   1.13  code
11:53:01 PM  1000     49237     27.00      0.00 1480181952  385072   2.44  code
11:53:01 PM  1000     49758    902.00      0.00 3265844  553068   3.51  Isolated Web Co
11:53:01 PM  1000     49793      0.00      0.00 2428608   51268   0.33  Web Content

11:53:00 PM   UID       PID   cswch/s nvcswch/s  Command
11:53:01 PM     0        16      1.00      0.00  ksoftirqd/0
11:53:01 PM     0        17    116.00      0.00  rcu_preempt
11:53:01 PM     0        18      1.00      0.00  migration/0
11:53:01 PM     0        23      1.00      0.00  migration/2
11:53:01 PM     0        29     75.00      0.00  migration/4
11:53:01 PM     0        35     17.00      0.00  migration/6
11:53:01 PM     0        41      9.00      0.00  migration/8
11:53:01 PM     0        47      3.00      0.00  migration/10
11:53:01 PM     0        53      3.00      0.00  migration/12
11:53:01 PM     0        59      4.00      0.00  migration/14
11:53:01 PM     0        65      1.00      0.00  migration/1
11:53:01 PM     0        71      1.00      0.00  migration/3
11:53:01 PM     0        77      6.00      0.00  migration/5
11:53:01 PM     0        83      1.00      0.00  migration/7
11:53:01 PM     0        89      3.00      0.00  migration/9
11:53:01 PM     0        95      3.00      0.00  migration/11
11:53:01 PM     0       101      2.00      0.00  migration/13
11:53:01 PM     0       107      2.00      0.00  migration/15
11:53:01 PM     0       119      2.00      0.00  kcompactd0
11:53:01 PM     0       150      1.00      0.00  kworker/7:1-mm_percpu_wq
11:53:01 PM     0       153      4.00      0.00  kworker/11:1-events
11:53:01 PM     0       224      3.00      0.00  kworker/9:1H-kblockd
11:53:01 PM   110       774     37.00      0.00  avahi-daemon
11:53:01 PM     0       777      1.00      0.00  cron
11:53:01 PM     0       783      1.00      1.00  irqbalance
11:53:01 PM     0       822      6.00      0.00  touchegg
11:53:01 PM     0       884    115.00      0.00  irq/84-rtw89_pci
11:53:01 PM     0       914     23.00      0.00  NetworkManager
11:53:01 PM     0      1242    104.00      1.00  Xorg
11:53:01 PM  1000      1501    188.00     73.00  pipewire-pulse
11:53:01 PM  1000      1781      1.00      2.00  csd-housekeepin
11:53:01 PM  1000      1908    100.00      2.00  cinnamon
11:53:01 PM  1000      2104     10.00      0.00  blueman-tray
11:53:01 PM  1000      2263     56.00      0.00  firefox-bin
11:53:01 PM  1000      2402     70.00      1.00  Privileged Cont
11:53:01 PM  1000      2470     11.00      2.00  WebExtensions
11:53:01 PM  1000      2570      5.00      0.00  Isolated Web Co
11:53:01 PM  1000      2836      1.00      0.00  Isolated Web Co
11:53:01 PM  1000      2963    153.00      1.00  Isolated Web Co
11:53:01 PM  1000      3003      4.00      0.00  Isolated Web Co
11:53:01 PM  1000      4259      2.00      0.00  Isolated Web Co
11:53:01 PM  1000      4311      1.00      0.00  Isolated Web Co
11:53:01 PM  1000      4436      1.00      0.00  Isolated Web Co
11:53:01 PM  1000      4439      4.00      0.00  Isolated Web Co
11:53:01 PM  1000      4446      1.00      0.00  Isolated Web Co
11:53:01 PM  1000      4536      2.00      2.00  Isolated Web Co
11:53:01 PM  1000      4589      2.00      0.00  Isolated Web Co
11:53:01 PM  1000      4605      1.00      0.00  Isolated Web Co
11:53:01 PM  1000      4626      1.00      0.00  Isolated Web Co
11:53:01 PM  1000      4637      1.00      0.00  Isolated Web Co
11:53:01 PM  1000      4650      1.00      0.00  Isolated Web Co
11:53:01 PM  1000      4764      2.00      0.00  Isolated Web Co
11:53:01 PM  1000      4803      1.00      0.00  Isolated Web Co
11:53:01 PM  1000      4809      4.00      0.00  Isolated Web Co
11:53:01 PM  1000      4869      1.00      0.00  Isolated Web Co
11:53:01 PM  1000      4904      1.00      0.00  Isolated Web Co
11:53:01 PM  1000      4907      1.00      0.00  Isolated Web Co
11:53:01 PM  1000      4914      1.00      0.00  Isolated Web Co
11:53:01 PM  1000      5011      1.00      0.00  Isolated Web Co
11:53:01 PM  1000      5014      1.00      0.00  Isolated Web Co
11:53:01 PM  1000      5113      1.00      0.00  Isolated Web Co
11:53:01 PM  1000      5165      1.00      0.00  Isolated Web Co
11:53:01 PM  1000      5180      1.00      0.00  Isolated Web Co
11:53:01 PM  1000      5220      1.00      0.00  Isolated Web Co
11:53:01 PM  1000      5273      1.00      0.00  Isolated Web Co
11:53:01 PM  1000      5469      1.00      0.00  Isolated Web Co
11:53:01 PM  1000      5546      1.00      0.00  Isolated Web Co
11:53:01 PM  1000      5549      2.00      0.00  Isolated Web Co
11:53:01 PM  1000      5646      1.00      0.00  Isolated Web Co
11:53:01 PM  1000      5704      1.00      0.00  Isolated Web Co
11:53:01 PM     0     22875      3.00      0.00  kworker/5:1-events
11:53:01 PM     0     27141      1.00      0.00  kworker/12:0-mm_percpu_wq
11:53:01 PM     0     30134      1.00      0.00  kworker/6:0-mm_percpu_wq
11:53:01 PM  1000     32073      1.00      0.00  Isolated Web Co
11:53:01 PM  1000     32126      1.00      0.00  Isolated Web Co
11:53:01 PM  1000     32169      1.00      0.00  Isolated Web Co
11:53:01 PM  1000     35005      2.00      0.00  chrome
11:53:01 PM  1000     35067      1.00      0.00  chrome
11:53:01 PM  1000     35280      1.00      0.00  chrome
11:53:01 PM  1000     35618      1.00      0.00  chrome
11:53:01 PM     0     39852      2.00      0.00  kworker/3:1-mm_percpu_wq
11:53:01 PM     0     43987      1.00      0.00  kworker/13:0-mm_percpu_wq
11:53:01 PM     0     44016      1.00      0.00  kworker/9:4-mm_percpu_wq
11:53:01 PM     0     44114      1.00      0.00  kworker/14:3-mm_percpu_wq
11:53:01 PM     0     45146      2.00      0.00  kworker/8:2-events
11:53:01 PM     0     45732      7.00      0.00  kworker/10:0-events
11:53:01 PM     0     46066      2.00      0.00  kworker/15:0-mm_percpu_wq
11:53:01 PM     0     48072     30.00      0.00  kworker/u32:3-gfx_low
11:53:01 PM     0     48837      4.00      0.00  kworker/1:1-events
11:53:01 PM     0     48949      4.00      0.00  kworker/0:2-events
11:53:01 PM     0     49030      1.00      0.00  kworker/4:3-mm_percpu_wq
11:53:01 PM  1000     49179      1.00      0.00  code
11:53:01 PM  1000     49237      5.00      2.00  code
11:53:01 PM  1000     49279     10.00      0.00  code
11:53:01 PM  1000     49295      2.00      0.00  code
11:53:01 PM  1000     49323     11.00      0.00  code
11:53:01 PM  1000     49375      1.00      0.00  code
11:53:01 PM  1000     49758     32.00      8.00  Isolated Web Co
11:53:01 PM  1000     49793      3.00      0.00  Web Content
11:53:01 PM     0     53079      2.00      0.00  kworker/u33:1-rtw89_tx_wq
11:53:01 PM     0     56192    125.00      2.00  kworker/u32:4-events_unbound
11:53:01 PM  1000     57252      1.00      0.00  mpstat
11:53:01 PM  1000     57253      1.00      0.00  vmstat
11:53:01 PM  1000     57254      1.00      0.00  pidstat

11:53:01 PM   UID       PID    %usr %system  %guest   %wait    %CPU   CPU  Command
11:53:02 PM     0       884    0.00    1.00    0.00    0.00    1.00    11  irq/84-rtw89_pci
11:53:02 PM  1000      1908    2.00    0.00    0.00    0.00    2.00    15  cinnamon
11:53:02 PM  1000      2263    4.00    2.00    0.00    0.00    6.00     4  firefox-bin
11:53:02 PM  1000      2402    0.00    1.00    0.00    0.00    1.00     6  Privileged Cont
11:53:02 PM  1000      2963    2.00    1.00    0.00    0.00    3.00    14  Isolated Web Co
11:53:02 PM  1000      5273    1.00    0.00    0.00    0.00    1.00     4  Isolated Web Co
11:53:02 PM  1000     49237    1.00    0.00    0.00    0.00    1.00     6  code
11:53:02 PM  1000     49323    1.00    0.00    0.00    0.00    1.00    14  code
11:53:02 PM  1000     49758    6.00    0.00    0.00    0.00    6.00     6  Isolated Web Co
11:53:02 PM  1000     57254    0.00    2.00    0.00    0.00    2.00    12  pidstat
11:53:02 PM  1000     57255  200.00    0.00    0.00    0.00  200.00    15  sysbench

11:53:01 PM   UID       PID  minflt/s  majflt/s     VSZ     RSS   %MEM  Command
11:53:02 PM  1000      2263     20.00      0.00 12393576  742488   4.71  firefox-bin
11:53:02 PM  1000      2470      5.00      0.00 2501044  133728   0.85  WebExtensions
11:53:02 PM  1000      2963      1.00      0.00 11694672  774796   4.92  Isolated Web Co
11:53:02 PM  1000      3003      4.00      0.00 2799980  313588   1.99  Isolated Web Co
11:53:02 PM  1000      4650      1.00      0.00 2570420  149848   0.95  Isolated Web Co
11:53:02 PM  1000      4764      1.00      0.00 2569004  146432   0.93  Isolated Web Co
11:53:02 PM  1000      5113      3.00      0.00 2581424  154016   0.98  Isolated Web Co
11:53:02 PM  1000      5469      1.00      0.00 2549176  142920   0.91  Isolated Web Co
11:53:02 PM  1000     49237     28.00      0.00 1480181952  385200   2.44  code
11:53:02 PM  1000     49279      2.00      0.00 1461308524  115644   0.73  code
11:53:02 PM  1000     49758    144.00      0.00 3265844  553580   3.51  Isolated Web Co

11:53:01 PM   UID       PID   cswch/s nvcswch/s  Command
11:53:02 PM     0        16      1.00      0.00  ksoftirqd/0
11:53:02 PM     0        17    104.00      0.00  rcu_preempt
11:53:02 PM     0        18      1.00      0.00  migration/0
11:53:02 PM     0        29     68.00      0.00  migration/4
11:53:02 PM     0        35     18.00      0.00  migration/6
11:53:02 PM     0        41     11.00      0.00  migration/8
11:53:02 PM     0        47      5.00      0.00  migration/10
11:53:02 PM     0        53      3.00      0.00  migration/12
11:53:02 PM     0        59      5.00      0.00  migration/14
11:53:02 PM     0        77      1.00      0.00  migration/5
11:53:02 PM     0       107      3.00      0.00  migration/15
11:53:02 PM     0       119      2.00      0.00  kcompactd0
11:53:02 PM     0       153      1.00      0.00  kworker/11:1-mm_percpu_wq
11:53:02 PM   110       774     16.00      2.00  avahi-daemon
11:53:02 PM     0       822      7.00      0.00  touchegg
11:53:02 PM     0       884    106.00      0.00  irq/84-rtw89_pci
11:53:02 PM     0       914     16.00      0.00  NetworkManager
11:53:02 PM     0      1242    101.00      1.00  Xorg
11:53:02 PM  1000      1501    190.00     75.00  pipewire-pulse
11:53:02 PM  1000      1908     98.00      5.00  cinnamon
11:53:02 PM  1000      2104     10.00      0.00  blueman-tray
11:53:02 PM  1000      2263     79.00      8.00  firefox-bin
11:53:02 PM  1000      2352      1.00      0.00  Socket Process
11:53:02 PM  1000      2402     71.00      2.00  Privileged Cont
11:53:02 PM  1000      2470      9.00      0.00  WebExtensions
11:53:02 PM  1000      2570      2.00      0.00  Isolated Web Co
11:53:02 PM  1000      2836      8.00      0.00  Isolated Web Co
11:53:02 PM  1000      2839      1.00      0.00  Isolated Servic
11:53:02 PM  1000      2963    151.00      3.00  Isolated Web Co
11:53:02 PM  1000      3003      3.00      0.00  Isolated Web Co
11:53:02 PM  1000      4259      1.00      0.00  Isolated Web Co
11:53:02 PM  1000      4311      1.00      1.00  Isolated Web Co
11:53:02 PM  1000      4436      1.00      0.00  Isolated Web Co
11:53:02 PM  1000      4439      1.00      0.00  Isolated Web Co
11:53:02 PM  1000      4446      1.00      0.00  Isolated Web Co
11:53:02 PM  1000      4536      5.00      0.00  Isolated Web Co
11:53:02 PM  1000      4589      2.00      1.00  Isolated Web Co
11:53:02 PM  1000      4605      1.00      0.00  Isolated Web Co
11:53:02 PM  1000      4626      1.00      0.00  Isolated Web Co
11:53:02 PM  1000      4637      1.00      0.00  Isolated Web Co
11:53:02 PM  1000      4650      4.00      0.00  Isolated Web Co
11:53:02 PM  1000      4764      4.00      0.00  Isolated Web Co
11:53:02 PM  1000      4803      1.00      0.00  Isolated Web Co
11:53:02 PM  1000      4809      1.00      0.00  Isolated Web Co
11:53:02 PM  1000      4869      1.00      0.00  Isolated Web Co
11:53:02 PM  1000      4904      1.00      0.00  Isolated Web Co
11:53:02 PM  1000      4907      1.00      0.00  Isolated Web Co
11:53:02 PM  1000      4914      1.00      0.00  Isolated Web Co
11:53:02 PM  1000      5011      1.00      0.00  Isolated Web Co
11:53:02 PM  1000      5014      1.00      0.00  Isolated Web Co
11:53:02 PM  1000      5113      4.00      0.00  Isolated Web Co
11:53:02 PM  1000      5165      1.00      0.00  Isolated Web Co
11:53:02 PM  1000      5180      1.00      1.00  Isolated Web Co
11:53:02 PM  1000      5220      1.00      0.00  Isolated Web Co
11:53:02 PM  1000      5273      1.00      0.00  Isolated Web Co
11:53:02 PM  1000      5469      1.00      0.00  Isolated Web Co
11:53:02 PM  1000      5546      1.00      0.00  Isolated Web Co
11:53:02 PM  1000      5549      2.00      0.00  Isolated Web Co
11:53:02 PM  1000      5646      1.00      1.00  Isolated Web Co
11:53:02 PM  1000      5704      1.00      0.00  Isolated Web Co
11:53:02 PM     0     22875      1.00      0.00  kworker/5:1-mm_percpu_wq
11:53:02 PM     0     27141      1.00      0.00  kworker/12:0-mm_percpu_wq
11:53:02 PM     0     30134      1.00      0.00  kworker/6:0-mm_percpu_wq
11:53:02 PM  1000     32073      1.00      0.00  Isolated Web Co
11:53:02 PM  1000     32126      1.00      0.00  Isolated Web Co
11:53:02 PM  1000     32169      1.00      0.00  Isolated Web Co
11:53:02 PM  1000     35005      2.00      0.00  chrome
11:53:02 PM  1000     35280      1.00      0.00  chrome
11:53:02 PM  1000     35925      1.00      0.00  chrome
11:53:02 PM     0     39852      2.00      0.00  kworker/3:1-events
11:53:02 PM     0     43987      3.00      0.00  kworker/13:0-events
11:53:02 PM     0     44114      2.00      0.00  kworker/14:3-mm_percpu_wq
11:53:02 PM     0     45130      2.00      0.00  kworker/2:5-events
11:53:02 PM     0     45146      1.00      0.00  kworker/8:2-mm_percpu_wq
11:53:02 PM     0     45732      7.00      0.00  kworker/10:0-mm_percpu_wq
11:53:02 PM     0     46066      2.00      0.00  kworker/15:0-events
11:53:02 PM     0     48072     13.00      0.00  kworker/u32:3-gfx_low
11:53:02 PM     0     48837      3.00      0.00  kworker/1:1-events
11:53:02 PM     0     48949      3.00      0.00  kworker/0:2-events
11:53:02 PM     0     49030      1.00      0.00  kworker/4:3-mm_percpu_wq
11:53:02 PM  1000     49115      2.00      0.00  code
11:53:02 PM  1000     49237      5.00      0.00  code
11:53:02 PM  1000     49279     11.00      3.00  code
11:53:02 PM  1000     49295      2.00      0.00  code
11:53:02 PM  1000     49323      8.00      0.00  code
11:53:02 PM  1000     49758     38.00      5.00  Isolated Web Co
11:53:02 PM     0     53079      2.00      0.00  kworker/u33:1-rtw89_tx_wq
11:53:02 PM     0     56192    113.00      0.00  kworker/u32:4-events_unbound
11:53:02 PM  1000     57252      1.00      0.00  mpstat
11:53:02 PM  1000     57253      1.00      0.00  vmstat
11:53:02 PM  1000     57254      1.00      0.00  pidstat

11:53:02 PM   UID       PID    %usr %system  %guest   %wait    %CPU   CPU  Command
11:53:03 PM     0        17    0.00    1.00    0.00    0.00    1.00    11  rcu_preempt
11:53:03 PM     0      1242    1.00    1.00    0.00    0.00    2.00     9  Xorg
11:53:03 PM  1000      1501    0.00    1.00    0.00    0.00    1.00    12  pipewire-pulse
11:53:03 PM  1000      1908    4.00    1.00    0.00    0.00    5.00    12  cinnamon
11:53:03 PM  1000      2104    1.00    0.00    0.00    0.00    1.00     6  blueman-tray
11:53:03 PM  1000      2263   12.00    5.00    0.00    0.00   17.00    15  firefox-bin
11:53:03 PM  1000      2402    1.00    0.00    0.00    0.00    1.00    15  Privileged Cont
11:53:03 PM  1000      2470    1.00    0.00    0.00    0.00    1.00    13  WebExtensions
11:53:03 PM  1000      2963    4.00    1.00    0.00    0.00    5.00    14  Isolated Web Co
11:53:03 PM  1000      3003    1.00    0.00    0.00    0.00    1.00     4  Isolated Web Co
11:53:03 PM  1000      4904    1.00    0.00    0.00    0.00    1.00     4  Isolated Web Co
11:53:03 PM     0     48072    0.00    1.00    0.00    0.00    1.00     9  kworker/u32:3-gfx_low
11:53:03 PM  1000     49758   12.00    1.00    0.00    0.00   13.00    10  Isolated Web Co
11:53:03 PM     0     56192    0.00    1.00    0.00    0.00    1.00    14  kworker/u32:4-events_unbound
11:53:03 PM  1000     57254    0.00    2.00    0.00    0.00    2.00    12  pidstat
11:53:03 PM  1000     57255  200.00    0.00    0.00    0.00  200.00    15  sysbench

11:53:02 PM   UID       PID  minflt/s  majflt/s     VSZ     RSS   %MEM  Command
11:53:03 PM  1000      2263     59.00      0.00 12393576  742616   4.71  firefox-bin
11:53:03 PM  1000      2470      1.00      0.00 2501044  133728   0.85  WebExtensions
11:53:03 PM  1000      2963   2567.00      0.00 11699792  775632   4.92  Isolated Web Co
11:53:03 PM  1000      3003     93.00      0.00 2799980  313844   1.99  Isolated Web Co
11:53:03 PM  1000      4259      1.00      0.00 2779296  199140   1.26  Isolated Web Co
11:53:03 PM  1000      4446      1.00      0.00 2481044  109324   0.69  Isolated Web Co
11:53:03 PM  1000      4589     79.00      0.00 2907080  303180   1.92  Isolated Web Co
11:53:03 PM  1000      4914      1.00      0.00 2523004  139156   0.88  Isolated Web Co
11:53:03 PM  1000      5220      1.00      0.00 2482328  109128   0.69  Isolated Web Co
11:53:03 PM  1000      5469      2.00      0.00 2549176  142920   0.91  Isolated Web Co
11:53:03 PM  1000     35005      6.00      0.00 34324576  364032   2.31  chrome
11:53:03 PM  1000     35050     90.00      0.00 34734236  274280   1.74  chrome
11:53:03 PM  1000     35051     14.00      0.00 34064912  131292   0.83  chrome
11:53:03 PM  1000     49237     27.00      0.00 1480181952  385328   2.45  code
11:53:03 PM  1000     49295     12.00      0.00 1461300524  156164   0.99  code
11:53:03 PM  1000     49322      6.00      0.00 1461299592  113148   0.72  code
11:53:03 PM  1000     49323      7.00      0.00 1461316600  106864   0.68  code
11:53:03 PM  1000     49758    366.00      0.00 3265844  554860   3.52  Isolated Web Co

11:53:02 PM   UID       PID   cswch/s nvcswch/s  Command
11:53:03 PM     0        17    174.00      0.00  rcu_preempt
11:53:03 PM     0        18      1.00      0.00  migration/0
11:53:03 PM     0        29     22.00      0.00  migration/4
11:53:03 PM     0        35     18.00      0.00  migration/6
11:53:03 PM     0        41      9.00      0.00  migration/8
11:53:03 PM     0        47     11.00      0.00  migration/10
11:53:03 PM     0        53      2.00      0.00  migration/12
11:53:03 PM     0        59      7.00      0.00  migration/14
11:53:03 PM     0        60      1.00      0.00  ksoftirqd/14
11:53:03 PM     0        77      2.00      0.00  migration/5
11:53:03 PM     0        89      5.00      0.00  migration/9
11:53:03 PM     0        95      8.00      0.00  migration/11
11:53:03 PM     0       101      1.00      0.00  migration/13
11:53:03 PM     0       107      2.00      0.00  migration/15
11:53:03 PM     0       119      2.00      0.00  kcompactd0
11:53:03 PM     0       153      2.00      0.00  kworker/11:1-mld
11:53:03 PM     0       249      3.00      0.00  kworker/12:1H-kblockd
11:53:03 PM     0       367      3.00      0.00  jbd2/nvme0n1p7-8
11:53:03 PM   110       774     33.00      0.00  avahi-daemon
11:53:03 PM     0       822      8.00      0.00  touchegg
11:53:03 PM     0       884     73.00      0.00  irq/84-rtw89_pci
11:53:03 PM     0       914      2.00      0.00  NetworkManager
11:53:03 PM     0      1242    224.00      3.00  Xorg
11:53:03 PM  1000      1501    187.00     25.00  pipewire-pulse
11:53:03 PM  1000      1908    242.00      7.00  cinnamon
11:53:03 PM  1000      2104     10.00      0.00  blueman-tray
11:53:03 PM  1000      2263     81.00      2.00  firefox-bin
11:53:03 PM  1000      2352      1.00      0.00  Socket Process
11:53:03 PM  1000      2402     70.00      1.00  Privileged Cont
11:53:03 PM  1000      2470      8.00      0.00  WebExtensions
11:53:03 PM  1000      2570      5.00      0.00  Isolated Web Co
11:53:03 PM  1000      2836      1.00      0.00  Isolated Web Co
11:53:03 PM  1000      2963    160.00      5.00  Isolated Web Co
11:53:03 PM  1000      3003      4.00      0.00  Isolated Web Co
11:53:03 PM  1000      4259      4.00      0.00  Isolated Web Co
11:53:03 PM  1000      4311      1.00      0.00  Isolated Web Co
11:53:03 PM  1000      4436      1.00      0.00  Isolated Web Co
11:53:03 PM  1000      4439      1.00      0.00  Isolated Web Co
11:53:03 PM  1000      4446      1.00      0.00  Isolated Web Co
11:53:03 PM  1000      4536      1.00      0.00  Isolated Web Co
11:53:03 PM  1000      4589      5.00      0.00  Isolated Web Co
11:53:03 PM  1000      4605      1.00      0.00  Isolated Web Co
11:53:03 PM  1000      4626      1.00      0.00  Isolated Web Co
11:53:03 PM  1000      4637      1.00      0.00  Isolated Web Co
11:53:03 PM  1000      4650      1.00      1.00  Isolated Web Co
11:53:03 PM  1000      4764      1.00      0.00  Isolated Web Co
11:53:03 PM  1000      4803      4.00      0.00  Isolated Web Co
11:53:03 PM  1000      4809      1.00      0.00  Isolated Web Co
11:53:03 PM  1000      4869      4.00      0.00  Isolated Web Co
11:53:03 PM  1000      4904      1.00      0.00  Isolated Web Co
11:53:03 PM  1000      4907      1.00      0.00  Isolated Web Co
11:53:03 PM  1000      4914      1.00      0.00  Isolated Web Co
11:53:03 PM  1000      5011      1.00      1.00  Isolated Web Co
11:53:03 PM  1000      5014      1.00      0.00  Isolated Web Co
11:53:03 PM  1000      5113      1.00      0.00  Isolated Web Co
11:53:03 PM  1000      5165      1.00      0.00  Isolated Web Co
11:53:03 PM  1000      5180      1.00      0.00  Isolated Web Co
11:53:03 PM  1000      5220      1.00      0.00  Isolated Web Co
11:53:03 PM  1000      5273      1.00      0.00  Isolated Web Co
11:53:03 PM  1000      5469      4.00      0.00  Isolated Web Co
11:53:03 PM  1000      5546      1.00      0.00  Isolated Web Co
11:53:03 PM  1000      5549      2.00      0.00  Isolated Web Co
11:53:03 PM  1000      5646      4.00      0.00  Isolated Web Co
11:53:03 PM  1000      5704      1.00      0.00  Isolated Web Co
11:53:03 PM     0     22875      2.00      0.00  kworker/5:1-events
11:53:03 PM     0     27141      1.00      0.00  kworker/12:0-mm_percpu_wq
11:53:03 PM     0     30134      2.00      0.00  kworker/6:0-events
11:53:03 PM  1000     32073      5.00      0.00  Isolated Web Co
11:53:03 PM  1000     32126      1.00      0.00  Isolated Web Co
11:53:03 PM  1000     32169      4.00      0.00  Isolated Web Co
11:53:03 PM  1000     35005      7.00      0.00  chrome
11:53:03 PM  1000     35050      1.00      0.00  chrome
11:53:03 PM  1000     35051      1.00      0.00  chrome
11:53:03 PM  1000     35280      1.00      0.00  chrome
11:53:03 PM     0     39852      1.00      0.00  kworker/3:1-events_freezable
11:53:03 PM     0     45146      1.00      0.00  kworker/8:2-events
11:53:03 PM     0     45732      8.00      0.00  kworker/10:0-events
11:53:03 PM     0     46066      1.00      0.00  kworker/15:0-mm_percpu_wq
11:53:03 PM     0     48072    288.00      3.00  kworker/u32:3-gfx_low
11:53:03 PM     0     48837      3.00      0.00  kworker/1:1-events
11:53:03 PM     0     49030      1.00      0.00  kworker/4:3-mm_percpu_wq
11:53:03 PM  1000     49115      1.00      0.00  code
11:53:03 PM  1000     49237      5.00      0.00  code
11:53:03 PM  1000     49279     10.00      0.00  code
11:53:03 PM  1000     49295      3.00      0.00  code
11:53:03 PM  1000     49322      1.00      0.00  code
11:53:03 PM  1000     49323     12.00      0.00  code
11:53:03 PM  1000     49375      1.00      0.00  code
11:53:03 PM  1000     49758     69.00      9.00  Isolated Web Co
11:53:03 PM     0     53138     16.00      1.00  kworker/u32:2-gfx_low
11:53:03 PM     0     56192    177.00      0.00  kworker/u32:4-events_unbound
11:53:03 PM  1000     57252      1.00      0.00  mpstat
11:53:03 PM  1000     57253      1.00      0.00  vmstat
11:53:03 PM  1000     57254      1.00      0.00  pidstat
